
*** Running vivado
    with args -log system_axi_timer_0_0.vds -m64 -product Vivado -mode batch -messageDb vivado.pb -notrace -source system_axi_timer_0_0.tcl


****** Vivado v2016.4 (64-bit)
  **** SW Build 1756540 on Mon Jan 23 19:11:23 MST 2017
  **** IP Build 1755317 on Mon Jan 23 20:30:07 MST 2017
    ** Copyright 1986-2016 Xilinx, Inc. All Rights Reserved.

source system_axi_timer_0_0.tcl -notrace
Starting RTL Elaboration : Time (s): cpu = 00:00:07 ; elapsed = 00:00:11 . Memory (MB): peak = 337.563 ; gain = 128.082
INFO: [Synth 8-638] synthesizing module 'system_axi_timer_0_0' [d:/Vivado_workspace/vivado2016.4/Genesys-2-HDMI-2016.4-5/Genesys-2-HDMI/src/bd/system/ip/system_axi_timer_0_0/synth/system_axi_timer_0_0.vhd:87]
INFO: [Synth 8-638] synthesizing module 'axi_timer' [d:/Vivado_workspace/vivado2016.4/Genesys-2-HDMI-2016.4-5/Genesys-2-HDMI/src/bd/system/ipshared/3edf/hdl/axi_timer_v2_0_vh_rfs.vhd:2141]
INFO: [Synth 8-638] synthesizing module 'tc_core' [d:/Vivado_workspace/vivado2016.4/Genesys-2-HDMI-2016.4-5/Genesys-2-HDMI/src/bd/system/ipshared/3edf/hdl/axi_timer_v2_0_vh_rfs.vhd:1698]
INFO: [Synth 8-638] synthesizing module 'mux_onehot_f' [d:/Vivado_workspace/vivado2016.4/Genesys-2-HDMI-2016.4-5/Genesys-2-HDMI/src/bd/system/ipshared/3edf/hdl/axi_timer_v2_0_vh_rfs.vhd:365]
INFO: [Synth 8-638] synthesizing module 'MUXCY' [C:/Xilinx/Vivado/2016.4/scripts/rt/data/unisim_comp.v:21268]
INFO: [Synth 8-256] done synthesizing module 'MUXCY' (1#1) [C:/Xilinx/Vivado/2016.4/scripts/rt/data/unisim_comp.v:21268]
INFO: [Synth 8-256] done synthesizing module 'mux_onehot_f' (2#1) [d:/Vivado_workspace/vivado2016.4/Genesys-2-HDMI-2016.4-5/Genesys-2-HDMI/src/bd/system/ipshared/3edf/hdl/axi_timer_v2_0_vh_rfs.vhd:365]
INFO: [Synth 8-638] synthesizing module 'count_module' [d:/Vivado_workspace/vivado2016.4/Genesys-2-HDMI-2016.4-5/Genesys-2-HDMI/src/bd/system/ipshared/3edf/hdl/axi_timer_v2_0_vh_rfs.vhd:1434]
INFO: [Synth 8-638] synthesizing module 'counter_f' [d:/Vivado_workspace/vivado2016.4/Genesys-2-HDMI-2016.4-5/Genesys-2-HDMI/src/bd/system/ipshared/3edf/hdl/axi_timer_v2_0_vh_rfs.vhd:148]
INFO: [Synth 8-256] done synthesizing module 'counter_f' (3#1) [d:/Vivado_workspace/vivado2016.4/Genesys-2-HDMI-2016.4-5/Genesys-2-HDMI/src/bd/system/ipshared/3edf/hdl/axi_timer_v2_0_vh_rfs.vhd:148]
INFO: [Synth 8-256] done synthesizing module 'count_module' (4#1) [d:/Vivado_workspace/vivado2016.4/Genesys-2-HDMI-2016.4-5/Genesys-2-HDMI/src/bd/system/ipshared/3edf/hdl/axi_timer_v2_0_vh_rfs.vhd:1434]
INFO: [Synth 8-638] synthesizing module 'timer_control' [d:/Vivado_workspace/vivado2016.4/Genesys-2-HDMI-2016.4-5/Genesys-2-HDMI/src/bd/system/ipshared/3edf/hdl/axi_timer_v2_0_vh_rfs.vhd:835]
INFO: [Synth 8-638] synthesizing module 'cdc_sync' [d:/Vivado_workspace/vivado2016.4/Genesys-2-HDMI-2016.4-5/Genesys-2-HDMI/src/bd/system/ipshared/52cb/hdl/lib_cdc_v1_0_rfs.vhd:106]
INFO: [Synth 8-256] done synthesizing module 'cdc_sync' (5#1) [d:/Vivado_workspace/vivado2016.4/Genesys-2-HDMI-2016.4-5/Genesys-2-HDMI/src/bd/system/ipshared/52cb/hdl/lib_cdc_v1_0_rfs.vhd:106]
INFO: [Synth 8-256] done synthesizing module 'timer_control' (6#1) [d:/Vivado_workspace/vivado2016.4/Genesys-2-HDMI-2016.4-5/Genesys-2-HDMI/src/bd/system/ipshared/3edf/hdl/axi_timer_v2_0_vh_rfs.vhd:835]
INFO: [Synth 8-256] done synthesizing module 'tc_core' (7#1) [d:/Vivado_workspace/vivado2016.4/Genesys-2-HDMI-2016.4-5/Genesys-2-HDMI/src/bd/system/ipshared/3edf/hdl/axi_timer_v2_0_vh_rfs.vhd:1698]
INFO: [Synth 8-638] synthesizing module 'axi_lite_ipif' [d:/Vivado_workspace/vivado2016.4/Genesys-2-HDMI-2016.4-5/Genesys-2-HDMI/src/bd/system/ipshared/0ba0/hdl/axi_lite_ipif_v3_0_vh_rfs.vhd:2948]
INFO: [Synth 8-638] synthesizing module 'slave_attachment' [d:/Vivado_workspace/vivado2016.4/Genesys-2-HDMI-2016.4-5/Genesys-2-HDMI/src/bd/system/ipshared/0ba0/hdl/axi_lite_ipif_v3_0_vh_rfs.vhd:2341]
INFO: [Synth 8-638] synthesizing module 'address_decoder' [d:/Vivado_workspace/vivado2016.4/Genesys-2-HDMI-2016.4-5/Genesys-2-HDMI/src/bd/system/ipshared/0ba0/hdl/axi_lite_ipif_v3_0_vh_rfs.vhd:1775]
INFO: [Synth 8-638] synthesizing module 'pselect_f' [d:/Vivado_workspace/vivado2016.4/Genesys-2-HDMI-2016.4-5/Genesys-2-HDMI/src/bd/system/ipshared/0ba0/hdl/axi_lite_ipif_v3_0_vh_rfs.vhd:1534]
INFO: [Synth 8-256] done synthesizing module 'pselect_f' (8#1) [d:/Vivado_workspace/vivado2016.4/Genesys-2-HDMI-2016.4-5/Genesys-2-HDMI/src/bd/system/ipshared/0ba0/hdl/axi_lite_ipif_v3_0_vh_rfs.vhd:1534]
INFO: [Synth 8-638] synthesizing module 'pselect_f__parameterized0' [d:/Vivado_workspace/vivado2016.4/Genesys-2-HDMI-2016.4-5/Genesys-2-HDMI/src/bd/system/ipshared/0ba0/hdl/axi_lite_ipif_v3_0_vh_rfs.vhd:1534]
INFO: [Synth 8-256] done synthesizing module 'pselect_f__parameterized0' (8#1) [d:/Vivado_workspace/vivado2016.4/Genesys-2-HDMI-2016.4-5/Genesys-2-HDMI/src/bd/system/ipshared/0ba0/hdl/axi_lite_ipif_v3_0_vh_rfs.vhd:1534]
INFO: [Synth 8-638] synthesizing module 'pselect_f__parameterized1' [d:/Vivado_workspace/vivado2016.4/Genesys-2-HDMI-2016.4-5/Genesys-2-HDMI/src/bd/system/ipshared/0ba0/hdl/axi_lite_ipif_v3_0_vh_rfs.vhd:1534]
INFO: [Synth 8-256] done synthesizing module 'pselect_f__parameterized1' (8#1) [d:/Vivado_workspace/vivado2016.4/Genesys-2-HDMI-2016.4-5/Genesys-2-HDMI/src/bd/system/ipshared/0ba0/hdl/axi_lite_ipif_v3_0_vh_rfs.vhd:1534]
INFO: [Synth 8-638] synthesizing module 'pselect_f__parameterized2' [d:/Vivado_workspace/vivado2016.4/Genesys-2-HDMI-2016.4-5/Genesys-2-HDMI/src/bd/system/ipshared/0ba0/hdl/axi_lite_ipif_v3_0_vh_rfs.vhd:1534]
INFO: [Synth 8-256] done synthesizing module 'pselect_f__parameterized2' (8#1) [d:/Vivado_workspace/vivado2016.4/Genesys-2-HDMI-2016.4-5/Genesys-2-HDMI/src/bd/system/ipshared/0ba0/hdl/axi_lite_ipif_v3_0_vh_rfs.vhd:1534]
INFO: [Synth 8-638] synthesizing module 'pselect_f__parameterized3' [d:/Vivado_workspace/vivado2016.4/Genesys-2-HDMI-2016.4-5/Genesys-2-HDMI/src/bd/system/ipshared/0ba0/hdl/axi_lite_ipif_v3_0_vh_rfs.vhd:1534]
INFO: [Synth 8-256] done synthesizing module 'pselect_f__parameterized3' (8#1) [d:/Vivado_workspace/vivado2016.4/Genesys-2-HDMI-2016.4-5/Genesys-2-HDMI/src/bd/system/ipshared/0ba0/hdl/axi_lite_ipif_v3_0_vh_rfs.vhd:1534]
INFO: [Synth 8-638] synthesizing module 'pselect_f__parameterized4' [d:/Vivado_workspace/vivado2016.4/Genesys-2-HDMI-2016.4-5/Genesys-2-HDMI/src/bd/system/ipshared/0ba0/hdl/axi_lite_ipif_v3_0_vh_rfs.vhd:1534]
INFO: [Synth 8-256] done synthesizing module 'pselect_f__parameterized4' (8#1) [d:/Vivado_workspace/vivado2016.4/Genesys-2-HDMI-2016.4-5/Genesys-2-HDMI/src/bd/system/ipshared/0ba0/hdl/axi_lite_ipif_v3_0_vh_rfs.vhd:1534]
INFO: [Synth 8-638] synthesizing module 'pselect_f__parameterized5' [d:/Vivado_workspace/vivado2016.4/Genesys-2-HDMI-2016.4-5/Genesys-2-HDMI/src/bd/system/ipshared/0ba0/hdl/axi_lite_ipif_v3_0_vh_rfs.vhd:1534]
INFO: [Synth 8-256] done synthesizing module 'pselect_f__parameterized5' (8#1) [d:/Vivado_workspace/vivado2016.4/Genesys-2-HDMI-2016.4-5/Genesys-2-HDMI/src/bd/system/ipshared/0ba0/hdl/axi_lite_ipif_v3_0_vh_rfs.vhd:1534]
INFO: [Synth 8-638] synthesizing module 'pselect_f__parameterized6' [d:/Vivado_workspace/vivado2016.4/Genesys-2-HDMI-2016.4-5/Genesys-2-HDMI/src/bd/system/ipshared/0ba0/hdl/axi_lite_ipif_v3_0_vh_rfs.vhd:1534]
INFO: [Synth 8-256] done synthesizing module 'pselect_f__parameterized6' (8#1) [d:/Vivado_workspace/vivado2016.4/Genesys-2-HDMI-2016.4-5/Genesys-2-HDMI/src/bd/system/ipshared/0ba0/hdl/axi_lite_ipif_v3_0_vh_rfs.vhd:1534]
INFO: [Synth 8-256] done synthesizing module 'address_decoder' (9#1) [d:/Vivado_workspace/vivado2016.4/Genesys-2-HDMI-2016.4-5/Genesys-2-HDMI/src/bd/system/ipshared/0ba0/hdl/axi_lite_ipif_v3_0_vh_rfs.vhd:1775]
INFO: [Synth 8-256] done synthesizing module 'slave_attachment' (10#1) [d:/Vivado_workspace/vivado2016.4/Genesys-2-HDMI-2016.4-5/Genesys-2-HDMI/src/bd/system/ipshared/0ba0/hdl/axi_lite_ipif_v3_0_vh_rfs.vhd:2341]
INFO: [Synth 8-256] done synthesizing module 'axi_lite_ipif' (11#1) [d:/Vivado_workspace/vivado2016.4/Genesys-2-HDMI-2016.4-5/Genesys-2-HDMI/src/bd/system/ipshared/0ba0/hdl/axi_lite_ipif_v3_0_vh_rfs.vhd:2948]
INFO: [Synth 8-256] done synthesizing module 'axi_timer' (12#1) [d:/Vivado_workspace/vivado2016.4/Genesys-2-HDMI-2016.4-5/Genesys-2-HDMI/src/bd/system/ipshared/3edf/hdl/axi_timer_v2_0_vh_rfs.vhd:2141]
INFO: [Synth 8-256] done synthesizing module 'system_axi_timer_0_0' (13#1) [d:/Vivado_workspace/vivado2016.4/Genesys-2-HDMI-2016.4-5/Genesys-2-HDMI/src/bd/system/ip/system_axi_timer_0_0/synth/system_axi_timer_0_0.vhd:87]
Finished RTL Elaboration : Time (s): cpu = 00:00:08 ; elapsed = 00:00:13 . Memory (MB): peak = 376.816 ; gain = 167.336
Finished RTL Optimization Phase 1 : Time (s): cpu = 00:00:09 ; elapsed = 00:00:13 . Memory (MB): peak = 376.816 ; gain = 167.336
INFO: [Device 21-403] Loading part xc7k325tffg900-2
Constraint Validation Runtime : Time (s): cpu = 00:00:00 ; elapsed = 00:00:00.027 . Memory (MB): peak = 725.207 ; gain = 0.000
Finished Constraint Validation : Time (s): cpu = 00:00:19 ; elapsed = 00:00:24 . Memory (MB): peak = 725.207 ; gain = 515.727
Finished Loading Part and Timing Information : Time (s): cpu = 00:00:19 ; elapsed = 00:00:24 . Memory (MB): peak = 725.207 ; gain = 515.727
Finished applying 'set_property' XDC Constraints : Time (s): cpu = 00:00:19 ; elapsed = 00:00:24 . Memory (MB): peak = 725.207 ; gain = 515.727
Finished RTL Optimization Phase 2 : Time (s): cpu = 00:00:20 ; elapsed = 00:00:25 . Memory (MB): peak = 725.207 ; gain = 515.727
Finished Cross Boundary and Area Optimization : Time (s): cpu = 00:00:21 ; elapsed = 00:00:27 . Memory (MB): peak = 725.207 ; gain = 515.727
Finished Applying XDC Timing Constraints : Time (s): cpu = 00:00:31 ; elapsed = 00:00:37 . Memory (MB): peak = 725.207 ; gain = 515.727
Finished Timing Optimization : Time (s): cpu = 00:00:32 ; elapsed = 00:00:38 . Memory (MB): peak = 725.207 ; gain = 515.727
Finished Technology Mapping : Time (s): cpu = 00:00:32 ; elapsed = 00:00:38 . Memory (MB): peak = 725.207 ; gain = 515.727
Finished IO Insertion : Time (s): cpu = 00:00:32 ; elapsed = 00:00:38 . Memory (MB): peak = 725.207 ; gain = 515.727
Finished Renaming Generated Instances : Time (s): cpu = 00:00:32 ; elapsed = 00:00:39 . Memory (MB): peak = 725.207 ; gain = 515.727
Finished Rebuilding User Hierarchy : Time (s): cpu = 00:00:33 ; elapsed = 00:00:39 . Memory (MB): peak = 725.207 ; gain = 515.727
Finished Renaming Generated Ports : Time (s): cpu = 00:00:33 ; elapsed = 00:00:39 . Memory (MB): peak = 725.207 ; gain = 515.727
Finished Handling Custom Attributes : Time (s): cpu = 00:00:33 ; elapsed = 00:00:39 . Memory (MB): peak = 725.207 ; gain = 515.727
Finished Renaming Generated Nets : Time (s): cpu = 00:00:33 ; elapsed = 00:00:39 . Memory (MB): peak = 725.207 ; gain = 515.727

Report Cell Usage: 
+------+-------+------+
|      |Cell   |Count |
+------+-------+------+
|1     |CARRY4 |    16|
|2     |LUT1   |     6|
|3     |LUT2   |    82|
|4     |LUT3   |    97|
|5     |LUT4   |    81|
|6     |LUT5   |    22|
|7     |LUT6   |    63|
|8     |MUXCY  |    64|
|9     |FDR    |    12|
|10    |FDRE   |   228|
+------+-------+------+
Finished Writing Synthesis Report : Time (s): cpu = 00:00:33 ; elapsed = 00:00:39 . Memory (MB): peak = 725.207 ; gain = 515.727
synth_design: Time (s): cpu = 00:00:32 ; elapsed = 00:00:34 . Memory (MB): peak = 727.672 ; gain = 474.465
