
*** Running vivado
    with args -log system_mig_7series_0_0.vds -m64 -product Vivado -mode batch -messageDb vivado.pb -notrace -source system_mig_7series_0_0.tcl


****** Vivado v2016.4 (64-bit)
  **** SW Build 1756540 on Mon Jan 23 19:11:23 MST 2017
  **** IP Build 1755317 on Mon Jan 23 20:30:07 MST 2017
    ** Copyright 1986-2016 Xilinx, Inc. All Rights Reserved.

source system_mig_7series_0_0.tcl -notrace
Starting RTL Elaboration : Time (s): cpu = 00:00:10 ; elapsed = 00:00:16 . Memory (MB): peak = 377.746 ; gain = 168.250
INFO: [Synth 8-638] synthesizing module 'system_mig_7series_0_0' [d:/Vivado_workspace/vivado2016.4/Genesys-2-HDMI-2016.4-5/Genesys-2-HDMI/src/bd/system/ip/system_mig_7series_0_0/system_mig_7series_0_0/user_design/rtl/system_mig_7series_0_0.v:70]
INFO: [Synth 8-638] synthesizing module 'system_mig_7series_0_0_mig' [d:/Vivado_workspace/vivado2016.4/Genesys-2-HDMI-2016.4-5/Genesys-2-HDMI/src/bd/system/ip/system_mig_7series_0_0/system_mig_7series_0_0/user_design/rtl/system_mig_7series_0_0_mig.v:75]
INFO: [Synth 8-638] synthesizing module 'mig_7series_v4_0_tempmon' [d:/Vivado_workspace/vivado2016.4/Genesys-2-HDMI-2016.4-5/Genesys-2-HDMI/src/bd/system/ip/system_mig_7series_0_0/system_mig_7series_0_0/user_design/rtl/clocking/mig_7series_v4_0_tempmon.v:69]
INFO: [Synth 8-638] synthesizing module 'XADC' [C:/Xilinx/Vivado/2016.4/scripts/rt/data/unisim_comp.v:45150]
INFO: [Synth 8-256] done synthesizing module 'XADC' (1#1) [C:/Xilinx/Vivado/2016.4/scripts/rt/data/unisim_comp.v:45150]
INFO: [Synth 8-256] done synthesizing module 'mig_7series_v4_0_tempmon' (2#1) [d:/Vivado_workspace/vivado2016.4/Genesys-2-HDMI-2016.4-5/Genesys-2-HDMI/src/bd/system/ip/system_mig_7series_0_0/system_mig_7series_0_0/user_design/rtl/clocking/mig_7series_v4_0_tempmon.v:69]
INFO: [Synth 8-638] synthesizing module 'mig_7series_v4_0_iodelay_ctrl' [d:/Vivado_workspace/vivado2016.4/Genesys-2-HDMI-2016.4-5/Genesys-2-HDMI/src/bd/system/ip/system_mig_7series_0_0/system_mig_7series_0_0/user_design/rtl/clocking/mig_7series_v4_0_iodelay_ctrl.v:80]
INFO: [Synth 8-638] synthesizing module 'BUFG' [C:/Xilinx/Vivado/2016.4/scripts/rt/data/unisim_comp.v:607]
INFO: [Synth 8-256] done synthesizing module 'BUFG' (3#1) [C:/Xilinx/Vivado/2016.4/scripts/rt/data/unisim_comp.v:607]
INFO: [Synth 8-638] synthesizing module 'IDELAYCTRL' [C:/Xilinx/Vivado/2016.4/scripts/rt/data/unisim_comp.v:16182]
INFO: [Synth 8-256] done synthesizing module 'IDELAYCTRL' (4#1) [C:/Xilinx/Vivado/2016.4/scripts/rt/data/unisim_comp.v:16182]
INFO: [Synth 8-256] done synthesizing module 'mig_7series_v4_0_iodelay_ctrl' (5#1) [d:/Vivado_workspace/vivado2016.4/Genesys-2-HDMI-2016.4-5/Genesys-2-HDMI/src/bd/system/ip/system_mig_7series_0_0/system_mig_7series_0_0/user_design/rtl/clocking/mig_7series_v4_0_iodelay_ctrl.v:80]
INFO: [Synth 8-638] synthesizing module 'mig_7series_v4_0_clk_ibuf' [d:/Vivado_workspace/vivado2016.4/Genesys-2-HDMI-2016.4-5/Genesys-2-HDMI/src/bd/system/ip/system_mig_7series_0_0/system_mig_7series_0_0/user_design/rtl/clocking/mig_7series_v4_0_clk_ibuf.v:68]
INFO: [Synth 8-638] synthesizing module 'IBUFGDS' [C:/Xilinx/Vivado/2016.4/scripts/rt/data/unisim_comp.v:14584]
INFO: [Synth 8-256] done synthesizing module 'IBUFGDS' (6#1) [C:/Xilinx/Vivado/2016.4/scripts/rt/data/unisim_comp.v:14584]
INFO: [Synth 8-256] done synthesizing module 'mig_7series_v4_0_clk_ibuf' (7#1) [d:/Vivado_workspace/vivado2016.4/Genesys-2-HDMI-2016.4-5/Genesys-2-HDMI/src/bd/system/ip/system_mig_7series_0_0/system_mig_7series_0_0/user_design/rtl/clocking/mig_7series_v4_0_clk_ibuf.v:68]
INFO: [Synth 8-638] synthesizing module 'mig_7series_v4_0_infrastructure' [d:/Vivado_workspace/vivado2016.4/Genesys-2-HDMI-2016.4-5/Genesys-2-HDMI/src/bd/system/ip/system_mig_7series_0_0/system_mig_7series_0_0/user_design/rtl/clocking/mig_7series_v4_0_infrastructure.v:78]
INFO: [Synth 8-638] synthesizing module 'MMCME2_ADV' [C:/Xilinx/Vivado/2016.4/scripts/rt/data/unisim_comp.v:20414]
INFO: [Synth 8-256] done synthesizing module 'MMCME2_ADV' (8#1) [C:/Xilinx/Vivado/2016.4/scripts/rt/data/unisim_comp.v:20414]
INFO: [Synth 8-638] synthesizing module 'PLLE2_ADV' [C:/Xilinx/Vivado/2016.4/scripts/rt/data/unisim_comp.v:32674]
INFO: [Synth 8-256] done synthesizing module 'PLLE2_ADV' (9#1) [C:/Xilinx/Vivado/2016.4/scripts/rt/data/unisim_comp.v:32674]
INFO: [Synth 8-638] synthesizing module 'BUFH' [C:/Xilinx/Vivado/2016.4/scripts/rt/data/unisim_comp.v:806]
INFO: [Synth 8-256] done synthesizing module 'BUFH' (10#1) [C:/Xilinx/Vivado/2016.4/scripts/rt/data/unisim_comp.v:806]
INFO: [Synth 8-256] done synthesizing module 'mig_7series_v4_0_infrastructure' (11#1) [d:/Vivado_workspace/vivado2016.4/Genesys-2-HDMI-2016.4-5/Genesys-2-HDMI/src/bd/system/ip/system_mig_7series_0_0/system_mig_7series_0_0/user_design/rtl/clocking/mig_7series_v4_0_infrastructure.v:78]
INFO: [Synth 8-638] synthesizing module 'mig_7series_v4_0_memc_ui_top_axi' [d:/Vivado_workspace/vivado2016.4/Genesys-2-HDMI-2016.4-5/Genesys-2-HDMI/src/bd/system/ip/system_mig_7series_0_0/system_mig_7series_0_0/user_design/rtl/ip_top/mig_7series_v4_0_memc_ui_top_axi.v:72]
INFO: [Synth 8-638] synthesizing module 'mig_7series_v4_0_mem_intfc' [d:/Vivado_workspace/vivado2016.4/Genesys-2-HDMI-2016.4-5/Genesys-2-HDMI/src/bd/system/ip/system_mig_7series_0_0/system_mig_7series_0_0/user_design/rtl/ip_top/mig_7series_v4_0_mem_intfc.v:70]
INFO: [Synth 8-638] synthesizing module 'mig_7series_v4_0_mc' [d:/Vivado_workspace/vivado2016.4/Genesys-2-HDMI-2016.4-5/Genesys-2-HDMI/src/bd/system/ip/system_mig_7series_0_0/system_mig_7series_0_0/user_design/rtl/controller/mig_7series_v4_0_mc.v:73]
INFO: [Synth 8-638] synthesizing module 'mig_7series_v4_0_rank_mach' [d:/Vivado_workspace/vivado2016.4/Genesys-2-HDMI-2016.4-5/Genesys-2-HDMI/src/bd/system/ip/system_mig_7series_0_0/system_mig_7series_0_0/user_design/rtl/controller/mig_7series_v4_0_rank_mach.v:71]
INFO: [Synth 8-638] synthesizing module 'mig_7series_v4_0_rank_cntrl' [d:/Vivado_workspace/vivado2016.4/Genesys-2-HDMI-2016.4-5/Genesys-2-HDMI/src/bd/system/ip/system_mig_7series_0_0/system_mig_7series_0_0/user_design/rtl/controller/mig_7series_v4_0_rank_cntrl.v:79]
INFO: [Synth 8-638] synthesizing module 'SRLC32E' [C:/Xilinx/Vivado/2016.4/scripts/rt/data/unisim_comp.v:43478]
INFO: [Synth 8-256] done synthesizing module 'SRLC32E' (12#1) [C:/Xilinx/Vivado/2016.4/scripts/rt/data/unisim_comp.v:43478]
INFO: [Synth 8-256] done synthesizing module 'mig_7series_v4_0_rank_cntrl' (13#1) [d:/Vivado_workspace/vivado2016.4/Genesys-2-HDMI-2016.4-5/Genesys-2-HDMI/src/bd/system/ip/system_mig_7series_0_0/system_mig_7series_0_0/user_design/rtl/controller/mig_7series_v4_0_rank_cntrl.v:79]
INFO: [Synth 8-638] synthesizing module 'mig_7series_v4_0_rank_common' [d:/Vivado_workspace/vivado2016.4/Genesys-2-HDMI-2016.4-5/Genesys-2-HDMI/src/bd/system/ip/system_mig_7series_0_0/system_mig_7series_0_0/user_design/rtl/controller/mig_7series_v4_0_rank_common.v:72]
INFO: [Synth 8-638] synthesizing module 'mig_7series_v4_0_round_robin_arb' [d:/Vivado_workspace/vivado2016.4/Genesys-2-HDMI-2016.4-5/Genesys-2-HDMI/src/bd/system/ip/system_mig_7series_0_0/system_mig_7series_0_0/user_design/rtl/controller/mig_7series_v4_0_round_robin_arb.v:121]
INFO: [Synth 8-256] done synthesizing module 'mig_7series_v4_0_round_robin_arb' (14#1) [d:/Vivado_workspace/vivado2016.4/Genesys-2-HDMI-2016.4-5/Genesys-2-HDMI/src/bd/system/ip/system_mig_7series_0_0/system_mig_7series_0_0/user_design/rtl/controller/mig_7series_v4_0_round_robin_arb.v:121]
INFO: [Synth 8-638] synthesizing module 'mig_7series_v4_0_round_robin_arb__parameterized0' [d:/Vivado_workspace/vivado2016.4/Genesys-2-HDMI-2016.4-5/Genesys-2-HDMI/src/bd/system/ip/system_mig_7series_0_0/system_mig_7series_0_0/user_design/rtl/controller/mig_7series_v4_0_round_robin_arb.v:121]
INFO: [Synth 8-256] done synthesizing module 'mig_7series_v4_0_round_robin_arb__parameterized0' (14#1) [d:/Vivado_workspace/vivado2016.4/Genesys-2-HDMI-2016.4-5/Genesys-2-HDMI/src/bd/system/ip/system_mig_7series_0_0/system_mig_7series_0_0/user_design/rtl/controller/mig_7series_v4_0_round_robin_arb.v:121]
INFO: [Synth 8-256] done synthesizing module 'mig_7series_v4_0_rank_common' (15#1) [d:/Vivado_workspace/vivado2016.4/Genesys-2-HDMI-2016.4-5/Genesys-2-HDMI/src/bd/system/ip/system_mig_7series_0_0/system_mig_7series_0_0/user_design/rtl/controller/mig_7series_v4_0_rank_common.v:72]
INFO: [Synth 8-256] done synthesizing module 'mig_7series_v4_0_rank_mach' (16#1) [d:/Vivado_workspace/vivado2016.4/Genesys-2-HDMI-2016.4-5/Genesys-2-HDMI/src/bd/system/ip/system_mig_7series_0_0/system_mig_7series_0_0/user_design/rtl/controller/mig_7series_v4_0_rank_mach.v:71]
INFO: [Synth 8-638] synthesizing module 'mig_7series_v4_0_bank_mach' [d:/Vivado_workspace/vivado2016.4/Genesys-2-HDMI-2016.4-5/Genesys-2-HDMI/src/bd/system/ip/system_mig_7series_0_0/system_mig_7series_0_0/user_design/rtl/controller/mig_7series_v4_0_bank_mach.v:72]
INFO: [Synth 8-638] synthesizing module 'mig_7series_v4_0_bank_cntrl' [d:/Vivado_workspace/vivado2016.4/Genesys-2-HDMI-2016.4-5/Genesys-2-HDMI/src/bd/system/ip/system_mig_7series_0_0/system_mig_7series_0_0/user_design/rtl/controller/mig_7series_v4_0_bank_cntrl.v:70]
INFO: [Synth 8-638] synthesizing module 'mig_7series_v4_0_bank_compare' [d:/Vivado_workspace/vivado2016.4/Genesys-2-HDMI-2016.4-5/Genesys-2-HDMI/src/bd/system/ip/system_mig_7series_0_0/system_mig_7series_0_0/user_design/rtl/controller/mig_7series_v4_0_bank_compare.v:74]
INFO: [Synth 8-256] done synthesizing module 'mig_7series_v4_0_bank_compare' (17#1) [d:/Vivado_workspace/vivado2016.4/Genesys-2-HDMI-2016.4-5/Genesys-2-HDMI/src/bd/system/ip/system_mig_7series_0_0/system_mig_7series_0_0/user_design/rtl/controller/mig_7series_v4_0_bank_compare.v:74]
INFO: [Synth 8-638] synthesizing module 'mig_7series_v4_0_bank_state' [d:/Vivado_workspace/vivado2016.4/Genesys-2-HDMI-2016.4-5/Genesys-2-HDMI/src/bd/system/ip/system_mig_7series_0_0/system_mig_7series_0_0/user_design/rtl/controller/mig_7series_v4_0_bank_state.v:141]
INFO: [Synth 8-256] done synthesizing module 'mig_7series_v4_0_bank_state' (18#1) [d:/Vivado_workspace/vivado2016.4/Genesys-2-HDMI-2016.4-5/Genesys-2-HDMI/src/bd/system/ip/system_mig_7series_0_0/system_mig_7series_0_0/user_design/rtl/controller/mig_7series_v4_0_bank_state.v:141]
INFO: [Synth 8-638] synthesizing module 'mig_7series_v4_0_bank_queue' [d:/Vivado_workspace/vivado2016.4/Genesys-2-HDMI-2016.4-5/Genesys-2-HDMI/src/bd/system/ip/system_mig_7series_0_0/system_mig_7series_0_0/user_design/rtl/controller/mig_7series_v4_0_bank_queue.v:174]
INFO: [Synth 8-256] done synthesizing module 'mig_7series_v4_0_bank_queue' (19#1) [d:/Vivado_workspace/vivado2016.4/Genesys-2-HDMI-2016.4-5/Genesys-2-HDMI/src/bd/system/ip/system_mig_7series_0_0/system_mig_7series_0_0/user_design/rtl/controller/mig_7series_v4_0_bank_queue.v:174]
INFO: [Synth 8-256] done synthesizing module 'mig_7series_v4_0_bank_cntrl' (20#1) [d:/Vivado_workspace/vivado2016.4/Genesys-2-HDMI-2016.4-5/Genesys-2-HDMI/src/bd/system/ip/system_mig_7series_0_0/system_mig_7series_0_0/user_design/rtl/controller/mig_7series_v4_0_bank_cntrl.v:70]
INFO: [Synth 8-638] synthesizing module 'mig_7series_v4_0_bank_cntrl__parameterized0' [d:/Vivado_workspace/vivado2016.4/Genesys-2-HDMI-2016.4-5/Genesys-2-HDMI/src/bd/system/ip/system_mig_7series_0_0/system_mig_7series_0_0/user_design/rtl/controller/mig_7series_v4_0_bank_cntrl.v:70]
INFO: [Synth 8-638] synthesizing module 'mig_7series_v4_0_bank_state__parameterized0' [d:/Vivado_workspace/vivado2016.4/Genesys-2-HDMI-2016.4-5/Genesys-2-HDMI/src/bd/system/ip/system_mig_7series_0_0/system_mig_7series_0_0/user_design/rtl/controller/mig_7series_v4_0_bank_state.v:141]
INFO: [Synth 8-256] done synthesizing module 'mig_7series_v4_0_bank_state__parameterized0' (20#1) [d:/Vivado_workspace/vivado2016.4/Genesys-2-HDMI-2016.4-5/Genesys-2-HDMI/src/bd/system/ip/system_mig_7series_0_0/system_mig_7series_0_0/user_design/rtl/controller/mig_7series_v4_0_bank_state.v:141]
INFO: [Synth 8-638] synthesizing module 'mig_7series_v4_0_bank_queue__parameterized0' [d:/Vivado_workspace/vivado2016.4/Genesys-2-HDMI-2016.4-5/Genesys-2-HDMI/src/bd/system/ip/system_mig_7series_0_0/system_mig_7series_0_0/user_design/rtl/controller/mig_7series_v4_0_bank_queue.v:174]
INFO: [Synth 8-256] done synthesizing module 'mig_7series_v4_0_bank_queue__parameterized0' (20#1) [d:/Vivado_workspace/vivado2016.4/Genesys-2-HDMI-2016.4-5/Genesys-2-HDMI/src/bd/system/ip/system_mig_7series_0_0/system_mig_7series_0_0/user_design/rtl/controller/mig_7series_v4_0_bank_queue.v:174]
INFO: [Synth 8-256] done synthesizing module 'mig_7series_v4_0_bank_cntrl__parameterized0' (20#1) [d:/Vivado_workspace/vivado2016.4/Genesys-2-HDMI-2016.4-5/Genesys-2-HDMI/src/bd/system/ip/system_mig_7series_0_0/system_mig_7series_0_0/user_design/rtl/controller/mig_7series_v4_0_bank_cntrl.v:70]
INFO: [Synth 8-638] synthesizing module 'mig_7series_v4_0_bank_cntrl__parameterized1' [d:/Vivado_workspace/vivado2016.4/Genesys-2-HDMI-2016.4-5/Genesys-2-HDMI/src/bd/system/ip/system_mig_7series_0_0/system_mig_7series_0_0/user_design/rtl/controller/mig_7series_v4_0_bank_cntrl.v:70]
INFO: [Synth 8-638] synthesizing module 'mig_7series_v4_0_bank_state__parameterized1' [d:/Vivado_workspace/vivado2016.4/Genesys-2-HDMI-2016.4-5/Genesys-2-HDMI/src/bd/system/ip/system_mig_7series_0_0/system_mig_7series_0_0/user_design/rtl/controller/mig_7series_v4_0_bank_state.v:141]
INFO: [Synth 8-256] done synthesizing module 'mig_7series_v4_0_bank_state__parameterized1' (20#1) [d:/Vivado_workspace/vivado2016.4/Genesys-2-HDMI-2016.4-5/Genesys-2-HDMI/src/bd/system/ip/system_mig_7series_0_0/system_mig_7series_0_0/user_design/rtl/controller/mig_7series_v4_0_bank_state.v:141]
INFO: [Synth 8-638] synthesizing module 'mig_7series_v4_0_bank_queue__parameterized1' [d:/Vivado_workspace/vivado2016.4/Genesys-2-HDMI-2016.4-5/Genesys-2-HDMI/src/bd/system/ip/system_mig_7series_0_0/system_mig_7series_0_0/user_design/rtl/controller/mig_7series_v4_0_bank_queue.v:174]
INFO: [Synth 8-256] done synthesizing module 'mig_7series_v4_0_bank_queue__parameterized1' (20#1) [d:/Vivado_workspace/vivado2016.4/Genesys-2-HDMI-2016.4-5/Genesys-2-HDMI/src/bd/system/ip/system_mig_7series_0_0/system_mig_7series_0_0/user_design/rtl/controller/mig_7series_v4_0_bank_queue.v:174]
INFO: [Synth 8-256] done synthesizing module 'mig_7series_v4_0_bank_cntrl__parameterized1' (20#1) [d:/Vivado_workspace/vivado2016.4/Genesys-2-HDMI-2016.4-5/Genesys-2-HDMI/src/bd/system/ip/system_mig_7series_0_0/system_mig_7series_0_0/user_design/rtl/controller/mig_7series_v4_0_bank_cntrl.v:70]
INFO: [Synth 8-638] synthesizing module 'mig_7series_v4_0_bank_cntrl__parameterized2' [d:/Vivado_workspace/vivado2016.4/Genesys-2-HDMI-2016.4-5/Genesys-2-HDMI/src/bd/system/ip/system_mig_7series_0_0/system_mig_7series_0_0/user_design/rtl/controller/mig_7series_v4_0_bank_cntrl.v:70]
INFO: [Synth 8-638] synthesizing module 'mig_7series_v4_0_bank_state__parameterized2' [d:/Vivado_workspace/vivado2016.4/Genesys-2-HDMI-2016.4-5/Genesys-2-HDMI/src/bd/system/ip/system_mig_7series_0_0/system_mig_7series_0_0/user_design/rtl/controller/mig_7series_v4_0_bank_state.v:141]
INFO: [Synth 8-256] done synthesizing module 'mig_7series_v4_0_bank_state__parameterized2' (20#1) [d:/Vivado_workspace/vivado2016.4/Genesys-2-HDMI-2016.4-5/Genesys-2-HDMI/src/bd/system/ip/system_mig_7series_0_0/system_mig_7series_0_0/user_design/rtl/controller/mig_7series_v4_0_bank_state.v:141]
INFO: [Synth 8-638] synthesizing module 'mig_7series_v4_0_bank_queue__parameterized2' [d:/Vivado_workspace/vivado2016.4/Genesys-2-HDMI-2016.4-5/Genesys-2-HDMI/src/bd/system/ip/system_mig_7series_0_0/system_mig_7series_0_0/user_design/rtl/controller/mig_7series_v4_0_bank_queue.v:174]
INFO: [Synth 8-256] done synthesizing module 'mig_7series_v4_0_bank_queue__parameterized2' (20#1) [d:/Vivado_workspace/vivado2016.4/Genesys-2-HDMI-2016.4-5/Genesys-2-HDMI/src/bd/system/ip/system_mig_7series_0_0/system_mig_7series_0_0/user_design/rtl/controller/mig_7series_v4_0_bank_queue.v:174]
INFO: [Synth 8-256] done synthesizing module 'mig_7series_v4_0_bank_cntrl__parameterized2' (20#1) [d:/Vivado_workspace/vivado2016.4/Genesys-2-HDMI-2016.4-5/Genesys-2-HDMI/src/bd/system/ip/system_mig_7series_0_0/system_mig_7series_0_0/user_design/rtl/controller/mig_7series_v4_0_bank_cntrl.v:70]
INFO: [Synth 8-638] synthesizing module 'mig_7series_v4_0_bank_common' [d:/Vivado_workspace/vivado2016.4/Genesys-2-HDMI-2016.4-5/Genesys-2-HDMI/src/bd/system/ip/system_mig_7series_0_0/system_mig_7series_0_0/user_design/rtl/controller/mig_7series_v4_0_bank_common.v:73]
INFO: [Synth 8-256] done synthesizing module 'mig_7series_v4_0_bank_common' (21#1) [d:/Vivado_workspace/vivado2016.4/Genesys-2-HDMI-2016.4-5/Genesys-2-HDMI/src/bd/system/ip/system_mig_7series_0_0/system_mig_7series_0_0/user_design/rtl/controller/mig_7series_v4_0_bank_common.v:73]
INFO: [Synth 8-638] synthesizing module 'mig_7series_v4_0_arb_mux' [d:/Vivado_workspace/vivado2016.4/Genesys-2-HDMI-2016.4-5/Genesys-2-HDMI/src/bd/system/ip/system_mig_7series_0_0/system_mig_7series_0_0/user_design/rtl/controller/mig_7series_v4_0_arb_mux.v:69]
INFO: [Synth 8-638] synthesizing module 'mig_7series_v4_0_arb_row_col' [d:/Vivado_workspace/vivado2016.4/Genesys-2-HDMI-2016.4-5/Genesys-2-HDMI/src/bd/system/ip/system_mig_7series_0_0/system_mig_7series_0_0/user_design/rtl/controller/mig_7series_v4_0_arb_row_col.v:83]
INFO: [Synth 8-638] synthesizing module 'mig_7series_v4_0_round_robin_arb__parameterized1' [d:/Vivado_workspace/vivado2016.4/Genesys-2-HDMI-2016.4-5/Genesys-2-HDMI/src/bd/system/ip/system_mig_7series_0_0/system_mig_7series_0_0/user_design/rtl/controller/mig_7series_v4_0_round_robin_arb.v:121]
INFO: [Synth 8-256] done synthesizing module 'mig_7series_v4_0_round_robin_arb__parameterized1' (21#1) [d:/Vivado_workspace/vivado2016.4/Genesys-2-HDMI-2016.4-5/Genesys-2-HDMI/src/bd/system/ip/system_mig_7series_0_0/system_mig_7series_0_0/user_design/rtl/controller/mig_7series_v4_0_round_robin_arb.v:121]
INFO: [Synth 8-638] synthesizing module 'mig_7series_v4_0_round_robin_arb__parameterized2' [d:/Vivado_workspace/vivado2016.4/Genesys-2-HDMI-2016.4-5/Genesys-2-HDMI/src/bd/system/ip/system_mig_7series_0_0/system_mig_7series_0_0/user_design/rtl/controller/mig_7series_v4_0_round_robin_arb.v:121]
INFO: [Synth 8-256] done synthesizing module 'mig_7series_v4_0_round_robin_arb__parameterized2' (21#1) [d:/Vivado_workspace/vivado2016.4/Genesys-2-HDMI-2016.4-5/Genesys-2-HDMI/src/bd/system/ip/system_mig_7series_0_0/system_mig_7series_0_0/user_design/rtl/controller/mig_7series_v4_0_round_robin_arb.v:121]
INFO: [Synth 8-638] synthesizing module 'mig_7series_v4_0_round_robin_arb__parameterized3' [d:/Vivado_workspace/vivado2016.4/Genesys-2-HDMI-2016.4-5/Genesys-2-HDMI/src/bd/system/ip/system_mig_7series_0_0/system_mig_7series_0_0/user_design/rtl/controller/mig_7series_v4_0_round_robin_arb.v:121]
INFO: [Synth 8-256] done synthesizing module 'mig_7series_v4_0_round_robin_arb__parameterized3' (21#1) [d:/Vivado_workspace/vivado2016.4/Genesys-2-HDMI-2016.4-5/Genesys-2-HDMI/src/bd/system/ip/system_mig_7series_0_0/system_mig_7series_0_0/user_design/rtl/controller/mig_7series_v4_0_round_robin_arb.v:121]
INFO: [Synth 8-638] synthesizing module 'mig_7series_v4_0_round_robin_arb__parameterized4' [d:/Vivado_workspace/vivado2016.4/Genesys-2-HDMI-2016.4-5/Genesys-2-HDMI/src/bd/system/ip/system_mig_7series_0_0/system_mig_7series_0_0/user_design/rtl/controller/mig_7series_v4_0_round_robin_arb.v:121]
INFO: [Synth 8-256] done synthesizing module 'mig_7series_v4_0_round_robin_arb__parameterized4' (21#1) [d:/Vivado_workspace/vivado2016.4/Genesys-2-HDMI-2016.4-5/Genesys-2-HDMI/src/bd/system/ip/system_mig_7series_0_0/system_mig_7series_0_0/user_design/rtl/controller/mig_7series_v4_0_round_robin_arb.v:121]
INFO: [Synth 8-256] done synthesizing module 'mig_7series_v4_0_arb_row_col' (22#1) [d:/Vivado_workspace/vivado2016.4/Genesys-2-HDMI-2016.4-5/Genesys-2-HDMI/src/bd/system/ip/system_mig_7series_0_0/system_mig_7series_0_0/user_design/rtl/controller/mig_7series_v4_0_arb_row_col.v:83]
INFO: [Synth 8-638] synthesizing module 'mig_7series_v4_0_arb_select' [d:/Vivado_workspace/vivado2016.4/Genesys-2-HDMI-2016.4-5/Genesys-2-HDMI/src/bd/system/ip/system_mig_7series_0_0/system_mig_7series_0_0/user_design/rtl/controller/mig_7series_v4_0_arb_select.v:75]
INFO: [Synth 8-256] done synthesizing module 'mig_7series_v4_0_arb_select' (23#1) [d:/Vivado_workspace/vivado2016.4/Genesys-2-HDMI-2016.4-5/Genesys-2-HDMI/src/bd/system/ip/system_mig_7series_0_0/system_mig_7series_0_0/user_design/rtl/controller/mig_7series_v4_0_arb_select.v:75]
INFO: [Synth 8-256] done synthesizing module 'mig_7series_v4_0_arb_mux' (24#1) [d:/Vivado_workspace/vivado2016.4/Genesys-2-HDMI-2016.4-5/Genesys-2-HDMI/src/bd/system/ip/system_mig_7series_0_0/system_mig_7series_0_0/user_design/rtl/controller/mig_7series_v4_0_arb_mux.v:69]
INFO: [Synth 8-256] done synthesizing module 'mig_7series_v4_0_bank_mach' (25#1) [d:/Vivado_workspace/vivado2016.4/Genesys-2-HDMI-2016.4-5/Genesys-2-HDMI/src/bd/system/ip/system_mig_7series_0_0/system_mig_7series_0_0/user_design/rtl/controller/mig_7series_v4_0_bank_mach.v:72]
INFO: [Synth 8-638] synthesizing module 'mig_7series_v4_0_col_mach' [d:/Vivado_workspace/vivado2016.4/Genesys-2-HDMI-2016.4-5/Genesys-2-HDMI/src/bd/system/ip/system_mig_7series_0_0/system_mig_7series_0_0/user_design/rtl/controller/mig_7series_v4_0_col_mach.v:88]
INFO: [Synth 8-638] synthesizing module 'RAM32M' [C:/Xilinx/Vivado/2016.4/scripts/rt/data/unisim_comp.v:36749]
INFO: [Synth 8-256] done synthesizing module 'RAM32M' (26#1) [C:/Xilinx/Vivado/2016.4/scripts/rt/data/unisim_comp.v:36749]
INFO: [Synth 8-256] done synthesizing module 'mig_7series_v4_0_col_mach' (27#1) [d:/Vivado_workspace/vivado2016.4/Genesys-2-HDMI-2016.4-5/Genesys-2-HDMI/src/bd/system/ip/system_mig_7series_0_0/system_mig_7series_0_0/user_design/rtl/controller/mig_7series_v4_0_col_mach.v:88]
INFO: [Synth 8-256] done synthesizing module 'mig_7series_v4_0_mc' (28#1) [d:/Vivado_workspace/vivado2016.4/Genesys-2-HDMI-2016.4-5/Genesys-2-HDMI/src/bd/system/ip/system_mig_7series_0_0/system_mig_7series_0_0/user_design/rtl/controller/mig_7series_v4_0_mc.v:73]
INFO: [Synth 8-638] synthesizing module 'mig_7series_v4_0_ddr_phy_top' [d:/Vivado_workspace/vivado2016.4/Genesys-2-HDMI-2016.4-5/Genesys-2-HDMI/src/bd/system/ip/system_mig_7series_0_0/system_mig_7series_0_0/user_design/rtl/phy/mig_7series_v4_0_ddr_phy_top.v:70]
INFO: [Synth 8-638] synthesizing module 'mig_7series_v4_0_ddr_mc_phy_wrapper' [d:/Vivado_workspace/vivado2016.4/Genesys-2-HDMI-2016.4-5/Genesys-2-HDMI/src/bd/system/ip/system_mig_7series_0_0/system_mig_7series_0_0/user_design/rtl/phy/mig_7series_v4_0_ddr_mc_phy_wrapper.v:71]
INFO: [Synth 8-638] synthesizing module 'OBUF' [C:/Xilinx/Vivado/2016.4/scripts/rt/data/unisim_comp.v:21927]
INFO: [Synth 8-256] done synthesizing module 'OBUF' (29#1) [C:/Xilinx/Vivado/2016.4/scripts/rt/data/unisim_comp.v:21927]
INFO: [Synth 8-638] synthesizing module 'OBUFT' [C:/Xilinx/Vivado/2016.4/scripts/rt/data/unisim_comp.v:22143]
INFO: [Synth 8-256] done synthesizing module 'OBUFT' (30#1) [C:/Xilinx/Vivado/2016.4/scripts/rt/data/unisim_comp.v:22143]
INFO: [Synth 8-638] synthesizing module 'IOBUF_DCIEN' [C:/Xilinx/Vivado/2016.4/scripts/rt/data/unisim_comp.v:17624]
INFO: [Synth 8-256] done synthesizing module 'IOBUF_DCIEN' (31#1) [C:/Xilinx/Vivado/2016.4/scripts/rt/data/unisim_comp.v:17624]
INFO: [Synth 8-638] synthesizing module 'IOBUFDS_DIFF_OUT_DCIEN' [C:/Xilinx/Vivado/2016.4/scripts/rt/data/unisim_comp.v:17464]
INFO: [Synth 8-256] done synthesizing module 'IOBUFDS_DIFF_OUT_DCIEN' (32#1) [C:/Xilinx/Vivado/2016.4/scripts/rt/data/unisim_comp.v:17464]
INFO: [Synth 8-638] synthesizing module 'mig_7series_v4_0_poc_pd' [d:/Vivado_workspace/vivado2016.4/Genesys-2-HDMI-2016.4-5/Genesys-2-HDMI/src/bd/system/ip/system_mig_7series_0_0/system_mig_7series_0_0/user_design/rtl/phy/mig_7series_v4_0_poc_pd.v:70]
INFO: [Synth 8-638] synthesizing module 'IDDR' [C:/Xilinx/Vivado/2016.4/scripts/rt/data/unisim_comp.v:16060]
INFO: [Synth 8-256] done synthesizing module 'IDDR' (33#1) [C:/Xilinx/Vivado/2016.4/scripts/rt/data/unisim_comp.v:16060]
INFO: [Synth 8-256] done synthesizing module 'mig_7series_v4_0_poc_pd' (34#1) [d:/Vivado_workspace/vivado2016.4/Genesys-2-HDMI-2016.4-5/Genesys-2-HDMI/src/bd/system/ip/system_mig_7series_0_0/system_mig_7series_0_0/user_design/rtl/phy/mig_7series_v4_0_poc_pd.v:70]
INFO: [Synth 8-638] synthesizing module 'mig_7series_v4_0_ddr_of_pre_fifo' [d:/Vivado_workspace/vivado2016.4/Genesys-2-HDMI-2016.4-5/Genesys-2-HDMI/src/bd/system/ip/system_mig_7series_0_0/system_mig_7series_0_0/user_design/rtl/phy/mig_7series_v4_0_ddr_of_pre_fifo.v:76]
INFO: [Synth 8-256] done synthesizing module 'mig_7series_v4_0_ddr_of_pre_fifo' (35#1) [d:/Vivado_workspace/vivado2016.4/Genesys-2-HDMI-2016.4-5/Genesys-2-HDMI/src/bd/system/ip/system_mig_7series_0_0/system_mig_7series_0_0/user_design/rtl/phy/mig_7series_v4_0_ddr_of_pre_fifo.v:76]
INFO: [Synth 8-638] synthesizing module 'mig_7series_v4_0_ddr_of_pre_fifo__parameterized0' [d:/Vivado_workspace/vivado2016.4/Genesys-2-HDMI-2016.4-5/Genesys-2-HDMI/src/bd/system/ip/system_mig_7series_0_0/system_mig_7series_0_0/user_design/rtl/phy/mig_7series_v4_0_ddr_of_pre_fifo.v:76]
INFO: [Synth 8-256] done synthesizing module 'mig_7series_v4_0_ddr_of_pre_fifo__parameterized0' (35#1) [d:/Vivado_workspace/vivado2016.4/Genesys-2-HDMI-2016.4-5/Genesys-2-HDMI/src/bd/system/ip/system_mig_7series_0_0/system_mig_7series_0_0/user_design/rtl/phy/mig_7series_v4_0_ddr_of_pre_fifo.v:76]
INFO: [Synth 8-638] synthesizing module 'mig_7series_v4_0_ddr_of_pre_fifo__parameterized1' [d:/Vivado_workspace/vivado2016.4/Genesys-2-HDMI-2016.4-5/Genesys-2-HDMI/src/bd/system/ip/system_mig_7series_0_0/system_mig_7series_0_0/user_design/rtl/phy/mig_7series_v4_0_ddr_of_pre_fifo.v:76]
INFO: [Synth 8-256] done synthesizing module 'mig_7series_v4_0_ddr_of_pre_fifo__parameterized1' (35#1) [d:/Vivado_workspace/vivado2016.4/Genesys-2-HDMI-2016.4-5/Genesys-2-HDMI/src/bd/system/ip/system_mig_7series_0_0/system_mig_7series_0_0/user_design/rtl/phy/mig_7series_v4_0_ddr_of_pre_fifo.v:76]
INFO: [Synth 8-638] synthesizing module 'mig_7series_v4_0_ddr_mc_phy' [d:/Vivado_workspace/vivado2016.4/Genesys-2-HDMI-2016.4-5/Genesys-2-HDMI/src/bd/system/ip/system_mig_7series_0_0/system_mig_7series_0_0/user_design/rtl/phy/mig_7series_v4_0_ddr_mc_phy.v:70]
INFO: [Synth 8-638] synthesizing module 'mig_7series_v4_0_ddr_phy_4lanes' [d:/Vivado_workspace/vivado2016.4/Genesys-2-HDMI-2016.4-5/Genesys-2-HDMI/src/bd/system/ip/system_mig_7series_0_0/system_mig_7series_0_0/user_design/rtl/phy/mig_7series_v4_0_ddr_phy_4lanes.v:72]
INFO: [Synth 8-638] synthesizing module 'mig_7series_v4_0_ddr_byte_lane' [d:/Vivado_workspace/vivado2016.4/Genesys-2-HDMI-2016.4-5/Genesys-2-HDMI/src/bd/system/ip/system_mig_7series_0_0/system_mig_7series_0_0/user_design/rtl/phy/mig_7series_v4_0_ddr_byte_lane.v:70]
INFO: [Synth 8-638] synthesizing module 'mig_7series_v4_0_ddr_if_post_fifo' [d:/Vivado_workspace/vivado2016.4/Genesys-2-HDMI-2016.4-5/Genesys-2-HDMI/src/bd/system/ip/system_mig_7series_0_0/system_mig_7series_0_0/user_design/rtl/phy/mig_7series_v4_0_ddr_if_post_fifo.v:68]
INFO: [Synth 8-256] done synthesizing module 'mig_7series_v4_0_ddr_if_post_fifo' (36#1) [d:/Vivado_workspace/vivado2016.4/Genesys-2-HDMI-2016.4-5/Genesys-2-HDMI/src/bd/system/ip/system_mig_7series_0_0/system_mig_7series_0_0/user_design/rtl/phy/mig_7series_v4_0_ddr_if_post_fifo.v:68]
INFO: [Synth 8-638] synthesizing module 'mig_7series_v4_0_ddr_of_pre_fifo__parameterized2' [d:/Vivado_workspace/vivado2016.4/Genesys-2-HDMI-2016.4-5/Genesys-2-HDMI/src/bd/system/ip/system_mig_7series_0_0/system_mig_7series_0_0/user_design/rtl/phy/mig_7series_v4_0_ddr_of_pre_fifo.v:76]
INFO: [Synth 8-256] done synthesizing module 'mig_7series_v4_0_ddr_of_pre_fifo__parameterized2' (36#1) [d:/Vivado_workspace/vivado2016.4/Genesys-2-HDMI-2016.4-5/Genesys-2-HDMI/src/bd/system/ip/system_mig_7series_0_0/system_mig_7series_0_0/user_design/rtl/phy/mig_7series_v4_0_ddr_of_pre_fifo.v:76]
INFO: [Synth 8-638] synthesizing module 'PHASER_IN_PHY' [C:/Xilinx/Vivado/2016.4/scripts/rt/data/unisim_comp.v:32360]
INFO: [Synth 8-256] done synthesizing module 'PHASER_IN_PHY' (37#1) [C:/Xilinx/Vivado/2016.4/scripts/rt/data/unisim_comp.v:32360]
INFO: [Synth 8-638] synthesizing module 'IN_FIFO' [C:/Xilinx/Vivado/2016.4/scripts/rt/data/unisim_comp.v:17265]
INFO: [Synth 8-256] done synthesizing module 'IN_FIFO' (38#1) [C:/Xilinx/Vivado/2016.4/scripts/rt/data/unisim_comp.v:17265]
INFO: [Synth 8-638] synthesizing module 'PHASER_OUT_PHY' [C:/Xilinx/Vivado/2016.4/scripts/rt/data/unisim_comp.v:32497]
INFO: [Synth 8-256] done synthesizing module 'PHASER_OUT_PHY' (39#1) [C:/Xilinx/Vivado/2016.4/scripts/rt/data/unisim_comp.v:32497]
INFO: [Synth 8-638] synthesizing module 'OUT_FIFO' [C:/Xilinx/Vivado/2016.4/scripts/rt/data/unisim_comp.v:25993]
INFO: [Synth 8-256] done synthesizing module 'OUT_FIFO' (40#1) [C:/Xilinx/Vivado/2016.4/scripts/rt/data/unisim_comp.v:25993]
INFO: [Synth 8-638] synthesizing module 'mig_7series_v4_0_ddr_byte_group_io' [d:/Vivado_workspace/vivado2016.4/Genesys-2-HDMI-2016.4-5/Genesys-2-HDMI/src/bd/system/ip/system_mig_7series_0_0/system_mig_7series_0_0/user_design/rtl/phy/mig_7series_v4_0_ddr_byte_group_io.v:69]
INFO: [Synth 8-638] synthesizing module 'IDELAYE2' [C:/Xilinx/Vivado/2016.4/scripts/rt/data/unisim_comp.v:16195]
INFO: [Synth 8-256] done synthesizing module 'IDELAYE2' (41#1) [C:/Xilinx/Vivado/2016.4/scripts/rt/data/unisim_comp.v:16195]
INFO: [Synth 8-638] synthesizing module 'ISERDESE2' [C:/Xilinx/Vivado/2016.4/scripts/rt/data/unisim_comp.v:19685]
INFO: [Synth 8-256] done synthesizing module 'ISERDESE2' (42#1) [C:/Xilinx/Vivado/2016.4/scripts/rt/data/unisim_comp.v:19685]
INFO: [Synth 8-638] synthesizing module 'OSERDESE2' [C:/Xilinx/Vivado/2016.4/scripts/rt/data/unisim_comp.v:25878]
INFO: [Synth 8-256] done synthesizing module 'OSERDESE2' (43#1) [C:/Xilinx/Vivado/2016.4/scripts/rt/data/unisim_comp.v:25878]
INFO: [Synth 8-638] synthesizing module 'OSERDESE2__parameterized0' [C:/Xilinx/Vivado/2016.4/scripts/rt/data/unisim_comp.v:25878]
INFO: [Synth 8-256] done synthesizing module 'OSERDESE2__parameterized0' (43#1) [C:/Xilinx/Vivado/2016.4/scripts/rt/data/unisim_comp.v:25878]
INFO: [Synth 8-638] synthesizing module 'OSERDESE2__parameterized1' [C:/Xilinx/Vivado/2016.4/scripts/rt/data/unisim_comp.v:25878]
INFO: [Synth 8-256] done synthesizing module 'OSERDESE2__parameterized1' (43#1) [C:/Xilinx/Vivado/2016.4/scripts/rt/data/unisim_comp.v:25878]
INFO: [Synth 8-638] synthesizing module 'OSERDESE2__parameterized2' [C:/Xilinx/Vivado/2016.4/scripts/rt/data/unisim_comp.v:25878]
INFO: [Synth 8-256] done synthesizing module 'OSERDESE2__parameterized2' (43#1) [C:/Xilinx/Vivado/2016.4/scripts/rt/data/unisim_comp.v:25878]
INFO: [Synth 8-638] synthesizing module 'OSERDESE2__parameterized3' [C:/Xilinx/Vivado/2016.4/scripts/rt/data/unisim_comp.v:25878]
INFO: [Synth 8-256] done synthesizing module 'OSERDESE2__parameterized3' (43#1) [C:/Xilinx/Vivado/2016.4/scripts/rt/data/unisim_comp.v:25878]
INFO: [Synth 8-638] synthesizing module 'OSERDESE2__parameterized4' [C:/Xilinx/Vivado/2016.4/scripts/rt/data/unisim_comp.v:25878]
INFO: [Synth 8-256] done synthesizing module 'OSERDESE2__parameterized4' (43#1) [C:/Xilinx/Vivado/2016.4/scripts/rt/data/unisim_comp.v:25878]
INFO: [Synth 8-638] synthesizing module 'OSERDESE2__parameterized5' [C:/Xilinx/Vivado/2016.4/scripts/rt/data/unisim_comp.v:25878]
INFO: [Synth 8-256] done synthesizing module 'OSERDESE2__parameterized5' (43#1) [C:/Xilinx/Vivado/2016.4/scripts/rt/data/unisim_comp.v:25878]
INFO: [Synth 8-638] synthesizing module 'OSERDESE2__parameterized6' [C:/Xilinx/Vivado/2016.4/scripts/rt/data/unisim_comp.v:25878]
INFO: [Synth 8-256] done synthesizing module 'OSERDESE2__parameterized6' (43#1) [C:/Xilinx/Vivado/2016.4/scripts/rt/data/unisim_comp.v:25878]
INFO: [Synth 8-638] synthesizing module 'OSERDESE2__parameterized7' [C:/Xilinx/Vivado/2016.4/scripts/rt/data/unisim_comp.v:25878]
INFO: [Synth 8-256] done synthesizing module 'OSERDESE2__parameterized7' (43#1) [C:/Xilinx/Vivado/2016.4/scripts/rt/data/unisim_comp.v:25878]
INFO: [Synth 8-638] synthesizing module 'OSERDESE2__parameterized8' [C:/Xilinx/Vivado/2016.4/scripts/rt/data/unisim_comp.v:25878]
INFO: [Synth 8-256] done synthesizing module 'OSERDESE2__parameterized8' (43#1) [C:/Xilinx/Vivado/2016.4/scripts/rt/data/unisim_comp.v:25878]
INFO: [Synth 8-638] synthesizing module 'ODDR' [C:/Xilinx/Vivado/2016.4/scripts/rt/data/unisim_comp.v:25305]
INFO: [Synth 8-256] done synthesizing module 'ODDR' (44#1) [C:/Xilinx/Vivado/2016.4/scripts/rt/data/unisim_comp.v:25305]
INFO: [Synth 8-256] done synthesizing module 'mig_7series_v4_0_ddr_byte_group_io' (45#1) [d:/Vivado_workspace/vivado2016.4/Genesys-2-HDMI-2016.4-5/Genesys-2-HDMI/src/bd/system/ip/system_mig_7series_0_0/system_mig_7series_0_0/user_design/rtl/phy/mig_7series_v4_0_ddr_byte_group_io.v:69]
INFO: [Synth 8-256] done synthesizing module 'mig_7series_v4_0_ddr_byte_lane' (46#1) [d:/Vivado_workspace/vivado2016.4/Genesys-2-HDMI-2016.4-5/Genesys-2-HDMI/src/bd/system/ip/system_mig_7series_0_0/system_mig_7series_0_0/user_design/rtl/phy/mig_7series_v4_0_ddr_byte_lane.v:70]
INFO: [Synth 8-638] synthesizing module 'mig_7series_v4_0_ddr_byte_lane__parameterized0' [d:/Vivado_workspace/vivado2016.4/Genesys-2-HDMI-2016.4-5/Genesys-2-HDMI/src/bd/system/ip/system_mig_7series_0_0/system_mig_7series_0_0/user_design/rtl/phy/mig_7series_v4_0_ddr_byte_lane.v:70]
INFO: [Synth 8-638] synthesizing module 'mig_7series_v4_0_ddr_of_pre_fifo__parameterized3' [d:/Vivado_workspace/vivado2016.4/Genesys-2-HDMI-2016.4-5/Genesys-2-HDMI/src/bd/system/ip/system_mig_7series_0_0/system_mig_7series_0_0/user_design/rtl/phy/mig_7series_v4_0_ddr_of_pre_fifo.v:76]
INFO: [Synth 8-256] done synthesizing module 'mig_7series_v4_0_ddr_of_pre_fifo__parameterized3' (46#1) [d:/Vivado_workspace/vivado2016.4/Genesys-2-HDMI-2016.4-5/Genesys-2-HDMI/src/bd/system/ip/system_mig_7series_0_0/system_mig_7series_0_0/user_design/rtl/phy/mig_7series_v4_0_ddr_of_pre_fifo.v:76]
INFO: [Synth 8-638] synthesizing module 'mig_7series_v4_0_ddr_byte_group_io__parameterized0' [d:/Vivado_workspace/vivado2016.4/Genesys-2-HDMI-2016.4-5/Genesys-2-HDMI/src/bd/system/ip/system_mig_7series_0_0/system_mig_7series_0_0/user_design/rtl/phy/mig_7series_v4_0_ddr_byte_group_io.v:69]
INFO: [Synth 8-638] synthesizing module 'OSERDESE2__parameterized9' [C:/Xilinx/Vivado/2016.4/scripts/rt/data/unisim_comp.v:25878]
INFO: [Synth 8-256] done synthesizing module 'OSERDESE2__parameterized9' (46#1) [C:/Xilinx/Vivado/2016.4/scripts/rt/data/unisim_comp.v:25878]
INFO: [Synth 8-638] synthesizing module 'OSERDESE2__parameterized10' [C:/Xilinx/Vivado/2016.4/scripts/rt/data/unisim_comp.v:25878]
INFO: [Synth 8-256] done synthesizing module 'OSERDESE2__parameterized10' (46#1) [C:/Xilinx/Vivado/2016.4/scripts/rt/data/unisim_comp.v:25878]
INFO: [Synth 8-638] synthesizing module 'OSERDESE2__parameterized11' [C:/Xilinx/Vivado/2016.4/scripts/rt/data/unisim_comp.v:25878]
INFO: [Synth 8-256] done synthesizing module 'OSERDESE2__parameterized11' (46#1) [C:/Xilinx/Vivado/2016.4/scripts/rt/data/unisim_comp.v:25878]
INFO: [Synth 8-638] synthesizing module 'OSERDESE2__parameterized12' [C:/Xilinx/Vivado/2016.4/scripts/rt/data/unisim_comp.v:25878]
INFO: [Synth 8-256] done synthesizing module 'OSERDESE2__parameterized12' (46#1) [C:/Xilinx/Vivado/2016.4/scripts/rt/data/unisim_comp.v:25878]
INFO: [Synth 8-638] synthesizing module 'OSERDESE2__parameterized13' [C:/Xilinx/Vivado/2016.4/scripts/rt/data/unisim_comp.v:25878]
INFO: [Synth 8-256] done synthesizing module 'OSERDESE2__parameterized13' (46#1) [C:/Xilinx/Vivado/2016.4/scripts/rt/data/unisim_comp.v:25878]
INFO: [Synth 8-638] synthesizing module 'OSERDESE2__parameterized14' [C:/Xilinx/Vivado/2016.4/scripts/rt/data/unisim_comp.v:25878]
INFO: [Synth 8-256] done synthesizing module 'OSERDESE2__parameterized14' (46#1) [C:/Xilinx/Vivado/2016.4/scripts/rt/data/unisim_comp.v:25878]
INFO: [Synth 8-638] synthesizing module 'OSERDESE2__parameterized15' [C:/Xilinx/Vivado/2016.4/scripts/rt/data/unisim_comp.v:25878]
INFO: [Synth 8-256] done synthesizing module 'OSERDESE2__parameterized15' (46#1) [C:/Xilinx/Vivado/2016.4/scripts/rt/data/unisim_comp.v:25878]
INFO: [Synth 8-638] synthesizing module 'OSERDESE2__parameterized16' [C:/Xilinx/Vivado/2016.4/scripts/rt/data/unisim_comp.v:25878]
INFO: [Synth 8-256] done synthesizing module 'OSERDESE2__parameterized16' (46#1) [C:/Xilinx/Vivado/2016.4/scripts/rt/data/unisim_comp.v:25878]
INFO: [Synth 8-638] synthesizing module 'OSERDESE2__parameterized17' [C:/Xilinx/Vivado/2016.4/scripts/rt/data/unisim_comp.v:25878]
INFO: [Synth 8-256] done synthesizing module 'OSERDESE2__parameterized17' (46#1) [C:/Xilinx/Vivado/2016.4/scripts/rt/data/unisim_comp.v:25878]
INFO: [Synth 8-256] done synthesizing module 'mig_7series_v4_0_ddr_byte_group_io__parameterized0' (46#1) [d:/Vivado_workspace/vivado2016.4/Genesys-2-HDMI-2016.4-5/Genesys-2-HDMI/src/bd/system/ip/system_mig_7series_0_0/system_mig_7series_0_0/user_design/rtl/phy/mig_7series_v4_0_ddr_byte_group_io.v:69]
INFO: [Synth 8-256] done synthesizing module 'mig_7series_v4_0_ddr_byte_lane__parameterized0' (46#1) [d:/Vivado_workspace/vivado2016.4/Genesys-2-HDMI-2016.4-5/Genesys-2-HDMI/src/bd/system/ip/system_mig_7series_0_0/system_mig_7series_0_0/user_design/rtl/phy/mig_7series_v4_0_ddr_byte_lane.v:70]
INFO: [Synth 8-638] synthesizing module 'mig_7series_v4_0_ddr_byte_lane__parameterized1' [d:/Vivado_workspace/vivado2016.4/Genesys-2-HDMI-2016.4-5/Genesys-2-HDMI/src/bd/system/ip/system_mig_7series_0_0/system_mig_7series_0_0/user_design/rtl/phy/mig_7series_v4_0_ddr_byte_lane.v:70]
INFO: [Synth 8-638] synthesizing module 'mig_7series_v4_0_ddr_of_pre_fifo__parameterized4' [d:/Vivado_workspace/vivado2016.4/Genesys-2-HDMI-2016.4-5/Genesys-2-HDMI/src/bd/system/ip/system_mig_7series_0_0/system_mig_7series_0_0/user_design/rtl/phy/mig_7series_v4_0_ddr_of_pre_fifo.v:76]
INFO: [Synth 8-256] done synthesizing module 'mig_7series_v4_0_ddr_of_pre_fifo__parameterized4' (46#1) [d:/Vivado_workspace/vivado2016.4/Genesys-2-HDMI-2016.4-5/Genesys-2-HDMI/src/bd/system/ip/system_mig_7series_0_0/system_mig_7series_0_0/user_design/rtl/phy/mig_7series_v4_0_ddr_of_pre_fifo.v:76]
INFO: [Synth 8-638] synthesizing module 'mig_7series_v4_0_ddr_byte_group_io__parameterized1' [d:/Vivado_workspace/vivado2016.4/Genesys-2-HDMI-2016.4-5/Genesys-2-HDMI/src/bd/system/ip/system_mig_7series_0_0/system_mig_7series_0_0/user_design/rtl/phy/mig_7series_v4_0_ddr_byte_group_io.v:69]
INFO: [Synth 8-638] synthesizing module 'OSERDESE2__parameterized18' [C:/Xilinx/Vivado/2016.4/scripts/rt/data/unisim_comp.v:25878]
INFO: [Synth 8-256] done synthesizing module 'OSERDESE2__parameterized18' (46#1) [C:/Xilinx/Vivado/2016.4/scripts/rt/data/unisim_comp.v:25878]
INFO: [Synth 8-638] synthesizing module 'OSERDESE2__parameterized19' [C:/Xilinx/Vivado/2016.4/scripts/rt/data/unisim_comp.v:25878]
INFO: [Synth 8-256] done synthesizing module 'OSERDESE2__parameterized19' (46#1) [C:/Xilinx/Vivado/2016.4/scripts/rt/data/unisim_comp.v:25878]
INFO: [Synth 8-638] synthesizing module 'OSERDESE2__parameterized20' [C:/Xilinx/Vivado/2016.4/scripts/rt/data/unisim_comp.v:25878]
INFO: [Synth 8-256] done synthesizing module 'OSERDESE2__parameterized20' (46#1) [C:/Xilinx/Vivado/2016.4/scripts/rt/data/unisim_comp.v:25878]
INFO: [Synth 8-638] synthesizing module 'OSERDESE2__parameterized21' [C:/Xilinx/Vivado/2016.4/scripts/rt/data/unisim_comp.v:25878]
INFO: [Synth 8-256] done synthesizing module 'OSERDESE2__parameterized21' (46#1) [C:/Xilinx/Vivado/2016.4/scripts/rt/data/unisim_comp.v:25878]
INFO: [Synth 8-638] synthesizing module 'OSERDESE2__parameterized22' [C:/Xilinx/Vivado/2016.4/scripts/rt/data/unisim_comp.v:25878]
INFO: [Synth 8-256] done synthesizing module 'OSERDESE2__parameterized22' (46#1) [C:/Xilinx/Vivado/2016.4/scripts/rt/data/unisim_comp.v:25878]
INFO: [Synth 8-638] synthesizing module 'OSERDESE2__parameterized23' [C:/Xilinx/Vivado/2016.4/scripts/rt/data/unisim_comp.v:25878]
INFO: [Synth 8-256] done synthesizing module 'OSERDESE2__parameterized23' (46#1) [C:/Xilinx/Vivado/2016.4/scripts/rt/data/unisim_comp.v:25878]
INFO: [Synth 8-638] synthesizing module 'OSERDESE2__parameterized24' [C:/Xilinx/Vivado/2016.4/scripts/rt/data/unisim_comp.v:25878]
INFO: [Synth 8-256] done synthesizing module 'OSERDESE2__parameterized24' (46#1) [C:/Xilinx/Vivado/2016.4/scripts/rt/data/unisim_comp.v:25878]
INFO: [Synth 8-638] synthesizing module 'OSERDESE2__parameterized25' [C:/Xilinx/Vivado/2016.4/scripts/rt/data/unisim_comp.v:25878]
INFO: [Synth 8-256] done synthesizing module 'OSERDESE2__parameterized25' (46#1) [C:/Xilinx/Vivado/2016.4/scripts/rt/data/unisim_comp.v:25878]
INFO: [Synth 8-638] synthesizing module 'OSERDESE2__parameterized26' [C:/Xilinx/Vivado/2016.4/scripts/rt/data/unisim_comp.v:25878]
INFO: [Synth 8-256] done synthesizing module 'OSERDESE2__parameterized26' (46#1) [C:/Xilinx/Vivado/2016.4/scripts/rt/data/unisim_comp.v:25878]
INFO: [Synth 8-256] done synthesizing module 'mig_7series_v4_0_ddr_byte_group_io__parameterized1' (46#1) [d:/Vivado_workspace/vivado2016.4/Genesys-2-HDMI-2016.4-5/Genesys-2-HDMI/src/bd/system/ip/system_mig_7series_0_0/system_mig_7series_0_0/user_design/rtl/phy/mig_7series_v4_0_ddr_byte_group_io.v:69]
INFO: [Synth 8-256] done synthesizing module 'mig_7series_v4_0_ddr_byte_lane__parameterized1' (46#1) [d:/Vivado_workspace/vivado2016.4/Genesys-2-HDMI-2016.4-5/Genesys-2-HDMI/src/bd/system/ip/system_mig_7series_0_0/system_mig_7series_0_0/user_design/rtl/phy/mig_7series_v4_0_ddr_byte_lane.v:70]
INFO: [Synth 8-638] synthesizing module 'mig_7series_v4_0_ddr_byte_lane__parameterized2' [d:/Vivado_workspace/vivado2016.4/Genesys-2-HDMI-2016.4-5/Genesys-2-HDMI/src/bd/system/ip/system_mig_7series_0_0/system_mig_7series_0_0/user_design/rtl/phy/mig_7series_v4_0_ddr_byte_lane.v:70]
INFO: [Synth 8-638] synthesizing module 'mig_7series_v4_0_ddr_of_pre_fifo__parameterized5' [d:/Vivado_workspace/vivado2016.4/Genesys-2-HDMI-2016.4-5/Genesys-2-HDMI/src/bd/system/ip/system_mig_7series_0_0/system_mig_7series_0_0/user_design/rtl/phy/mig_7series_v4_0_ddr_of_pre_fifo.v:76]
INFO: [Synth 8-256] done synthesizing module 'mig_7series_v4_0_ddr_of_pre_fifo__parameterized5' (46#1) [d:/Vivado_workspace/vivado2016.4/Genesys-2-HDMI-2016.4-5/Genesys-2-HDMI/src/bd/system/ip/system_mig_7series_0_0/system_mig_7series_0_0/user_design/rtl/phy/mig_7series_v4_0_ddr_of_pre_fifo.v:76]
INFO: [Synth 8-638] synthesizing module 'mig_7series_v4_0_ddr_byte_group_io__parameterized2' [d:/Vivado_workspace/vivado2016.4/Genesys-2-HDMI-2016.4-5/Genesys-2-HDMI/src/bd/system/ip/system_mig_7series_0_0/system_mig_7series_0_0/user_design/rtl/phy/mig_7series_v4_0_ddr_byte_group_io.v:69]
INFO: [Synth 8-638] synthesizing module 'OSERDESE2__parameterized27' [C:/Xilinx/Vivado/2016.4/scripts/rt/data/unisim_comp.v:25878]
INFO: [Synth 8-256] done synthesizing module 'OSERDESE2__parameterized27' (46#1) [C:/Xilinx/Vivado/2016.4/scripts/rt/data/unisim_comp.v:25878]
INFO: [Synth 8-638] synthesizing module 'OSERDESE2__parameterized28' [C:/Xilinx/Vivado/2016.4/scripts/rt/data/unisim_comp.v:25878]
INFO: [Synth 8-256] done synthesizing module 'OSERDESE2__parameterized28' (46#1) [C:/Xilinx/Vivado/2016.4/scripts/rt/data/unisim_comp.v:25878]
INFO: [Synth 8-638] synthesizing module 'OSERDESE2__parameterized29' [C:/Xilinx/Vivado/2016.4/scripts/rt/data/unisim_comp.v:25878]
INFO: [Synth 8-256] done synthesizing module 'OSERDESE2__parameterized29' (46#1) [C:/Xilinx/Vivado/2016.4/scripts/rt/data/unisim_comp.v:25878]
INFO: [Synth 8-638] synthesizing module 'OSERDESE2__parameterized30' [C:/Xilinx/Vivado/2016.4/scripts/rt/data/unisim_comp.v:25878]
INFO: [Synth 8-256] done synthesizing module 'OSERDESE2__parameterized30' (46#1) [C:/Xilinx/Vivado/2016.4/scripts/rt/data/unisim_comp.v:25878]
INFO: [Synth 8-638] synthesizing module 'OSERDESE2__parameterized31' [C:/Xilinx/Vivado/2016.4/scripts/rt/data/unisim_comp.v:25878]
INFO: [Synth 8-256] done synthesizing module 'OSERDESE2__parameterized31' (46#1) [C:/Xilinx/Vivado/2016.4/scripts/rt/data/unisim_comp.v:25878]
INFO: [Synth 8-638] synthesizing module 'OSERDESE2__parameterized32' [C:/Xilinx/Vivado/2016.4/scripts/rt/data/unisim_comp.v:25878]
INFO: [Synth 8-256] done synthesizing module 'OSERDESE2__parameterized32' (46#1) [C:/Xilinx/Vivado/2016.4/scripts/rt/data/unisim_comp.v:25878]
INFO: [Synth 8-638] synthesizing module 'OSERDESE2__parameterized33' [C:/Xilinx/Vivado/2016.4/scripts/rt/data/unisim_comp.v:25878]
INFO: [Synth 8-256] done synthesizing module 'OSERDESE2__parameterized33' (46#1) [C:/Xilinx/Vivado/2016.4/scripts/rt/data/unisim_comp.v:25878]
INFO: [Synth 8-638] synthesizing module 'OSERDESE2__parameterized34' [C:/Xilinx/Vivado/2016.4/scripts/rt/data/unisim_comp.v:25878]
INFO: [Synth 8-256] done synthesizing module 'OSERDESE2__parameterized34' (46#1) [C:/Xilinx/Vivado/2016.4/scripts/rt/data/unisim_comp.v:25878]
INFO: [Synth 8-638] synthesizing module 'OSERDESE2__parameterized35' [C:/Xilinx/Vivado/2016.4/scripts/rt/data/unisim_comp.v:25878]
INFO: [Synth 8-256] done synthesizing module 'OSERDESE2__parameterized35' (46#1) [C:/Xilinx/Vivado/2016.4/scripts/rt/data/unisim_comp.v:25878]
INFO: [Synth 8-256] done synthesizing module 'mig_7series_v4_0_ddr_byte_group_io__parameterized2' (46#1) [d:/Vivado_workspace/vivado2016.4/Genesys-2-HDMI-2016.4-5/Genesys-2-HDMI/src/bd/system/ip/system_mig_7series_0_0/system_mig_7series_0_0/user_design/rtl/phy/mig_7series_v4_0_ddr_byte_group_io.v:69]
INFO: [Synth 8-256] done synthesizing module 'mig_7series_v4_0_ddr_byte_lane__parameterized2' (46#1) [d:/Vivado_workspace/vivado2016.4/Genesys-2-HDMI-2016.4-5/Genesys-2-HDMI/src/bd/system/ip/system_mig_7series_0_0/system_mig_7series_0_0/user_design/rtl/phy/mig_7series_v4_0_ddr_byte_lane.v:70]
INFO: [Synth 8-638] synthesizing module 'BUFIO' [C:/Xilinx/Vivado/2016.4/scripts/rt/data/unisim_comp.v:831]
INFO: [Synth 8-256] done synthesizing module 'BUFIO' (47#1) [C:/Xilinx/Vivado/2016.4/scripts/rt/data/unisim_comp.v:831]
INFO: [Synth 8-638] synthesizing module 'PHY_CONTROL' [C:/Xilinx/Vivado/2016.4/scripts/rt/data/unisim_comp.v:32588]
INFO: [Synth 8-256] done synthesizing module 'PHY_CONTROL' (48#1) [C:/Xilinx/Vivado/2016.4/scripts/rt/data/unisim_comp.v:32588]
INFO: [Synth 8-638] synthesizing module 'PHASER_REF' [C:/Xilinx/Vivado/2016.4/scripts/rt/data/unisim_comp.v:32572]
INFO: [Synth 8-256] done synthesizing module 'PHASER_REF' (49#1) [C:/Xilinx/Vivado/2016.4/scripts/rt/data/unisim_comp.v:32572]
INFO: [Synth 8-256] done synthesizing module 'mig_7series_v4_0_ddr_phy_4lanes' (50#1) [d:/Vivado_workspace/vivado2016.4/Genesys-2-HDMI-2016.4-5/Genesys-2-HDMI/src/bd/system/ip/system_mig_7series_0_0/system_mig_7series_0_0/user_design/rtl/phy/mig_7series_v4_0_ddr_phy_4lanes.v:72]
INFO: [Synth 8-638] synthesizing module 'mig_7series_v4_0_ddr_phy_4lanes__parameterized0' [d:/Vivado_workspace/vivado2016.4/Genesys-2-HDMI-2016.4-5/Genesys-2-HDMI/src/bd/system/ip/system_mig_7series_0_0/system_mig_7series_0_0/user_design/rtl/phy/mig_7series_v4_0_ddr_phy_4lanes.v:72]
INFO: [Synth 8-638] synthesizing module 'mig_7series_v4_0_ddr_byte_lane__parameterized3' [d:/Vivado_workspace/vivado2016.4/Genesys-2-HDMI-2016.4-5/Genesys-2-HDMI/src/bd/system/ip/system_mig_7series_0_0/system_mig_7series_0_0/user_design/rtl/phy/mig_7series_v4_0_ddr_byte_lane.v:70]
INFO: [Synth 8-638] synthesizing module 'mig_7series_v4_0_ddr_of_pre_fifo__parameterized6' [d:/Vivado_workspace/vivado2016.4/Genesys-2-HDMI-2016.4-5/Genesys-2-HDMI/src/bd/system/ip/system_mig_7series_0_0/system_mig_7series_0_0/user_design/rtl/phy/mig_7series_v4_0_ddr_of_pre_fifo.v:76]
INFO: [Synth 8-256] done synthesizing module 'mig_7series_v4_0_ddr_of_pre_fifo__parameterized6' (50#1) [d:/Vivado_workspace/vivado2016.4/Genesys-2-HDMI-2016.4-5/Genesys-2-HDMI/src/bd/system/ip/system_mig_7series_0_0/system_mig_7series_0_0/user_design/rtl/phy/mig_7series_v4_0_ddr_of_pre_fifo.v:76]
INFO: [Synth 8-638] synthesizing module 'PHASER_OUT_PHY__parameterized0' [C:/Xilinx/Vivado/2016.4/scripts/rt/data/unisim_comp.v:32497]
INFO: [Synth 8-256] done synthesizing module 'PHASER_OUT_PHY__parameterized0' (50#1) [C:/Xilinx/Vivado/2016.4/scripts/rt/data/unisim_comp.v:32497]
INFO: [Synth 8-638] synthesizing module 'OUT_FIFO__parameterized0' [C:/Xilinx/Vivado/2016.4/scripts/rt/data/unisim_comp.v:25993]
INFO: [Synth 8-256] done synthesizing module 'OUT_FIFO__parameterized0' (50#1) [C:/Xilinx/Vivado/2016.4/scripts/rt/data/unisim_comp.v:25993]
INFO: [Synth 8-638] synthesizing module 'mig_7series_v4_0_ddr_byte_group_io__parameterized3' [d:/Vivado_workspace/vivado2016.4/Genesys-2-HDMI-2016.4-5/Genesys-2-HDMI/src/bd/system/ip/system_mig_7series_0_0/system_mig_7series_0_0/user_design/rtl/phy/mig_7series_v4_0_ddr_byte_group_io.v:69]
INFO: [Synth 8-638] synthesizing module 'OSERDESE2__parameterized36' [C:/Xilinx/Vivado/2016.4/scripts/rt/data/unisim_comp.v:25878]
INFO: [Synth 8-256] done synthesizing module 'OSERDESE2__parameterized36' (50#1) [C:/Xilinx/Vivado/2016.4/scripts/rt/data/unisim_comp.v:25878]
INFO: [Synth 8-638] synthesizing module 'OSERDESE2__parameterized37' [C:/Xilinx/Vivado/2016.4/scripts/rt/data/unisim_comp.v:25878]
INFO: [Synth 8-256] done synthesizing module 'OSERDESE2__parameterized37' (50#1) [C:/Xilinx/Vivado/2016.4/scripts/rt/data/unisim_comp.v:25878]
INFO: [Synth 8-256] done synthesizing module 'mig_7series_v4_0_ddr_byte_group_io__parameterized3' (50#1) [d:/Vivado_workspace/vivado2016.4/Genesys-2-HDMI-2016.4-5/Genesys-2-HDMI/src/bd/system/ip/system_mig_7series_0_0/system_mig_7series_0_0/user_design/rtl/phy/mig_7series_v4_0_ddr_byte_group_io.v:69]
INFO: [Synth 8-256] done synthesizing module 'mig_7series_v4_0_ddr_byte_lane__parameterized3' (50#1) [d:/Vivado_workspace/vivado2016.4/Genesys-2-HDMI-2016.4-5/Genesys-2-HDMI/src/bd/system/ip/system_mig_7series_0_0/system_mig_7series_0_0/user_design/rtl/phy/mig_7series_v4_0_ddr_byte_lane.v:70]
INFO: [Synth 8-638] synthesizing module 'mig_7series_v4_0_ddr_byte_lane__parameterized4' [d:/Vivado_workspace/vivado2016.4/Genesys-2-HDMI-2016.4-5/Genesys-2-HDMI/src/bd/system/ip/system_mig_7series_0_0/system_mig_7series_0_0/user_design/rtl/phy/mig_7series_v4_0_ddr_byte_lane.v:70]
INFO: [Synth 8-638] synthesizing module 'mig_7series_v4_0_ddr_of_pre_fifo__parameterized7' [d:/Vivado_workspace/vivado2016.4/Genesys-2-HDMI-2016.4-5/Genesys-2-HDMI/src/bd/system/ip/system_mig_7series_0_0/system_mig_7series_0_0/user_design/rtl/phy/mig_7series_v4_0_ddr_of_pre_fifo.v:76]
INFO: [Synth 8-256] done synthesizing module 'mig_7series_v4_0_ddr_of_pre_fifo__parameterized7' (50#1) [d:/Vivado_workspace/vivado2016.4/Genesys-2-HDMI-2016.4-5/Genesys-2-HDMI/src/bd/system/ip/system_mig_7series_0_0/system_mig_7series_0_0/user_design/rtl/phy/mig_7series_v4_0_ddr_of_pre_fifo.v:76]
INFO: [Synth 8-638] synthesizing module 'PHASER_OUT_PHY__parameterized1' [C:/Xilinx/Vivado/2016.4/scripts/rt/data/unisim_comp.v:32497]
INFO: [Synth 8-256] done synthesizing module 'PHASER_OUT_PHY__parameterized1' (50#1) [C:/Xilinx/Vivado/2016.4/scripts/rt/data/unisim_comp.v:32497]
INFO: [Synth 8-638] synthesizing module 'OUT_FIFO__parameterized1' [C:/Xilinx/Vivado/2016.4/scripts/rt/data/unisim_comp.v:25993]
INFO: [Synth 8-256] done synthesizing module 'OUT_FIFO__parameterized1' (50#1) [C:/Xilinx/Vivado/2016.4/scripts/rt/data/unisim_comp.v:25993]
INFO: [Synth 8-638] synthesizing module 'mig_7series_v4_0_ddr_byte_group_io__parameterized4' [d:/Vivado_workspace/vivado2016.4/Genesys-2-HDMI-2016.4-5/Genesys-2-HDMI/src/bd/system/ip/system_mig_7series_0_0/system_mig_7series_0_0/user_design/rtl/phy/mig_7series_v4_0_ddr_byte_group_io.v:69]
INFO: [Synth 8-638] synthesizing module 'OSERDESE2__parameterized38' [C:/Xilinx/Vivado/2016.4/scripts/rt/data/unisim_comp.v:25878]
INFO: [Synth 8-256] done synthesizing module 'OSERDESE2__parameterized38' (50#1) [C:/Xilinx/Vivado/2016.4/scripts/rt/data/unisim_comp.v:25878]
INFO: [Synth 8-638] synthesizing module 'OSERDESE2__parameterized39' [C:/Xilinx/Vivado/2016.4/scripts/rt/data/unisim_comp.v:25878]
INFO: [Synth 8-256] done synthesizing module 'OSERDESE2__parameterized39' (50#1) [C:/Xilinx/Vivado/2016.4/scripts/rt/data/unisim_comp.v:25878]
INFO: [Synth 8-638] synthesizing module 'OSERDESE2__parameterized40' [C:/Xilinx/Vivado/2016.4/scripts/rt/data/unisim_comp.v:25878]
INFO: [Synth 8-256] done synthesizing module 'OSERDESE2__parameterized40' (50#1) [C:/Xilinx/Vivado/2016.4/scripts/rt/data/unisim_comp.v:25878]
INFO: [Synth 8-256] done synthesizing module 'mig_7series_v4_0_ddr_byte_group_io__parameterized4' (50#1) [d:/Vivado_workspace/vivado2016.4/Genesys-2-HDMI-2016.4-5/Genesys-2-HDMI/src/bd/system/ip/system_mig_7series_0_0/system_mig_7series_0_0/user_design/rtl/phy/mig_7series_v4_0_ddr_byte_group_io.v:69]
INFO: [Synth 8-256] done synthesizing module 'mig_7series_v4_0_ddr_byte_lane__parameterized4' (50#1) [d:/Vivado_workspace/vivado2016.4/Genesys-2-HDMI-2016.4-5/Genesys-2-HDMI/src/bd/system/ip/system_mig_7series_0_0/system_mig_7series_0_0/user_design/rtl/phy/mig_7series_v4_0_ddr_byte_lane.v:70]
INFO: [Synth 8-638] synthesizing module 'mig_7series_v4_0_ddr_byte_lane__parameterized5' [d:/Vivado_workspace/vivado2016.4/Genesys-2-HDMI-2016.4-5/Genesys-2-HDMI/src/bd/system/ip/system_mig_7series_0_0/system_mig_7series_0_0/user_design/rtl/phy/mig_7series_v4_0_ddr_byte_lane.v:70]
INFO: [Synth 8-638] synthesizing module 'mig_7series_v4_0_ddr_of_pre_fifo__parameterized8' [d:/Vivado_workspace/vivado2016.4/Genesys-2-HDMI-2016.4-5/Genesys-2-HDMI/src/bd/system/ip/system_mig_7series_0_0/system_mig_7series_0_0/user_design/rtl/phy/mig_7series_v4_0_ddr_of_pre_fifo.v:76]
INFO: [Synth 8-256] done synthesizing module 'mig_7series_v4_0_ddr_of_pre_fifo__parameterized8' (50#1) [d:/Vivado_workspace/vivado2016.4/Genesys-2-HDMI-2016.4-5/Genesys-2-HDMI/src/bd/system/ip/system_mig_7series_0_0/system_mig_7series_0_0/user_design/rtl/phy/mig_7series_v4_0_ddr_of_pre_fifo.v:76]
INFO: [Synth 8-638] synthesizing module 'PHASER_OUT_PHY__parameterized2' [C:/Xilinx/Vivado/2016.4/scripts/rt/data/unisim_comp.v:32497]
INFO: [Synth 8-256] done synthesizing module 'PHASER_OUT_PHY__parameterized2' (50#1) [C:/Xilinx/Vivado/2016.4/scripts/rt/data/unisim_comp.v:32497]
INFO: [Synth 8-638] synthesizing module 'OUT_FIFO__parameterized2' [C:/Xilinx/Vivado/2016.4/scripts/rt/data/unisim_comp.v:25993]
INFO: [Synth 8-256] done synthesizing module 'OUT_FIFO__parameterized2' (50#1) [C:/Xilinx/Vivado/2016.4/scripts/rt/data/unisim_comp.v:25993]
INFO: [Synth 8-638] synthesizing module 'mig_7series_v4_0_ddr_byte_group_io__parameterized5' [d:/Vivado_workspace/vivado2016.4/Genesys-2-HDMI-2016.4-5/Genesys-2-HDMI/src/bd/system/ip/system_mig_7series_0_0/system_mig_7series_0_0/user_design/rtl/phy/mig_7series_v4_0_ddr_byte_group_io.v:69]
INFO: [Synth 8-638] synthesizing module 'OSERDESE2__parameterized41' [C:/Xilinx/Vivado/2016.4/scripts/rt/data/unisim_comp.v:25878]
INFO: [Synth 8-256] done synthesizing module 'OSERDESE2__parameterized41' (50#1) [C:/Xilinx/Vivado/2016.4/scripts/rt/data/unisim_comp.v:25878]
INFO: [Synth 8-638] synthesizing module 'OSERDESE2__parameterized42' [C:/Xilinx/Vivado/2016.4/scripts/rt/data/unisim_comp.v:25878]
INFO: [Synth 8-256] done synthesizing module 'OSERDESE2__parameterized42' (50#1) [C:/Xilinx/Vivado/2016.4/scripts/rt/data/unisim_comp.v:25878]
INFO: [Synth 8-638] synthesizing module 'OSERDESE2__parameterized43' [C:/Xilinx/Vivado/2016.4/scripts/rt/data/unisim_comp.v:25878]
INFO: [Synth 8-256] done synthesizing module 'OSERDESE2__parameterized43' (50#1) [C:/Xilinx/Vivado/2016.4/scripts/rt/data/unisim_comp.v:25878]
INFO: [Synth 8-638] synthesizing module 'OSERDESE2__parameterized44' [C:/Xilinx/Vivado/2016.4/scripts/rt/data/unisim_comp.v:25878]
INFO: [Synth 8-256] done synthesizing module 'OSERDESE2__parameterized44' (50#1) [C:/Xilinx/Vivado/2016.4/scripts/rt/data/unisim_comp.v:25878]
INFO: [Synth 8-638] synthesizing module 'OSERDESE2__parameterized45' [C:/Xilinx/Vivado/2016.4/scripts/rt/data/unisim_comp.v:25878]
INFO: [Synth 8-256] done synthesizing module 'OSERDESE2__parameterized45' (50#1) [C:/Xilinx/Vivado/2016.4/scripts/rt/data/unisim_comp.v:25878]
INFO: [Synth 8-638] synthesizing module 'OSERDESE2__parameterized46' [C:/Xilinx/Vivado/2016.4/scripts/rt/data/unisim_comp.v:25878]
INFO: [Synth 8-256] done synthesizing module 'OSERDESE2__parameterized46' (50#1) [C:/Xilinx/Vivado/2016.4/scripts/rt/data/unisim_comp.v:25878]
INFO: [Synth 8-638] synthesizing module 'OSERDESE2__parameterized47' [C:/Xilinx/Vivado/2016.4/scripts/rt/data/unisim_comp.v:25878]
INFO: [Synth 8-256] done synthesizing module 'OSERDESE2__parameterized47' (50#1) [C:/Xilinx/Vivado/2016.4/scripts/rt/data/unisim_comp.v:25878]
INFO: [Synth 8-638] synthesizing module 'OSERDESE2__parameterized48' [C:/Xilinx/Vivado/2016.4/scripts/rt/data/unisim_comp.v:25878]
INFO: [Synth 8-256] done synthesizing module 'OSERDESE2__parameterized48' (50#1) [C:/Xilinx/Vivado/2016.4/scripts/rt/data/unisim_comp.v:25878]
INFO: [Synth 8-638] synthesizing module 'OSERDESE2__parameterized49' [C:/Xilinx/Vivado/2016.4/scripts/rt/data/unisim_comp.v:25878]
INFO: [Synth 8-256] done synthesizing module 'OSERDESE2__parameterized49' (50#1) [C:/Xilinx/Vivado/2016.4/scripts/rt/data/unisim_comp.v:25878]
INFO: [Synth 8-638] synthesizing module 'OSERDESE2__parameterized50' [C:/Xilinx/Vivado/2016.4/scripts/rt/data/unisim_comp.v:25878]
INFO: [Synth 8-256] done synthesizing module 'OSERDESE2__parameterized50' (50#1) [C:/Xilinx/Vivado/2016.4/scripts/rt/data/unisim_comp.v:25878]
INFO: [Synth 8-256] done synthesizing module 'mig_7series_v4_0_ddr_byte_group_io__parameterized5' (50#1) [d:/Vivado_workspace/vivado2016.4/Genesys-2-HDMI-2016.4-5/Genesys-2-HDMI/src/bd/system/ip/system_mig_7series_0_0/system_mig_7series_0_0/user_design/rtl/phy/mig_7series_v4_0_ddr_byte_group_io.v:69]
INFO: [Synth 8-256] done synthesizing module 'mig_7series_v4_0_ddr_byte_lane__parameterized5' (50#1) [d:/Vivado_workspace/vivado2016.4/Genesys-2-HDMI-2016.4-5/Genesys-2-HDMI/src/bd/system/ip/system_mig_7series_0_0/system_mig_7series_0_0/user_design/rtl/phy/mig_7series_v4_0_ddr_byte_lane.v:70]
INFO: [Synth 8-638] synthesizing module 'mig_7series_v4_0_ddr_byte_lane__parameterized6' [d:/Vivado_workspace/vivado2016.4/Genesys-2-HDMI-2016.4-5/Genesys-2-HDMI/src/bd/system/ip/system_mig_7series_0_0/system_mig_7series_0_0/user_design/rtl/phy/mig_7series_v4_0_ddr_byte_lane.v:70]
INFO: [Synth 8-638] synthesizing module 'mig_7series_v4_0_ddr_of_pre_fifo__parameterized9' [d:/Vivado_workspace/vivado2016.4/Genesys-2-HDMI-2016.4-5/Genesys-2-HDMI/src/bd/system/ip/system_mig_7series_0_0/system_mig_7series_0_0/user_design/rtl/phy/mig_7series_v4_0_ddr_of_pre_fifo.v:76]
INFO: [Synth 8-256] done synthesizing module 'mig_7series_v4_0_ddr_of_pre_fifo__parameterized9' (50#1) [d:/Vivado_workspace/vivado2016.4/Genesys-2-HDMI-2016.4-5/Genesys-2-HDMI/src/bd/system/ip/system_mig_7series_0_0/system_mig_7series_0_0/user_design/rtl/phy/mig_7series_v4_0_ddr_of_pre_fifo.v:76]
INFO: [Synth 8-638] synthesizing module 'OBUFDS' [C:/Xilinx/Vivado/2016.4/scripts/rt/data/unisim_comp.v:21941]
INFO: [Synth 8-256] done synthesizing module 'OBUFDS' (51#1) [C:/Xilinx/Vivado/2016.4/scripts/rt/data/unisim_comp.v:21941]
INFO: [Synth 8-638] synthesizing module 'PHASER_OUT_PHY__parameterized3' [C:/Xilinx/Vivado/2016.4/scripts/rt/data/unisim_comp.v:32497]
INFO: [Synth 8-256] done synthesizing module 'PHASER_OUT_PHY__parameterized3' (51#1) [C:/Xilinx/Vivado/2016.4/scripts/rt/data/unisim_comp.v:32497]
INFO: [Synth 8-638] synthesizing module 'OUT_FIFO__parameterized3' [C:/Xilinx/Vivado/2016.4/scripts/rt/data/unisim_comp.v:25993]
INFO: [Synth 8-256] done synthesizing module 'OUT_FIFO__parameterized3' (51#1) [C:/Xilinx/Vivado/2016.4/scripts/rt/data/unisim_comp.v:25993]
INFO: [Synth 8-638] synthesizing module 'mig_7series_v4_0_ddr_byte_group_io__parameterized6' [d:/Vivado_workspace/vivado2016.4/Genesys-2-HDMI-2016.4-5/Genesys-2-HDMI/src/bd/system/ip/system_mig_7series_0_0/system_mig_7series_0_0/user_design/rtl/phy/mig_7series_v4_0_ddr_byte_group_io.v:69]
INFO: [Synth 8-638] synthesizing module 'OSERDESE2__parameterized51' [C:/Xilinx/Vivado/2016.4/scripts/rt/data/unisim_comp.v:25878]
INFO: [Synth 8-256] done synthesizing module 'OSERDESE2__parameterized51' (51#1) [C:/Xilinx/Vivado/2016.4/scripts/rt/data/unisim_comp.v:25878]
INFO: [Synth 8-638] synthesizing module 'OSERDESE2__parameterized52' [C:/Xilinx/Vivado/2016.4/scripts/rt/data/unisim_comp.v:25878]
INFO: [Synth 8-256] done synthesizing module 'OSERDESE2__parameterized52' (51#1) [C:/Xilinx/Vivado/2016.4/scripts/rt/data/unisim_comp.v:25878]
INFO: [Synth 8-638] synthesizing module 'OSERDESE2__parameterized53' [C:/Xilinx/Vivado/2016.4/scripts/rt/data/unisim_comp.v:25878]
INFO: [Synth 8-256] done synthesizing module 'OSERDESE2__parameterized53' (51#1) [C:/Xilinx/Vivado/2016.4/scripts/rt/data/unisim_comp.v:25878]
INFO: [Synth 8-638] synthesizing module 'OSERDESE2__parameterized54' [C:/Xilinx/Vivado/2016.4/scripts/rt/data/unisim_comp.v:25878]
INFO: [Synth 8-256] done synthesizing module 'OSERDESE2__parameterized54' (51#1) [C:/Xilinx/Vivado/2016.4/scripts/rt/data/unisim_comp.v:25878]
INFO: [Synth 8-638] synthesizing module 'OSERDESE2__parameterized55' [C:/Xilinx/Vivado/2016.4/scripts/rt/data/unisim_comp.v:25878]
INFO: [Synth 8-256] done synthesizing module 'OSERDESE2__parameterized55' (51#1) [C:/Xilinx/Vivado/2016.4/scripts/rt/data/unisim_comp.v:25878]
INFO: [Synth 8-638] synthesizing module 'OSERDESE2__parameterized56' [C:/Xilinx/Vivado/2016.4/scripts/rt/data/unisim_comp.v:25878]
INFO: [Synth 8-256] done synthesizing module 'OSERDESE2__parameterized56' (51#1) [C:/Xilinx/Vivado/2016.4/scripts/rt/data/unisim_comp.v:25878]
INFO: [Synth 8-638] synthesizing module 'OSERDESE2__parameterized57' [C:/Xilinx/Vivado/2016.4/scripts/rt/data/unisim_comp.v:25878]
INFO: [Synth 8-256] done synthesizing module 'OSERDESE2__parameterized57' (51#1) [C:/Xilinx/Vivado/2016.4/scripts/rt/data/unisim_comp.v:25878]
INFO: [Synth 8-638] synthesizing module 'OSERDESE2__parameterized58' [C:/Xilinx/Vivado/2016.4/scripts/rt/data/unisim_comp.v:25878]
INFO: [Synth 8-256] done synthesizing module 'OSERDESE2__parameterized58' (51#1) [C:/Xilinx/Vivado/2016.4/scripts/rt/data/unisim_comp.v:25878]
INFO: [Synth 8-638] synthesizing module 'OSERDESE2__parameterized59' [C:/Xilinx/Vivado/2016.4/scripts/rt/data/unisim_comp.v:25878]
INFO: [Synth 8-256] done synthesizing module 'OSERDESE2__parameterized59' (51#1) [C:/Xilinx/Vivado/2016.4/scripts/rt/data/unisim_comp.v:25878]
INFO: [Synth 8-256] done synthesizing module 'mig_7series_v4_0_ddr_byte_group_io__parameterized6' (51#1) [d:/Vivado_workspace/vivado2016.4/Genesys-2-HDMI-2016.4-5/Genesys-2-HDMI/src/bd/system/ip/system_mig_7series_0_0/system_mig_7series_0_0/user_design/rtl/phy/mig_7series_v4_0_ddr_byte_group_io.v:69]
INFO: [Synth 8-256] done synthesizing module 'mig_7series_v4_0_ddr_byte_lane__parameterized6' (51#1) [d:/Vivado_workspace/vivado2016.4/Genesys-2-HDMI-2016.4-5/Genesys-2-HDMI/src/bd/system/ip/system_mig_7series_0_0/system_mig_7series_0_0/user_design/rtl/phy/mig_7series_v4_0_ddr_byte_lane.v:70]
INFO: [Synth 8-638] synthesizing module 'PHY_CONTROL__parameterized0' [C:/Xilinx/Vivado/2016.4/scripts/rt/data/unisim_comp.v:32588]
INFO: [Synth 8-256] done synthesizing module 'PHY_CONTROL__parameterized0' (51#1) [C:/Xilinx/Vivado/2016.4/scripts/rt/data/unisim_comp.v:32588]
INFO: [Synth 8-256] done synthesizing module 'mig_7series_v4_0_ddr_phy_4lanes__parameterized0' (51#1) [d:/Vivado_workspace/vivado2016.4/Genesys-2-HDMI-2016.4-5/Genesys-2-HDMI/src/bd/system/ip/system_mig_7series_0_0/system_mig_7series_0_0/user_design/rtl/phy/mig_7series_v4_0_ddr_phy_4lanes.v:72]
INFO: [Synth 8-256] done synthesizing module 'mig_7series_v4_0_ddr_mc_phy' (52#1) [d:/Vivado_workspace/vivado2016.4/Genesys-2-HDMI-2016.4-5/Genesys-2-HDMI/src/bd/system/ip/system_mig_7series_0_0/system_mig_7series_0_0/user_design/rtl/phy/mig_7series_v4_0_ddr_mc_phy.v:70]
INFO: [Synth 8-256] done synthesizing module 'mig_7series_v4_0_ddr_mc_phy_wrapper' (53#1) [d:/Vivado_workspace/vivado2016.4/Genesys-2-HDMI-2016.4-5/Genesys-2-HDMI/src/bd/system/ip/system_mig_7series_0_0/system_mig_7series_0_0/user_design/rtl/phy/mig_7series_v4_0_ddr_mc_phy_wrapper.v:71]
INFO: [Synth 8-638] synthesizing module 'mig_7series_v4_0_ddr_calib_top' [d:/Vivado_workspace/vivado2016.4/Genesys-2-HDMI-2016.4-5/Genesys-2-HDMI/src/bd/system/ip/system_mig_7series_0_0/system_mig_7series_0_0/user_design/rtl/phy/mig_7series_v4_0_ddr_calib_top.v:82]
INFO: [Synth 8-638] synthesizing module 'mig_7series_v4_0_ddr_phy_wrlvl' [d:/Vivado_workspace/vivado2016.4/Genesys-2-HDMI-2016.4-5/Genesys-2-HDMI/src/bd/system/ip/system_mig_7series_0_0/system_mig_7series_0_0/user_design/rtl/phy/mig_7series_v4_0_ddr_phy_wrlvl.v:90]
INFO: [Synth 8-256] done synthesizing module 'mig_7series_v4_0_ddr_phy_wrlvl' (54#1) [d:/Vivado_workspace/vivado2016.4/Genesys-2-HDMI-2016.4-5/Genesys-2-HDMI/src/bd/system/ip/system_mig_7series_0_0/system_mig_7series_0_0/user_design/rtl/phy/mig_7series_v4_0_ddr_phy_wrlvl.v:90]
INFO: [Synth 8-638] synthesizing module 'mig_7series_v4_0_ddr_phy_ck_addr_cmd_delay' [d:/Vivado_workspace/vivado2016.4/Genesys-2-HDMI-2016.4-5/Genesys-2-HDMI/src/bd/system/ip/system_mig_7series_0_0/system_mig_7series_0_0/user_design/rtl/phy/mig_7series_v4_0_ddr_phy_ck_addr_cmd_delay.v:68]
INFO: [Synth 8-256] done synthesizing module 'mig_7series_v4_0_ddr_phy_ck_addr_cmd_delay' (55#1) [d:/Vivado_workspace/vivado2016.4/Genesys-2-HDMI-2016.4-5/Genesys-2-HDMI/src/bd/system/ip/system_mig_7series_0_0/system_mig_7series_0_0/user_design/rtl/phy/mig_7series_v4_0_ddr_phy_ck_addr_cmd_delay.v:68]
INFO: [Synth 8-638] synthesizing module 'mig_7series_v4_0_ddr_phy_dqs_found_cal' [d:/Vivado_workspace/vivado2016.4/Genesys-2-HDMI-2016.4-5/Genesys-2-HDMI/src/bd/system/ip/system_mig_7series_0_0/system_mig_7series_0_0/user_design/rtl/phy/mig_7series_v4_0_ddr_phy_dqs_found_cal.v:79]
INFO: [Synth 8-256] done synthesizing module 'mig_7series_v4_0_ddr_phy_dqs_found_cal' (56#1) [d:/Vivado_workspace/vivado2016.4/Genesys-2-HDMI-2016.4-5/Genesys-2-HDMI/src/bd/system/ip/system_mig_7series_0_0/system_mig_7series_0_0/user_design/rtl/phy/mig_7series_v4_0_ddr_phy_dqs_found_cal.v:79]
INFO: [Synth 8-638] synthesizing module 'mig_7series_v4_0_ddr_phy_rdlvl' [d:/Vivado_workspace/vivado2016.4/Genesys-2-HDMI-2016.4-5/Genesys-2-HDMI/src/bd/system/ip/system_mig_7series_0_0/system_mig_7series_0_0/user_design/rtl/phy/mig_7series_v4_0_ddr_phy_rdlvl.v:81]
INFO: [Synth 8-256] done synthesizing module 'mig_7series_v4_0_ddr_phy_rdlvl' (57#1) [d:/Vivado_workspace/vivado2016.4/Genesys-2-HDMI-2016.4-5/Genesys-2-HDMI/src/bd/system/ip/system_mig_7series_0_0/system_mig_7series_0_0/user_design/rtl/phy/mig_7series_v4_0_ddr_phy_rdlvl.v:81]
INFO: [Synth 8-638] synthesizing module 'mig_7series_v4_0_ddr_phy_prbs_rdlvl' [d:/Vivado_workspace/vivado2016.4/Genesys-2-HDMI-2016.4-5/Genesys-2-HDMI/src/bd/system/ip/system_mig_7series_0_0/system_mig_7series_0_0/user_design/rtl/phy/mig_7series_v4_0_ddr_phy_prbs_rdlvl.v:79]
INFO: [Synth 8-256] done synthesizing module 'mig_7series_v4_0_ddr_phy_prbs_rdlvl' (58#1) [d:/Vivado_workspace/vivado2016.4/Genesys-2-HDMI-2016.4-5/Genesys-2-HDMI/src/bd/system/ip/system_mig_7series_0_0/system_mig_7series_0_0/user_design/rtl/phy/mig_7series_v4_0_ddr_phy_prbs_rdlvl.v:79]
INFO: [Synth 8-638] synthesizing module 'mig_7series_v4_0_ddr_prbs_gen' [d:/Vivado_workspace/vivado2016.4/Genesys-2-HDMI-2016.4-5/Genesys-2-HDMI/src/bd/system/ip/system_mig_7series_0_0/system_mig_7series_0_0/user_design/rtl/phy/mig_7series_v4_0_ddr_prbs_gen.v:92]
INFO: [Synth 8-256] done synthesizing module 'mig_7series_v4_0_ddr_prbs_gen' (59#1) [d:/Vivado_workspace/vivado2016.4/Genesys-2-HDMI-2016.4-5/Genesys-2-HDMI/src/bd/system/ip/system_mig_7series_0_0/system_mig_7series_0_0/user_design/rtl/phy/mig_7series_v4_0_ddr_prbs_gen.v:92]
INFO: [Synth 8-638] synthesizing module 'mig_7series_v4_0_ddr_phy_init' [d:/Vivado_workspace/vivado2016.4/Genesys-2-HDMI-2016.4-5/Genesys-2-HDMI/src/bd/system/ip/system_mig_7series_0_0/system_mig_7series_0_0/user_design/rtl/phy/mig_7series_v4_0_ddr_phy_init.v:89]
INFO: [Synth 8-256] done synthesizing module 'mig_7series_v4_0_ddr_phy_init' (60#1) [d:/Vivado_workspace/vivado2016.4/Genesys-2-HDMI-2016.4-5/Genesys-2-HDMI/src/bd/system/ip/system_mig_7series_0_0/system_mig_7series_0_0/user_design/rtl/phy/mig_7series_v4_0_ddr_phy_init.v:89]
INFO: [Synth 8-638] synthesizing module 'mig_7series_v4_0_ddr_phy_wrcal' [d:/Vivado_workspace/vivado2016.4/Genesys-2-HDMI-2016.4-5/Genesys-2-HDMI/src/bd/system/ip/system_mig_7series_0_0/system_mig_7series_0_0/user_design/rtl/phy/mig_7series_v4_0_ddr_phy_wrcal.v:77]
INFO: [Synth 8-256] done synthesizing module 'mig_7series_v4_0_ddr_phy_wrcal' (61#1) [d:/Vivado_workspace/vivado2016.4/Genesys-2-HDMI-2016.4-5/Genesys-2-HDMI/src/bd/system/ip/system_mig_7series_0_0/system_mig_7series_0_0/user_design/rtl/phy/mig_7series_v4_0_ddr_phy_wrcal.v:77]
INFO: [Synth 8-638] synthesizing module 'mig_7series_v4_0_ddr_phy_tempmon' [d:/Vivado_workspace/vivado2016.4/Genesys-2-HDMI-2016.4-5/Genesys-2-HDMI/src/bd/system/ip/system_mig_7series_0_0/system_mig_7series_0_0/user_design/rtl/phy/mig_7series_v4_0_ddr_phy_tempmon.v:69]
INFO: [Synth 8-256] done synthesizing module 'mig_7series_v4_0_ddr_phy_tempmon' (62#1) [d:/Vivado_workspace/vivado2016.4/Genesys-2-HDMI-2016.4-5/Genesys-2-HDMI/src/bd/system/ip/system_mig_7series_0_0/system_mig_7series_0_0/user_design/rtl/phy/mig_7series_v4_0_ddr_phy_tempmon.v:69]
INFO: [Synth 8-256] done synthesizing module 'mig_7series_v4_0_ddr_calib_top' (63#1) [d:/Vivado_workspace/vivado2016.4/Genesys-2-HDMI-2016.4-5/Genesys-2-HDMI/src/bd/system/ip/system_mig_7series_0_0/system_mig_7series_0_0/user_design/rtl/phy/mig_7series_v4_0_ddr_calib_top.v:82]
INFO: [Synth 8-256] done synthesizing module 'mig_7series_v4_0_ddr_phy_top' (64#1) [d:/Vivado_workspace/vivado2016.4/Genesys-2-HDMI-2016.4-5/Genesys-2-HDMI/src/bd/system/ip/system_mig_7series_0_0/system_mig_7series_0_0/user_design/rtl/phy/mig_7series_v4_0_ddr_phy_top.v:70]
INFO: [Synth 8-256] done synthesizing module 'mig_7series_v4_0_mem_intfc' (65#1) [d:/Vivado_workspace/vivado2016.4/Genesys-2-HDMI-2016.4-5/Genesys-2-HDMI/src/bd/system/ip/system_mig_7series_0_0/system_mig_7series_0_0/user_design/rtl/ip_top/mig_7series_v4_0_mem_intfc.v:70]
INFO: [Synth 8-638] synthesizing module 'mig_7series_v4_0_ui_top' [d:/Vivado_workspace/vivado2016.4/Genesys-2-HDMI-2016.4-5/Genesys-2-HDMI/src/bd/system/ip/system_mig_7series_0_0/system_mig_7series_0_0/user_design/rtl/ui/mig_7series_v4_0_ui_top.v:71]
INFO: [Synth 8-638] synthesizing module 'mig_7series_v4_0_ui_cmd' [d:/Vivado_workspace/vivado2016.4/Genesys-2-HDMI-2016.4-5/Genesys-2-HDMI/src/bd/system/ip/system_mig_7series_0_0/system_mig_7series_0_0/user_design/rtl/ui/mig_7series_v4_0_ui_cmd.v:70]
INFO: [Synth 8-256] done synthesizing module 'mig_7series_v4_0_ui_cmd' (66#1) [d:/Vivado_workspace/vivado2016.4/Genesys-2-HDMI-2016.4-5/Genesys-2-HDMI/src/bd/system/ip/system_mig_7series_0_0/system_mig_7series_0_0/user_design/rtl/ui/mig_7series_v4_0_ui_cmd.v:70]
INFO: [Synth 8-638] synthesizing module 'mig_7series_v4_0_ui_wr_data' [d:/Vivado_workspace/vivado2016.4/Genesys-2-HDMI-2016.4-5/Genesys-2-HDMI/src/bd/system/ip/system_mig_7series_0_0/system_mig_7series_0_0/user_design/rtl/ui/mig_7series_v4_0_ui_wr_data.v:131]
INFO: [Synth 8-256] done synthesizing module 'mig_7series_v4_0_ui_wr_data' (67#1) [d:/Vivado_workspace/vivado2016.4/Genesys-2-HDMI-2016.4-5/Genesys-2-HDMI/src/bd/system/ip/system_mig_7series_0_0/system_mig_7series_0_0/user_design/rtl/ui/mig_7series_v4_0_ui_wr_data.v:131]
INFO: [Synth 8-638] synthesizing module 'mig_7series_v4_0_ui_rd_data' [d:/Vivado_workspace/vivado2016.4/Genesys-2-HDMI-2016.4-5/Genesys-2-HDMI/src/bd/system/ip/system_mig_7series_0_0/system_mig_7series_0_0/user_design/rtl/ui/mig_7series_v4_0_ui_rd_data.v:140]
INFO: [Synth 8-256] done synthesizing module 'mig_7series_v4_0_ui_rd_data' (68#1) [d:/Vivado_workspace/vivado2016.4/Genesys-2-HDMI-2016.4-5/Genesys-2-HDMI/src/bd/system/ip/system_mig_7series_0_0/system_mig_7series_0_0/user_design/rtl/ui/mig_7series_v4_0_ui_rd_data.v:140]
INFO: [Synth 8-256] done synthesizing module 'mig_7series_v4_0_ui_top' (69#1) [d:/Vivado_workspace/vivado2016.4/Genesys-2-HDMI-2016.4-5/Genesys-2-HDMI/src/bd/system/ip/system_mig_7series_0_0/system_mig_7series_0_0/user_design/rtl/ui/mig_7series_v4_0_ui_top.v:71]
INFO: [Synth 8-638] synthesizing module 'mig_7series_v4_0_axi_mc' [d:/Vivado_workspace/vivado2016.4/Genesys-2-HDMI-2016.4-5/Genesys-2-HDMI/src/bd/system/ip/system_mig_7series_0_0/system_mig_7series_0_0/user_design/rtl/axi/mig_7series_v4_0_axi_mc.v:90]
INFO: [Synth 8-638] synthesizing module 'mig_7series_v4_0_ddr_axi_register_slice' [d:/Vivado_workspace/vivado2016.4/Genesys-2-HDMI-2016.4-5/Genesys-2-HDMI/src/bd/system/ip/system_mig_7series_0_0/system_mig_7series_0_0/user_design/rtl/axi/mig_7series_v4_0_ddr_axi_register_slice.v:63]
INFO: [Synth 8-638] synthesizing module 'mig_7series_v4_0_ddr_axic_register_slice' [d:/Vivado_workspace/vivado2016.4/Genesys-2-HDMI-2016.4-5/Genesys-2-HDMI/src/bd/system/ip/system_mig_7series_0_0/system_mig_7series_0_0/user_design/rtl/axi/mig_7series_v4_0_ddr_axic_register_slice.v:61]
INFO: [Synth 8-256] done synthesizing module 'mig_7series_v4_0_ddr_axic_register_slice' (70#1) [d:/Vivado_workspace/vivado2016.4/Genesys-2-HDMI-2016.4-5/Genesys-2-HDMI/src/bd/system/ip/system_mig_7series_0_0/system_mig_7series_0_0/user_design/rtl/axi/mig_7series_v4_0_ddr_axic_register_slice.v:61]
INFO: [Synth 8-638] synthesizing module 'mig_7series_v4_0_ddr_axic_register_slice__parameterized0' [d:/Vivado_workspace/vivado2016.4/Genesys-2-HDMI-2016.4-5/Genesys-2-HDMI/src/bd/system/ip/system_mig_7series_0_0/system_mig_7series_0_0/user_design/rtl/axi/mig_7series_v4_0_ddr_axic_register_slice.v:61]
INFO: [Synth 8-256] done synthesizing module 'mig_7series_v4_0_ddr_axic_register_slice__parameterized0' (70#1) [d:/Vivado_workspace/vivado2016.4/Genesys-2-HDMI-2016.4-5/Genesys-2-HDMI/src/bd/system/ip/system_mig_7series_0_0/system_mig_7series_0_0/user_design/rtl/axi/mig_7series_v4_0_ddr_axic_register_slice.v:61]
INFO: [Synth 8-638] synthesizing module 'mig_7series_v4_0_ddr_axic_register_slice__parameterized1' [d:/Vivado_workspace/vivado2016.4/Genesys-2-HDMI-2016.4-5/Genesys-2-HDMI/src/bd/system/ip/system_mig_7series_0_0/system_mig_7series_0_0/user_design/rtl/axi/mig_7series_v4_0_ddr_axic_register_slice.v:61]
INFO: [Synth 8-256] done synthesizing module 'mig_7series_v4_0_ddr_axic_register_slice__parameterized1' (70#1) [d:/Vivado_workspace/vivado2016.4/Genesys-2-HDMI-2016.4-5/Genesys-2-HDMI/src/bd/system/ip/system_mig_7series_0_0/system_mig_7series_0_0/user_design/rtl/axi/mig_7series_v4_0_ddr_axic_register_slice.v:61]
INFO: [Synth 8-638] synthesizing module 'mig_7series_v4_0_ddr_axic_register_slice__parameterized2' [d:/Vivado_workspace/vivado2016.4/Genesys-2-HDMI-2016.4-5/Genesys-2-HDMI/src/bd/system/ip/system_mig_7series_0_0/system_mig_7series_0_0/user_design/rtl/axi/mig_7series_v4_0_ddr_axic_register_slice.v:61]
INFO: [Synth 8-256] done synthesizing module 'mig_7series_v4_0_ddr_axic_register_slice__parameterized2' (70#1) [d:/Vivado_workspace/vivado2016.4/Genesys-2-HDMI-2016.4-5/Genesys-2-HDMI/src/bd/system/ip/system_mig_7series_0_0/system_mig_7series_0_0/user_design/rtl/axi/mig_7series_v4_0_ddr_axic_register_slice.v:61]
INFO: [Synth 8-256] done synthesizing module 'mig_7series_v4_0_ddr_axi_register_slice' (71#1) [d:/Vivado_workspace/vivado2016.4/Genesys-2-HDMI-2016.4-5/Genesys-2-HDMI/src/bd/system/ip/system_mig_7series_0_0/system_mig_7series_0_0/user_design/rtl/axi/mig_7series_v4_0_ddr_axi_register_slice.v:63]
INFO: [Synth 8-638] synthesizing module 'mig_7series_v4_0_axi_mc_aw_channel' [d:/Vivado_workspace/vivado2016.4/Genesys-2-HDMI-2016.4-5/Genesys-2-HDMI/src/bd/system/ip/system_mig_7series_0_0/system_mig_7series_0_0/user_design/rtl/axi/mig_7series_v4_0_axi_mc_aw_channel.v:57]
INFO: [Synth 8-638] synthesizing module 'mig_7series_v4_0_axi_mc_cmd_translator' [d:/Vivado_workspace/vivado2016.4/Genesys-2-HDMI-2016.4-5/Genesys-2-HDMI/src/bd/system/ip/system_mig_7series_0_0/system_mig_7series_0_0/user_design/rtl/axi/mig_7series_v4_0_axi_mc_cmd_translator.v:62]
INFO: [Synth 8-638] synthesizing module 'mig_7series_v4_0_axi_mc_incr_cmd' [d:/Vivado_workspace/vivado2016.4/Genesys-2-HDMI-2016.4-5/Genesys-2-HDMI/src/bd/system/ip/system_mig_7series_0_0/system_mig_7series_0_0/user_design/rtl/axi/mig_7series_v4_0_axi_mc_incr_cmd.v:64]
INFO: [Synth 8-256] done synthesizing module 'mig_7series_v4_0_axi_mc_incr_cmd' (72#1) [d:/Vivado_workspace/vivado2016.4/Genesys-2-HDMI-2016.4-5/Genesys-2-HDMI/src/bd/system/ip/system_mig_7series_0_0/system_mig_7series_0_0/user_design/rtl/axi/mig_7series_v4_0_axi_mc_incr_cmd.v:64]
INFO: [Synth 8-638] synthesizing module 'mig_7series_v4_0_axi_mc_wrap_cmd' [d:/Vivado_workspace/vivado2016.4/Genesys-2-HDMI-2016.4-5/Genesys-2-HDMI/src/bd/system/ip/system_mig_7series_0_0/system_mig_7series_0_0/user_design/rtl/axi/mig_7series_v4_0_axi_mc_wrap_cmd.v:97]
INFO: [Synth 8-256] done synthesizing module 'mig_7series_v4_0_axi_mc_wrap_cmd' (73#1) [d:/Vivado_workspace/vivado2016.4/Genesys-2-HDMI-2016.4-5/Genesys-2-HDMI/src/bd/system/ip/system_mig_7series_0_0/system_mig_7series_0_0/user_design/rtl/axi/mig_7series_v4_0_axi_mc_wrap_cmd.v:97]
INFO: [Synth 8-256] done synthesizing module 'mig_7series_v4_0_axi_mc_cmd_translator' (74#1) [d:/Vivado_workspace/vivado2016.4/Genesys-2-HDMI-2016.4-5/Genesys-2-HDMI/src/bd/system/ip/system_mig_7series_0_0/system_mig_7series_0_0/user_design/rtl/axi/mig_7series_v4_0_axi_mc_cmd_translator.v:62]
INFO: [Synth 8-638] synthesizing module 'mig_7series_v4_0_axi_mc_wr_cmd_fsm' [d:/Vivado_workspace/vivado2016.4/Genesys-2-HDMI-2016.4-5/Genesys-2-HDMI/src/bd/system/ip/system_mig_7series_0_0/system_mig_7series_0_0/user_design/rtl/axi/mig_7series_v4_0_axi_mc_wr_cmd_fsm.v:76]
INFO: [Synth 8-256] done synthesizing module 'mig_7series_v4_0_axi_mc_wr_cmd_fsm' (75#1) [d:/Vivado_workspace/vivado2016.4/Genesys-2-HDMI-2016.4-5/Genesys-2-HDMI/src/bd/system/ip/system_mig_7series_0_0/system_mig_7series_0_0/user_design/rtl/axi/mig_7series_v4_0_axi_mc_wr_cmd_fsm.v:76]
INFO: [Synth 8-256] done synthesizing module 'mig_7series_v4_0_axi_mc_aw_channel' (76#1) [d:/Vivado_workspace/vivado2016.4/Genesys-2-HDMI-2016.4-5/Genesys-2-HDMI/src/bd/system/ip/system_mig_7series_0_0/system_mig_7series_0_0/user_design/rtl/axi/mig_7series_v4_0_axi_mc_aw_channel.v:57]
INFO: [Synth 8-638] synthesizing module 'mig_7series_v4_0_axi_mc_w_channel' [d:/Vivado_workspace/vivado2016.4/Genesys-2-HDMI-2016.4-5/Genesys-2-HDMI/src/bd/system/ip/system_mig_7series_0_0/system_mig_7series_0_0/user_design/rtl/axi/mig_7series_v4_0_axi_mc_w_channel.v:64]
INFO: [Synth 8-256] done synthesizing module 'mig_7series_v4_0_axi_mc_w_channel' (77#1) [d:/Vivado_workspace/vivado2016.4/Genesys-2-HDMI-2016.4-5/Genesys-2-HDMI/src/bd/system/ip/system_mig_7series_0_0/system_mig_7series_0_0/user_design/rtl/axi/mig_7series_v4_0_axi_mc_w_channel.v:64]
INFO: [Synth 8-638] synthesizing module 'mig_7series_v4_0_axi_mc_b_channel' [d:/Vivado_workspace/vivado2016.4/Genesys-2-HDMI-2016.4-5/Genesys-2-HDMI/src/bd/system/ip/system_mig_7series_0_0/system_mig_7series_0_0/user_design/rtl/axi/mig_7series_v4_0_axi_mc_b_channel.v:83]
INFO: [Synth 8-638] synthesizing module 'mig_7series_v4_0_axi_mc_fifo' [d:/Vivado_workspace/vivado2016.4/Genesys-2-HDMI-2016.4-5/Genesys-2-HDMI/src/bd/system/ip/system_mig_7series_0_0/system_mig_7series_0_0/user_design/rtl/axi/mig_7series_v4_0_axi_mc_fifo.v:70]
INFO: [Synth 8-256] done synthesizing module 'mig_7series_v4_0_axi_mc_fifo' (78#1) [d:/Vivado_workspace/vivado2016.4/Genesys-2-HDMI-2016.4-5/Genesys-2-HDMI/src/bd/system/ip/system_mig_7series_0_0/system_mig_7series_0_0/user_design/rtl/axi/mig_7series_v4_0_axi_mc_fifo.v:70]
INFO: [Synth 8-256] done synthesizing module 'mig_7series_v4_0_axi_mc_b_channel' (79#1) [d:/Vivado_workspace/vivado2016.4/Genesys-2-HDMI-2016.4-5/Genesys-2-HDMI/src/bd/system/ip/system_mig_7series_0_0/system_mig_7series_0_0/user_design/rtl/axi/mig_7series_v4_0_axi_mc_b_channel.v:83]
INFO: [Synth 8-638] synthesizing module 'mig_7series_v4_0_axi_mc_ar_channel' [d:/Vivado_workspace/vivado2016.4/Genesys-2-HDMI-2016.4-5/Genesys-2-HDMI/src/bd/system/ip/system_mig_7series_0_0/system_mig_7series_0_0/user_design/rtl/axi/mig_7series_v4_0_axi_mc_ar_channel.v:57]
INFO: [Synth 8-638] synthesizing module 'mig_7series_v4_0_axi_mc_cmd_translator__parameterized0' [d:/Vivado_workspace/vivado2016.4/Genesys-2-HDMI-2016.4-5/Genesys-2-HDMI/src/bd/system/ip/system_mig_7series_0_0/system_mig_7series_0_0/user_design/rtl/axi/mig_7series_v4_0_axi_mc_cmd_translator.v:62]
INFO: [Synth 8-638] synthesizing module 'mig_7series_v4_0_axi_mc_incr_cmd__parameterized0' [d:/Vivado_workspace/vivado2016.4/Genesys-2-HDMI-2016.4-5/Genesys-2-HDMI/src/bd/system/ip/system_mig_7series_0_0/system_mig_7series_0_0/user_design/rtl/axi/mig_7series_v4_0_axi_mc_incr_cmd.v:64]
INFO: [Synth 8-256] done synthesizing module 'mig_7series_v4_0_axi_mc_incr_cmd__parameterized0' (79#1) [d:/Vivado_workspace/vivado2016.4/Genesys-2-HDMI-2016.4-5/Genesys-2-HDMI/src/bd/system/ip/system_mig_7series_0_0/system_mig_7series_0_0/user_design/rtl/axi/mig_7series_v4_0_axi_mc_incr_cmd.v:64]
INFO: [Synth 8-638] synthesizing module 'mig_7series_v4_0_axi_mc_wrap_cmd__parameterized0' [d:/Vivado_workspace/vivado2016.4/Genesys-2-HDMI-2016.4-5/Genesys-2-HDMI/src/bd/system/ip/system_mig_7series_0_0/system_mig_7series_0_0/user_design/rtl/axi/mig_7series_v4_0_axi_mc_wrap_cmd.v:97]
INFO: [Synth 8-256] done synthesizing module 'mig_7series_v4_0_axi_mc_wrap_cmd__parameterized0' (79#1) [d:/Vivado_workspace/vivado2016.4/Genesys-2-HDMI-2016.4-5/Genesys-2-HDMI/src/bd/system/ip/system_mig_7series_0_0/system_mig_7series_0_0/user_design/rtl/axi/mig_7series_v4_0_axi_mc_wrap_cmd.v:97]
INFO: [Synth 8-256] done synthesizing module 'mig_7series_v4_0_axi_mc_cmd_translator__parameterized0' (79#1) [d:/Vivado_workspace/vivado2016.4/Genesys-2-HDMI-2016.4-5/Genesys-2-HDMI/src/bd/system/ip/system_mig_7series_0_0/system_mig_7series_0_0/user_design/rtl/axi/mig_7series_v4_0_axi_mc_cmd_translator.v:62]
INFO: [Synth 8-638] synthesizing module 'mig_7series_v4_0_axi_mc_cmd_fsm' [d:/Vivado_workspace/vivado2016.4/Genesys-2-HDMI-2016.4-5/Genesys-2-HDMI/src/bd/system/ip/system_mig_7series_0_0/system_mig_7series_0_0/user_design/rtl/axi/mig_7series_v4_0_axi_mc_cmd_fsm.v:72]
INFO: [Synth 8-256] done synthesizing module 'mig_7series_v4_0_axi_mc_cmd_fsm' (80#1) [d:/Vivado_workspace/vivado2016.4/Genesys-2-HDMI-2016.4-5/Genesys-2-HDMI/src/bd/system/ip/system_mig_7series_0_0/system_mig_7series_0_0/user_design/rtl/axi/mig_7series_v4_0_axi_mc_cmd_fsm.v:72]
INFO: [Synth 8-256] done synthesizing module 'mig_7series_v4_0_axi_mc_ar_channel' (81#1) [d:/Vivado_workspace/vivado2016.4/Genesys-2-HDMI-2016.4-5/Genesys-2-HDMI/src/bd/system/ip/system_mig_7series_0_0/system_mig_7series_0_0/user_design/rtl/axi/mig_7series_v4_0_axi_mc_ar_channel.v:57]
INFO: [Synth 8-638] synthesizing module 'mig_7series_v4_0_axi_mc_r_channel' [d:/Vivado_workspace/vivado2016.4/Genesys-2-HDMI-2016.4-5/Genesys-2-HDMI/src/bd/system/ip/system_mig_7series_0_0/system_mig_7series_0_0/user_design/rtl/axi/mig_7series_v4_0_axi_mc_r_channel.v:67]
INFO: [Synth 8-638] synthesizing module 'mig_7series_v4_0_axi_mc_fifo__parameterized0' [d:/Vivado_workspace/vivado2016.4/Genesys-2-HDMI-2016.4-5/Genesys-2-HDMI/src/bd/system/ip/system_mig_7series_0_0/system_mig_7series_0_0/user_design/rtl/axi/mig_7series_v4_0_axi_mc_fifo.v:70]
INFO: [Synth 8-256] done synthesizing module 'mig_7series_v4_0_axi_mc_fifo__parameterized0' (81#1) [d:/Vivado_workspace/vivado2016.4/Genesys-2-HDMI-2016.4-5/Genesys-2-HDMI/src/bd/system/ip/system_mig_7series_0_0/system_mig_7series_0_0/user_design/rtl/axi/mig_7series_v4_0_axi_mc_fifo.v:70]
INFO: [Synth 8-638] synthesizing module 'mig_7series_v4_0_axi_mc_fifo__parameterized1' [d:/Vivado_workspace/vivado2016.4/Genesys-2-HDMI-2016.4-5/Genesys-2-HDMI/src/bd/system/ip/system_mig_7series_0_0/system_mig_7series_0_0/user_design/rtl/axi/mig_7series_v4_0_axi_mc_fifo.v:70]
INFO: [Synth 8-256] done synthesizing module 'mig_7series_v4_0_axi_mc_fifo__parameterized1' (81#1) [d:/Vivado_workspace/vivado2016.4/Genesys-2-HDMI-2016.4-5/Genesys-2-HDMI/src/bd/system/ip/system_mig_7series_0_0/system_mig_7series_0_0/user_design/rtl/axi/mig_7series_v4_0_axi_mc_fifo.v:70]
INFO: [Synth 8-256] done synthesizing module 'mig_7series_v4_0_axi_mc_r_channel' (82#1) [d:/Vivado_workspace/vivado2016.4/Genesys-2-HDMI-2016.4-5/Genesys-2-HDMI/src/bd/system/ip/system_mig_7series_0_0/system_mig_7series_0_0/user_design/rtl/axi/mig_7series_v4_0_axi_mc_r_channel.v:67]
INFO: [Synth 8-638] synthesizing module 'mig_7series_v4_0_axi_mc_cmd_arbiter' [d:/Vivado_workspace/vivado2016.4/Genesys-2-HDMI-2016.4-5/Genesys-2-HDMI/src/bd/system/ip/system_mig_7series_0_0/system_mig_7series_0_0/user_design/rtl/axi/mig_7series_v4_0_axi_mc_cmd_arbiter.v:61]
INFO: [Synth 8-256] done synthesizing module 'mig_7series_v4_0_axi_mc_cmd_arbiter' (83#1) [d:/Vivado_workspace/vivado2016.4/Genesys-2-HDMI-2016.4-5/Genesys-2-HDMI/src/bd/system/ip/system_mig_7series_0_0/system_mig_7series_0_0/user_design/rtl/axi/mig_7series_v4_0_axi_mc_cmd_arbiter.v:61]
INFO: [Synth 8-256] done synthesizing module 'mig_7series_v4_0_axi_mc' (84#1) [d:/Vivado_workspace/vivado2016.4/Genesys-2-HDMI-2016.4-5/Genesys-2-HDMI/src/bd/system/ip/system_mig_7series_0_0/system_mig_7series_0_0/user_design/rtl/axi/mig_7series_v4_0_axi_mc.v:90]
INFO: [Synth 8-256] done synthesizing module 'mig_7series_v4_0_memc_ui_top_axi' (85#1) [d:/Vivado_workspace/vivado2016.4/Genesys-2-HDMI-2016.4-5/Genesys-2-HDMI/src/bd/system/ip/system_mig_7series_0_0/system_mig_7series_0_0/user_design/rtl/ip_top/mig_7series_v4_0_memc_ui_top_axi.v:72]
INFO: [Synth 8-256] done synthesizing module 'system_mig_7series_0_0_mig' (86#1) [d:/Vivado_workspace/vivado2016.4/Genesys-2-HDMI-2016.4-5/Genesys-2-HDMI/src/bd/system/ip/system_mig_7series_0_0/system_mig_7series_0_0/user_design/rtl/system_mig_7series_0_0_mig.v:75]
INFO: [Synth 8-256] done synthesizing module 'system_mig_7series_0_0' (87#1) [d:/Vivado_workspace/vivado2016.4/Genesys-2-HDMI-2016.4-5/Genesys-2-HDMI/src/bd/system/ip/system_mig_7series_0_0/system_mig_7series_0_0/user_design/rtl/system_mig_7series_0_0.v:70]
Finished RTL Elaboration : Time (s): cpu = 00:00:22 ; elapsed = 00:00:29 . Memory (MB): peak = 609.867 ; gain = 400.371
Finished RTL Optimization Phase 1 : Time (s): cpu = 00:00:25 ; elapsed = 00:00:33 . Memory (MB): peak = 609.867 ; gain = 400.371
INFO: [Device 21-403] Loading part xc7k325tffg900-2
Constraint Validation Runtime : Time (s): cpu = 00:00:01 ; elapsed = 00:00:00.303 . Memory (MB): peak = 952.238 ; gain = 2.176
Finished Constraint Validation : Time (s): cpu = 00:00:47 ; elapsed = 00:00:55 . Memory (MB): peak = 952.238 ; gain = 742.742
Finished RTL Optimization Phase 2 : Time (s): cpu = 00:01:11 ; elapsed = 00:01:22 . Memory (MB): peak = 952.238 ; gain = 742.742
Finished Cross Boundary and Area Optimization : Time (s): cpu = 00:02:39 ; elapsed = 00:02:59 . Memory (MB): peak = 1226.727 ; gain = 1017.230
---------------------------------------------------------------------------------
Start ROM, RAM, DSP and Shift Register Reporting
---------------------------------------------------------------------------------

ROM:
+------------------------------+------------+---------------+----------------+
|Module Name                   | RTL Object | Depth x Width | Implemented As | 
+------------------------------+------------+---------------+----------------+
|mig_7series_v4_0_ddr_prbs_gen | mem_out    | 256x18        | LUT            | 
|mig_7series_v4_0_ddr_prbs_gen | mem_out    | 256x18        | LUT            | 
+------------------------------+------------+---------------+----------------+


Distributed RAM: Preliminary Mapping  Report (see note below)
+-------------------------------+---------------------------------------------------------------------------+-----------+----------------------+---------------+
|Module Name                    | RTL Object                                                                | Inference | Size (Depth x Width) | Primitives    | 
+-------------------------------+---------------------------------------------------------------------------+-----------+----------------------+---------------+
|system_mig_7series_0_0         | of_pre_fifo_gen.u_ddr_of_pre_fifo/mem_reg                                 | Implied   | 16 x 80              | RAM32M x 14   | 
|system_mig_7series_0_0         | ddr_byte_lane_A.ddr_byte_lane_A/of_pre_fifo_gen.u_ddr_of_pre_fifo/mem_reg | Implied   | 16 x 80              | RAM32M x 14   | 
|system_mig_7series_0_0         | ddr_byte_lane_B.ddr_byte_lane_B/of_pre_fifo_gen.u_ddr_of_pre_fifo/mem_reg | Implied   | 16 x 80              | RAM32M x 14   | 
|system_mig_7series_0_0         | ddr_byte_lane_C.ddr_byte_lane_C/of_pre_fifo_gen.u_ddr_of_pre_fifo/mem_reg | Implied   | 16 x 80              | RAM32M x 14   | 
|mig_7series_v4_0_ddr_byte_lane | dq_gen_40.if_post_fifo_gen.u_ddr_if_post_fifo/mem_reg                     | Implied   | 4 x 80               | RAM32M x 14   | 
|mig_7series_v4_0_ddr_byte_lane | of_pre_fifo_gen.u_ddr_of_pre_fifo/mem_reg                                 | Implied   | 16 x 80              | RAM32M x 14   | 
|mig_7series_v4_0_ddr_byte_lane | dq_gen_40.if_post_fifo_gen.u_ddr_if_post_fifo/mem_reg                     | Implied   | 4 x 80               | RAM32M x 14   | 
|mig_7series_v4_0_ddr_byte_lane | of_pre_fifo_gen.u_ddr_of_pre_fifo/mem_reg                                 | Implied   | 16 x 80              | RAM32M x 14   | 
|mig_7series_v4_0_ddr_byte_lane | dq_gen_40.if_post_fifo_gen.u_ddr_if_post_fifo/mem_reg                     | Implied   | 4 x 80               | RAM32M x 14   | 
|mig_7series_v4_0_ddr_byte_lane | of_pre_fifo_gen.u_ddr_of_pre_fifo/mem_reg                                 | Implied   | 16 x 80              | RAM32M x 14   | 
|mig_7series_v4_0_ddr_byte_lane | dq_gen_40.if_post_fifo_gen.u_ddr_if_post_fifo/mem_reg                     | Implied   | 4 x 80               | RAM32M x 14   | 
|mig_7series_v4_0_ddr_byte_lane | of_pre_fifo_gen.u_ddr_of_pre_fifo/mem_reg                                 | Implied   | 16 x 80              | RAM32M x 14   | 
+-------------------------------+---------------------------------------------------------------------------+-----------+----------------------+---------------+

Note: The table above is a preliminary report that shows the Distributed RAMs at the current stage of the synthesis flow. Some Distributed RAMs may be reimplemented as non Distributed RAM primitives later in the synthesis flow. Multiple instantiated RAMs are reported only once.
---------------------------------------------------------------------------------
Finished ROM, RAM, DSP and Shift Register Reporting
---------------------------------------------------------------------------------
Finished Applying XDC Timing Constraints : Time (s): cpu = 00:02:50 ; elapsed = 00:03:10 . Memory (MB): peak = 1302.434 ; gain = 1092.938
Finished Timing Optimization : Time (s): cpu = 00:02:53 ; elapsed = 00:03:14 . Memory (MB): peak = 1314.289 ; gain = 1104.793
Finished Technology Mapping : Time (s): cpu = 00:03:04 ; elapsed = 00:03:25 . Memory (MB): peak = 1354.594 ; gain = 1145.098
Finished IO Insertion : Time (s): cpu = 00:03:06 ; elapsed = 00:03:27 . Memory (MB): peak = 1354.594 ; gain = 1145.098
Finished Renaming Generated Instances : Time (s): cpu = 00:03:06 ; elapsed = 00:03:27 . Memory (MB): peak = 1354.594 ; gain = 1145.098
Finished Rebuilding User Hierarchy : Time (s): cpu = 00:03:09 ; elapsed = 00:03:31 . Memory (MB): peak = 1354.594 ; gain = 1145.098
Finished Renaming Generated Ports : Time (s): cpu = 00:03:10 ; elapsed = 00:03:31 . Memory (MB): peak = 1354.594 ; gain = 1145.098
Finished Handling Custom Attributes : Time (s): cpu = 00:03:10 ; elapsed = 00:03:32 . Memory (MB): peak = 1354.594 ; gain = 1145.098
Finished Renaming Generated Nets : Time (s): cpu = 00:03:10 ; elapsed = 00:03:32 . Memory (MB): peak = 1354.594 ; gain = 1145.098

Report Cell Usage: 
+------+-----------------------+------+
|      |Cell                   |Count |
+------+-----------------------+------+
|1     |BUFG                   |     9|
|2     |BUFH                   |     1|
|3     |BUFIO                  |     2|
|4     |CARRY4                 |   133|
|5     |IDDR                   |     4|
|6     |IDELAYCTRL             |     1|
|7     |IDELAYE2               |    32|
|8     |IN_FIFO                |     4|
|9     |ISERDESE2              |    32|
|10    |LUT1                   |   491|
|11    |LUT2                   |   599|
|12    |LUT3                   |  1745|
|13    |LUT4                   |  1049|
|14    |LUT5                   |  1931|
|15    |LUT6                   |  1876|
|16    |MMCME2_ADV             |     1|
|17    |MUXF7                  |    15|
|18    |ODDR                   |     9|
|19    |OSERDESE2              |    24|
|20    |OSERDESE2_1            |     4|
|21    |OSERDESE2_2            |    36|
|22    |OUT_FIFO               |     4|
|23    |OUT_FIFO_1             |     4|
|24    |PHASER_IN_PHY          |     4|
|25    |PHASER_OUT_PHY         |     4|
|26    |PHASER_OUT_PHY_1       |     4|
|27    |PHASER_REF             |     2|
|28    |PHY_CONTROL            |     2|
|29    |PLLE2_ADV              |     1|
|30    |RAM32M                 |   229|
|31    |SRL16E                 |    20|
|32    |SRLC32E                |   260|
|33    |XADC                   |     1|
|34    |XORCY                  |     6|
|35    |FDCE                   |     3|
|36    |FDPE                   |    77|
|37    |FDRE                   |  5627|
|38    |FDSE                   |   252|
|39    |IBUFGDS                |     1|
|40    |IOBUFDS_DIFF_OUT_DCIEN |     4|
|41    |IOBUF_DCIEN            |    32|
|42    |OBUF                   |    25|
|43    |OBUFDS                 |     1|
|44    |OBUFT                  |     4|
+------+-----------------------+------+
Finished Writing Synthesis Report : Time (s): cpu = 00:03:10 ; elapsed = 00:03:32 . Memory (MB): peak = 1354.594 ; gain = 1145.098
synth_design: Time (s): cpu = 00:03:14 ; elapsed = 00:03:30 . Memory (MB): peak = 1355.973 ; gain = 1056.777
