
*** Running vivado
    with args -log system_xbar_1.vds -m64 -product Vivado -mode batch -messageDb vivado.pb -notrace -source system_xbar_1.tcl


****** Vivado v2016.4 (64-bit)
  **** SW Build 1756540 on Mon Jan 23 19:11:23 MST 2017
  **** IP Build 1755317 on Mon Jan 23 20:30:07 MST 2017
    ** Copyright 1986-2016 Xilinx, Inc. All Rights Reserved.

source system_xbar_1.tcl -notrace
Starting RTL Elaboration : Time (s): cpu = 00:00:10 ; elapsed = 00:00:15 . Memory (MB): peak = 346.422 ; gain = 136.316
INFO: [Synth 8-638] synthesizing module 'system_xbar_1' [d:/Vivado_workspace/vivado2016.4/Genesys-2-HDMI-2016.4-5/Genesys-2-HDMI/src/bd/system/ip/system_xbar_1/synth/system_xbar_1.v:57]
INFO: [Synth 8-638] synthesizing module 'axi_crossbar_v2_1_12_axi_crossbar' [d:/Vivado_workspace/vivado2016.4/Genesys-2-HDMI-2016.4-5/Genesys-2-HDMI/src/bd/system/ipshared/896d/hdl/axi_crossbar_v2_1_vl_rfs.v:4882]
INFO: [Synth 8-638] synthesizing module 'axi_crossbar_v2_1_12_crossbar_sasd' [d:/Vivado_workspace/vivado2016.4/Genesys-2-HDMI-2016.4-5/Genesys-2-HDMI/src/bd/system/ipshared/896d/hdl/axi_crossbar_v2_1_vl_rfs.v:1240]
INFO: [Synth 8-638] synthesizing module 'axi_crossbar_v2_1_12_addr_decoder' [d:/Vivado_workspace/vivado2016.4/Genesys-2-HDMI-2016.4-5/Genesys-2-HDMI/src/bd/system/ipshared/896d/hdl/axi_crossbar_v2_1_vl_rfs.v:794]
INFO: [Synth 8-638] synthesizing module 'generic_baseblocks_v2_1_0_comparator_static' [d:/Vivado_workspace/vivado2016.4/Genesys-2-HDMI-2016.4-5/Genesys-2-HDMI/src/bd/system/ipshared/7ee0/hdl/generic_baseblocks_v2_1_vl_rfs.v:2133]
INFO: [Synth 8-638] synthesizing module 'generic_baseblocks_v2_1_0_carry_and' [d:/Vivado_workspace/vivado2016.4/Genesys-2-HDMI-2016.4-5/Genesys-2-HDMI/src/bd/system/ipshared/7ee0/hdl/generic_baseblocks_v2_1_vl_rfs.v:62]
INFO: [Synth 8-256] done synthesizing module 'generic_baseblocks_v2_1_0_carry_and' (1#1) [d:/Vivado_workspace/vivado2016.4/Genesys-2-HDMI-2016.4-5/Genesys-2-HDMI/src/bd/system/ipshared/7ee0/hdl/generic_baseblocks_v2_1_vl_rfs.v:62]
INFO: [Synth 8-256] done synthesizing module 'generic_baseblocks_v2_1_0_comparator_static' (2#1) [d:/Vivado_workspace/vivado2016.4/Genesys-2-HDMI-2016.4-5/Genesys-2-HDMI/src/bd/system/ipshared/7ee0/hdl/generic_baseblocks_v2_1_vl_rfs.v:2133]
INFO: [Synth 8-638] synthesizing module 'generic_baseblocks_v2_1_0_comparator_static__parameterized0' [d:/Vivado_workspace/vivado2016.4/Genesys-2-HDMI-2016.4-5/Genesys-2-HDMI/src/bd/system/ipshared/7ee0/hdl/generic_baseblocks_v2_1_vl_rfs.v:2133]
INFO: [Synth 8-256] done synthesizing module 'generic_baseblocks_v2_1_0_comparator_static__parameterized0' (2#1) [d:/Vivado_workspace/vivado2016.4/Genesys-2-HDMI-2016.4-5/Genesys-2-HDMI/src/bd/system/ipshared/7ee0/hdl/generic_baseblocks_v2_1_vl_rfs.v:2133]
INFO: [Synth 8-638] synthesizing module 'generic_baseblocks_v2_1_0_comparator_static__parameterized1' [d:/Vivado_workspace/vivado2016.4/Genesys-2-HDMI-2016.4-5/Genesys-2-HDMI/src/bd/system/ipshared/7ee0/hdl/generic_baseblocks_v2_1_vl_rfs.v:2133]
INFO: [Synth 8-256] done synthesizing module 'generic_baseblocks_v2_1_0_comparator_static__parameterized1' (2#1) [d:/Vivado_workspace/vivado2016.4/Genesys-2-HDMI-2016.4-5/Genesys-2-HDMI/src/bd/system/ipshared/7ee0/hdl/generic_baseblocks_v2_1_vl_rfs.v:2133]
INFO: [Synth 8-638] synthesizing module 'generic_baseblocks_v2_1_0_comparator_static__parameterized2' [d:/Vivado_workspace/vivado2016.4/Genesys-2-HDMI-2016.4-5/Genesys-2-HDMI/src/bd/system/ipshared/7ee0/hdl/generic_baseblocks_v2_1_vl_rfs.v:2133]
INFO: [Synth 8-256] done synthesizing module 'generic_baseblocks_v2_1_0_comparator_static__parameterized2' (2#1) [d:/Vivado_workspace/vivado2016.4/Genesys-2-HDMI-2016.4-5/Genesys-2-HDMI/src/bd/system/ipshared/7ee0/hdl/generic_baseblocks_v2_1_vl_rfs.v:2133]
INFO: [Synth 8-638] synthesizing module 'generic_baseblocks_v2_1_0_comparator_static__parameterized3' [d:/Vivado_workspace/vivado2016.4/Genesys-2-HDMI-2016.4-5/Genesys-2-HDMI/src/bd/system/ipshared/7ee0/hdl/generic_baseblocks_v2_1_vl_rfs.v:2133]
INFO: [Synth 8-256] done synthesizing module 'generic_baseblocks_v2_1_0_comparator_static__parameterized3' (2#1) [d:/Vivado_workspace/vivado2016.4/Genesys-2-HDMI-2016.4-5/Genesys-2-HDMI/src/bd/system/ipshared/7ee0/hdl/generic_baseblocks_v2_1_vl_rfs.v:2133]
INFO: [Synth 8-638] synthesizing module 'generic_baseblocks_v2_1_0_comparator_static__parameterized4' [d:/Vivado_workspace/vivado2016.4/Genesys-2-HDMI-2016.4-5/Genesys-2-HDMI/src/bd/system/ipshared/7ee0/hdl/generic_baseblocks_v2_1_vl_rfs.v:2133]
INFO: [Synth 8-256] done synthesizing module 'generic_baseblocks_v2_1_0_comparator_static__parameterized4' (2#1) [d:/Vivado_workspace/vivado2016.4/Genesys-2-HDMI-2016.4-5/Genesys-2-HDMI/src/bd/system/ipshared/7ee0/hdl/generic_baseblocks_v2_1_vl_rfs.v:2133]
INFO: [Synth 8-638] synthesizing module 'generic_baseblocks_v2_1_0_comparator_static__parameterized5' [d:/Vivado_workspace/vivado2016.4/Genesys-2-HDMI-2016.4-5/Genesys-2-HDMI/src/bd/system/ipshared/7ee0/hdl/generic_baseblocks_v2_1_vl_rfs.v:2133]
INFO: [Synth 8-256] done synthesizing module 'generic_baseblocks_v2_1_0_comparator_static__parameterized5' (2#1) [d:/Vivado_workspace/vivado2016.4/Genesys-2-HDMI-2016.4-5/Genesys-2-HDMI/src/bd/system/ipshared/7ee0/hdl/generic_baseblocks_v2_1_vl_rfs.v:2133]
INFO: [Synth 8-638] synthesizing module 'generic_baseblocks_v2_1_0_comparator_static__parameterized6' [d:/Vivado_workspace/vivado2016.4/Genesys-2-HDMI-2016.4-5/Genesys-2-HDMI/src/bd/system/ipshared/7ee0/hdl/generic_baseblocks_v2_1_vl_rfs.v:2133]
INFO: [Synth 8-256] done synthesizing module 'generic_baseblocks_v2_1_0_comparator_static__parameterized6' (2#1) [d:/Vivado_workspace/vivado2016.4/Genesys-2-HDMI-2016.4-5/Genesys-2-HDMI/src/bd/system/ipshared/7ee0/hdl/generic_baseblocks_v2_1_vl_rfs.v:2133]
INFO: [Synth 8-256] done synthesizing module 'axi_crossbar_v2_1_12_addr_decoder' (3#1) [d:/Vivado_workspace/vivado2016.4/Genesys-2-HDMI-2016.4-5/Genesys-2-HDMI/src/bd/system/ipshared/896d/hdl/axi_crossbar_v2_1_vl_rfs.v:794]
INFO: [Synth 8-638] synthesizing module 'axi_crossbar_v2_1_12_decerr_slave' [d:/Vivado_workspace/vivado2016.4/Genesys-2-HDMI-2016.4-5/Genesys-2-HDMI/src/bd/system/ipshared/896d/hdl/axi_crossbar_v2_1_vl_rfs.v:3500]
INFO: [Synth 8-256] done synthesizing module 'axi_crossbar_v2_1_12_decerr_slave' (4#1) [d:/Vivado_workspace/vivado2016.4/Genesys-2-HDMI-2016.4-5/Genesys-2-HDMI/src/bd/system/ipshared/896d/hdl/axi_crossbar_v2_1_vl_rfs.v:3500]
INFO: [Synth 8-638] synthesizing module 'axi_crossbar_v2_1_12_addr_arbiter_sasd' [d:/Vivado_workspace/vivado2016.4/Genesys-2-HDMI-2016.4-5/Genesys-2-HDMI/src/bd/system/ipshared/896d/hdl/axi_crossbar_v2_1_vl_rfs.v:65]
INFO: [Synth 8-256] done synthesizing module 'axi_crossbar_v2_1_12_addr_arbiter_sasd' (5#1) [d:/Vivado_workspace/vivado2016.4/Genesys-2-HDMI-2016.4-5/Genesys-2-HDMI/src/bd/system/ipshared/896d/hdl/axi_crossbar_v2_1_vl_rfs.v:65]
INFO: [Synth 8-638] synthesizing module 'axi_crossbar_v2_1_12_splitter' [d:/Vivado_workspace/vivado2016.4/Genesys-2-HDMI-2016.4-5/Genesys-2-HDMI/src/bd/system/ipshared/896d/hdl/axi_crossbar_v2_1_vl_rfs.v:4459]
INFO: [Synth 8-256] done synthesizing module 'axi_crossbar_v2_1_12_splitter' (6#1) [d:/Vivado_workspace/vivado2016.4/Genesys-2-HDMI-2016.4-5/Genesys-2-HDMI/src/bd/system/ipshared/896d/hdl/axi_crossbar_v2_1_vl_rfs.v:4459]
INFO: [Synth 8-638] synthesizing module 'axi_crossbar_v2_1_12_splitter__parameterized0' [d:/Vivado_workspace/vivado2016.4/Genesys-2-HDMI-2016.4-5/Genesys-2-HDMI/src/bd/system/ipshared/896d/hdl/axi_crossbar_v2_1_vl_rfs.v:4459]
INFO: [Synth 8-256] done synthesizing module 'axi_crossbar_v2_1_12_splitter__parameterized0' (6#1) [d:/Vivado_workspace/vivado2016.4/Genesys-2-HDMI-2016.4-5/Genesys-2-HDMI/src/bd/system/ipshared/896d/hdl/axi_crossbar_v2_1_vl_rfs.v:4459]
INFO: [Synth 8-638] synthesizing module 'generic_baseblocks_v2_1_0_mux_enc' [d:/Vivado_workspace/vivado2016.4/Genesys-2-HDMI-2016.4-5/Genesys-2-HDMI/src/bd/system/ipshared/7ee0/hdl/generic_baseblocks_v2_1_vl_rfs.v:2452]
INFO: [Synth 8-256] done synthesizing module 'generic_baseblocks_v2_1_0_mux_enc' (7#1) [d:/Vivado_workspace/vivado2016.4/Genesys-2-HDMI-2016.4-5/Genesys-2-HDMI/src/bd/system/ipshared/7ee0/hdl/generic_baseblocks_v2_1_vl_rfs.v:2452]
INFO: [Synth 8-638] synthesizing module 'generic_baseblocks_v2_1_0_mux_enc__parameterized0' [d:/Vivado_workspace/vivado2016.4/Genesys-2-HDMI-2016.4-5/Genesys-2-HDMI/src/bd/system/ipshared/7ee0/hdl/generic_baseblocks_v2_1_vl_rfs.v:2452]
INFO: [Synth 8-256] done synthesizing module 'generic_baseblocks_v2_1_0_mux_enc__parameterized0' (7#1) [d:/Vivado_workspace/vivado2016.4/Genesys-2-HDMI-2016.4-5/Genesys-2-HDMI/src/bd/system/ipshared/7ee0/hdl/generic_baseblocks_v2_1_vl_rfs.v:2452]
INFO: [Synth 8-638] synthesizing module 'generic_baseblocks_v2_1_0_mux_enc__parameterized1' [d:/Vivado_workspace/vivado2016.4/Genesys-2-HDMI-2016.4-5/Genesys-2-HDMI/src/bd/system/ipshared/7ee0/hdl/generic_baseblocks_v2_1_vl_rfs.v:2452]
INFO: [Synth 8-256] done synthesizing module 'generic_baseblocks_v2_1_0_mux_enc__parameterized1' (7#1) [d:/Vivado_workspace/vivado2016.4/Genesys-2-HDMI-2016.4-5/Genesys-2-HDMI/src/bd/system/ipshared/7ee0/hdl/generic_baseblocks_v2_1_vl_rfs.v:2452]
INFO: [Synth 8-638] synthesizing module 'generic_baseblocks_v2_1_0_mux_enc__parameterized2' [d:/Vivado_workspace/vivado2016.4/Genesys-2-HDMI-2016.4-5/Genesys-2-HDMI/src/bd/system/ipshared/7ee0/hdl/generic_baseblocks_v2_1_vl_rfs.v:2452]
INFO: [Synth 8-256] done synthesizing module 'generic_baseblocks_v2_1_0_mux_enc__parameterized2' (7#1) [d:/Vivado_workspace/vivado2016.4/Genesys-2-HDMI-2016.4-5/Genesys-2-HDMI/src/bd/system/ipshared/7ee0/hdl/generic_baseblocks_v2_1_vl_rfs.v:2452]
INFO: [Synth 8-638] synthesizing module 'axi_register_slice_v2_1_11_axic_register_slice' [d:/Vivado_workspace/vivado2016.4/Genesys-2-HDMI-2016.4-5/Genesys-2-HDMI/src/bd/system/ipshared/0b6b/hdl/axi_register_slice_v2_1_vl_rfs.v:85]
INFO: [Synth 8-256] done synthesizing module 'axi_register_slice_v2_1_11_axic_register_slice' (8#1) [d:/Vivado_workspace/vivado2016.4/Genesys-2-HDMI-2016.4-5/Genesys-2-HDMI/src/bd/system/ipshared/0b6b/hdl/axi_register_slice_v2_1_vl_rfs.v:85]
INFO: [Synth 8-638] synthesizing module 'generic_baseblocks_v2_1_0_mux_enc__parameterized3' [d:/Vivado_workspace/vivado2016.4/Genesys-2-HDMI-2016.4-5/Genesys-2-HDMI/src/bd/system/ipshared/7ee0/hdl/generic_baseblocks_v2_1_vl_rfs.v:2452]
INFO: [Synth 8-256] done synthesizing module 'generic_baseblocks_v2_1_0_mux_enc__parameterized3' (8#1) [d:/Vivado_workspace/vivado2016.4/Genesys-2-HDMI-2016.4-5/Genesys-2-HDMI/src/bd/system/ipshared/7ee0/hdl/generic_baseblocks_v2_1_vl_rfs.v:2452]
INFO: [Synth 8-256] done synthesizing module 'axi_crossbar_v2_1_12_crossbar_sasd' (9#1) [d:/Vivado_workspace/vivado2016.4/Genesys-2-HDMI-2016.4-5/Genesys-2-HDMI/src/bd/system/ipshared/896d/hdl/axi_crossbar_v2_1_vl_rfs.v:1240]
INFO: [Synth 8-256] done synthesizing module 'axi_crossbar_v2_1_12_axi_crossbar' (10#1) [d:/Vivado_workspace/vivado2016.4/Genesys-2-HDMI-2016.4-5/Genesys-2-HDMI/src/bd/system/ipshared/896d/hdl/axi_crossbar_v2_1_vl_rfs.v:4882]
INFO: [Synth 8-256] done synthesizing module 'system_xbar_1' (11#1) [d:/Vivado_workspace/vivado2016.4/Genesys-2-HDMI-2016.4-5/Genesys-2-HDMI/src/bd/system/ip/system_xbar_1/synth/system_xbar_1.v:57]
Finished RTL Elaboration : Time (s): cpu = 00:00:15 ; elapsed = 00:00:21 . Memory (MB): peak = 462.508 ; gain = 252.402
Finished RTL Optimization Phase 1 : Time (s): cpu = 00:00:15 ; elapsed = 00:00:21 . Memory (MB): peak = 462.508 ; gain = 252.402
INFO: [Device 21-403] Loading part xc7k325tffg900-2
Constraint Validation Runtime : Time (s): cpu = 00:00:00 ; elapsed = 00:00:00.057 . Memory (MB): peak = 732.766 ; gain = 0.000
Finished Constraint Validation : Time (s): cpu = 00:00:25 ; elapsed = 00:00:32 . Memory (MB): peak = 732.766 ; gain = 522.660
Finished Loading Part and Timing Information : Time (s): cpu = 00:00:25 ; elapsed = 00:00:32 . Memory (MB): peak = 732.766 ; gain = 522.660
Finished applying 'set_property' XDC Constraints : Time (s): cpu = 00:00:25 ; elapsed = 00:00:32 . Memory (MB): peak = 732.766 ; gain = 522.660
Finished RTL Optimization Phase 2 : Time (s): cpu = 00:00:25 ; elapsed = 00:00:33 . Memory (MB): peak = 732.766 ; gain = 522.660
Finished Cross Boundary and Area Optimization : Time (s): cpu = 00:00:27 ; elapsed = 00:00:34 . Memory (MB): peak = 732.766 ; gain = 522.660
Finished Applying XDC Timing Constraints : Time (s): cpu = 00:00:36 ; elapsed = 00:00:44 . Memory (MB): peak = 732.766 ; gain = 522.660
Finished Timing Optimization : Time (s): cpu = 00:00:37 ; elapsed = 00:00:45 . Memory (MB): peak = 732.766 ; gain = 522.660
Finished Technology Mapping : Time (s): cpu = 00:00:37 ; elapsed = 00:00:45 . Memory (MB): peak = 732.766 ; gain = 522.660
Finished IO Insertion : Time (s): cpu = 00:00:37 ; elapsed = 00:00:45 . Memory (MB): peak = 732.766 ; gain = 522.660
Finished Renaming Generated Instances : Time (s): cpu = 00:00:37 ; elapsed = 00:00:45 . Memory (MB): peak = 732.766 ; gain = 522.660
Finished Rebuilding User Hierarchy : Time (s): cpu = 00:00:38 ; elapsed = 00:00:45 . Memory (MB): peak = 732.766 ; gain = 522.660
Finished Renaming Generated Ports : Time (s): cpu = 00:00:38 ; elapsed = 00:00:45 . Memory (MB): peak = 732.766 ; gain = 522.660
Finished Handling Custom Attributes : Time (s): cpu = 00:00:38 ; elapsed = 00:00:46 . Memory (MB): peak = 732.766 ; gain = 522.660
Finished Renaming Generated Nets : Time (s): cpu = 00:00:38 ; elapsed = 00:00:46 . Memory (MB): peak = 732.766 ; gain = 522.660

Report Cell Usage: 
+------+-----+------+
|      |Cell |Count |
+------+-----+------+
|1     |LUT1 |     2|
|2     |LUT2 |    17|
|3     |LUT3 |    57|
|4     |LUT4 |    69|
|5     |LUT5 |    63|
|6     |LUT6 |   157|
|7     |FDRE |   138|
+------+-----+------+
Finished Writing Synthesis Report : Time (s): cpu = 00:00:38 ; elapsed = 00:00:46 . Memory (MB): peak = 732.766 ; gain = 522.660
synth_design: Time (s): cpu = 00:00:35 ; elapsed = 00:00:39 . Memory (MB): peak = 732.766 ; gain = 471.594
