
*** Running vivado
    with args -log system_proc_sys_reset_pxl_0.vds -m64 -product Vivado -mode batch -messageDb vivado.pb -notrace -source system_proc_sys_reset_pxl_0.tcl


****** Vivado v2016.4 (64-bit)
  **** SW Build 1756540 on Mon Jan 23 19:11:23 MST 2017
  **** IP Build 1755317 on Mon Jan 23 20:30:07 MST 2017
    ** Copyright 1986-2016 Xilinx, Inc. All Rights Reserved.

source system_proc_sys_reset_pxl_0.tcl -notrace
Starting RTL Elaboration : Time (s): cpu = 00:00:07 ; elapsed = 00:00:11 . Memory (MB): peak = 330.559 ; gain = 120.395
INFO: [Synth 8-638] synthesizing module 'system_proc_sys_reset_pxl_0' [d:/Vivado_workspace/vivado2016.4/Genesys-2-HDMI-2016.4-5/Genesys-2-HDMI/src/bd/system/ip/system_proc_sys_reset_pxl_0/synth/system_proc_sys_reset_pxl_0.vhd:71]
INFO: [Synth 8-638] synthesizing module 'proc_sys_reset' [d:/Vivado_workspace/vivado2016.4/Genesys-2-HDMI-2016.4-5/Genesys-2-HDMI/src/bd/system/ipshared/04b4/hdl/proc_sys_reset_v5_0_vh_rfs.vhd:1323]
INFO: [Synth 8-638] synthesizing module 'lpf' [d:/Vivado_workspace/vivado2016.4/Genesys-2-HDMI-2016.4-5/Genesys-2-HDMI/src/bd/system/ipshared/04b4/hdl/proc_sys_reset_v5_0_vh_rfs.vhd:816]
INFO: [Synth 8-638] synthesizing module 'SRL16' [C:/Xilinx/Vivado/2016.4/scripts/rt/data/unisim_comp.v:43312]
INFO: [Synth 8-256] done synthesizing module 'SRL16' (1#1) [C:/Xilinx/Vivado/2016.4/scripts/rt/data/unisim_comp.v:43312]
INFO: [Synth 8-638] synthesizing module 'cdc_sync' [d:/Vivado_workspace/vivado2016.4/Genesys-2-HDMI-2016.4-5/Genesys-2-HDMI/src/bd/system/ipshared/52cb/hdl/lib_cdc_v1_0_rfs.vhd:106]
INFO: [Synth 8-256] done synthesizing module 'cdc_sync' (2#1) [d:/Vivado_workspace/vivado2016.4/Genesys-2-HDMI-2016.4-5/Genesys-2-HDMI/src/bd/system/ipshared/52cb/hdl/lib_cdc_v1_0_rfs.vhd:106]
INFO: [Synth 8-256] done synthesizing module 'lpf' (3#1) [d:/Vivado_workspace/vivado2016.4/Genesys-2-HDMI-2016.4-5/Genesys-2-HDMI/src/bd/system/ipshared/04b4/hdl/proc_sys_reset_v5_0_vh_rfs.vhd:816]
INFO: [Synth 8-638] synthesizing module 'sequence_psr' [d:/Vivado_workspace/vivado2016.4/Genesys-2-HDMI-2016.4-5/Genesys-2-HDMI/src/bd/system/ipshared/04b4/hdl/proc_sys_reset_v5_0_vh_rfs.vhd:301]
INFO: [Synth 8-638] synthesizing module 'upcnt_n' [d:/Vivado_workspace/vivado2016.4/Genesys-2-HDMI-2016.4-5/Genesys-2-HDMI/src/bd/system/ipshared/04b4/hdl/proc_sys_reset_v5_0_vh_rfs.vhd:125]
INFO: [Synth 8-256] done synthesizing module 'upcnt_n' (4#1) [d:/Vivado_workspace/vivado2016.4/Genesys-2-HDMI-2016.4-5/Genesys-2-HDMI/src/bd/system/ipshared/04b4/hdl/proc_sys_reset_v5_0_vh_rfs.vhd:125]
INFO: [Synth 8-256] done synthesizing module 'sequence_psr' (5#1) [d:/Vivado_workspace/vivado2016.4/Genesys-2-HDMI-2016.4-5/Genesys-2-HDMI/src/bd/system/ipshared/04b4/hdl/proc_sys_reset_v5_0_vh_rfs.vhd:301]
INFO: [Synth 8-256] done synthesizing module 'proc_sys_reset' (6#1) [d:/Vivado_workspace/vivado2016.4/Genesys-2-HDMI-2016.4-5/Genesys-2-HDMI/src/bd/system/ipshared/04b4/hdl/proc_sys_reset_v5_0_vh_rfs.vhd:1323]
INFO: [Synth 8-256] done synthesizing module 'system_proc_sys_reset_pxl_0' (7#1) [d:/Vivado_workspace/vivado2016.4/Genesys-2-HDMI-2016.4-5/Genesys-2-HDMI/src/bd/system/ip/system_proc_sys_reset_pxl_0/synth/system_proc_sys_reset_pxl_0.vhd:71]
Finished RTL Elaboration : Time (s): cpu = 00:00:08 ; elapsed = 00:00:12 . Memory (MB): peak = 368.777 ; gain = 158.613
Finished RTL Optimization Phase 1 : Time (s): cpu = 00:00:08 ; elapsed = 00:00:12 . Memory (MB): peak = 368.777 ; gain = 158.613
INFO: [Device 21-403] Loading part xc7k325tffg900-2
Constraint Validation Runtime : Time (s): cpu = 00:00:00 ; elapsed = 00:00:00.014 . Memory (MB): peak = 711.301 ; gain = 0.000
Finished Constraint Validation : Time (s): cpu = 00:00:17 ; elapsed = 00:00:22 . Memory (MB): peak = 711.301 ; gain = 501.137
Finished Loading Part and Timing Information : Time (s): cpu = 00:00:17 ; elapsed = 00:00:22 . Memory (MB): peak = 711.301 ; gain = 501.137
Finished applying 'set_property' XDC Constraints : Time (s): cpu = 00:00:17 ; elapsed = 00:00:22 . Memory (MB): peak = 711.301 ; gain = 501.137
Finished RTL Optimization Phase 2 : Time (s): cpu = 00:00:17 ; elapsed = 00:00:22 . Memory (MB): peak = 711.301 ; gain = 501.137
Finished Cross Boundary and Area Optimization : Time (s): cpu = 00:00:17 ; elapsed = 00:00:22 . Memory (MB): peak = 711.301 ; gain = 501.137
Finished Applying XDC Timing Constraints : Time (s): cpu = 00:00:25 ; elapsed = 00:00:31 . Memory (MB): peak = 711.301 ; gain = 501.137
Finished Timing Optimization : Time (s): cpu = 00:00:25 ; elapsed = 00:00:31 . Memory (MB): peak = 711.301 ; gain = 501.137
Finished Technology Mapping : Time (s): cpu = 00:00:25 ; elapsed = 00:00:31 . Memory (MB): peak = 711.301 ; gain = 501.137
Finished IO Insertion : Time (s): cpu = 00:00:26 ; elapsed = 00:00:32 . Memory (MB): peak = 711.301 ; gain = 501.137
Finished Renaming Generated Instances : Time (s): cpu = 00:00:26 ; elapsed = 00:00:32 . Memory (MB): peak = 711.301 ; gain = 501.137
Finished Rebuilding User Hierarchy : Time (s): cpu = 00:00:26 ; elapsed = 00:00:32 . Memory (MB): peak = 711.301 ; gain = 501.137
Finished Renaming Generated Ports : Time (s): cpu = 00:00:26 ; elapsed = 00:00:32 . Memory (MB): peak = 711.301 ; gain = 501.137
Finished Handling Custom Attributes : Time (s): cpu = 00:00:26 ; elapsed = 00:00:32 . Memory (MB): peak = 711.301 ; gain = 501.137
Finished Renaming Generated Nets : Time (s): cpu = 00:00:26 ; elapsed = 00:00:32 . Memory (MB): peak = 711.301 ; gain = 501.137

Report Cell Usage: 
+------+------+------+
|      |Cell  |Count |
+------+------+------+
|1     |LUT1  |     5|
|2     |LUT2  |     9|
|3     |LUT3  |     1|
|4     |LUT4  |     6|
|5     |LUT5  |     3|
|6     |LUT6  |     1|
|7     |SRL16 |     1|
|8     |FDR   |     8|
|9     |FDRE  |    28|
|10    |FDSE  |     4|
+------+------+------+
Finished Writing Synthesis Report : Time (s): cpu = 00:00:26 ; elapsed = 00:00:32 . Memory (MB): peak = 711.301 ; gain = 501.137
synth_design: Time (s): cpu = 00:00:24 ; elapsed = 00:00:26 . Memory (MB): peak = 711.301 ; gain = 460.125
