
*** Running vivado
    with args -log system_axi_gpio_0_0.vds -m64 -product Vivado -mode batch -messageDb vivado.pb -notrace -source system_axi_gpio_0_0.tcl


****** Vivado v2016.4 (64-bit)
  **** SW Build 1756540 on Mon Jan 23 19:11:23 MST 2017
  **** IP Build 1755317 on Mon Jan 23 20:30:07 MST 2017
    ** Copyright 1986-2016 Xilinx, Inc. All Rights Reserved.

source system_axi_gpio_0_0.tcl -notrace
Starting RTL Elaboration : Time (s): cpu = 00:00:09 ; elapsed = 00:00:14 . Memory (MB): peak = 338.375 ; gain = 128.219
INFO: [Synth 8-638] synthesizing module 'system_axi_gpio_0_0' [d:/Vivado_workspace/vivado2016.4/Genesys-2-HDMI-2016.4-5/Genesys-2-HDMI/src/bd/system/ip/system_axi_gpio_0_0/synth/system_axi_gpio_0_0.vhd:86]
INFO: [Synth 8-638] synthesizing module 'axi_gpio' [d:/Vivado_workspace/vivado2016.4/Genesys-2-HDMI-2016.4-5/Genesys-2-HDMI/src/bd/system/ipshared/4f16/hdl/axi_gpio_v2_0_vh_rfs.vhd:1091]
INFO: [Synth 8-638] synthesizing module 'axi_lite_ipif' [d:/Vivado_workspace/vivado2016.4/Genesys-2-HDMI-2016.4-5/Genesys-2-HDMI/src/bd/system/ipshared/0ba0/hdl/axi_lite_ipif_v3_0_vh_rfs.vhd:2948]
INFO: [Synth 8-638] synthesizing module 'slave_attachment' [d:/Vivado_workspace/vivado2016.4/Genesys-2-HDMI-2016.4-5/Genesys-2-HDMI/src/bd/system/ipshared/0ba0/hdl/axi_lite_ipif_v3_0_vh_rfs.vhd:2341]
INFO: [Synth 8-638] synthesizing module 'address_decoder' [d:/Vivado_workspace/vivado2016.4/Genesys-2-HDMI-2016.4-5/Genesys-2-HDMI/src/bd/system/ipshared/0ba0/hdl/axi_lite_ipif_v3_0_vh_rfs.vhd:1775]
INFO: [Synth 8-638] synthesizing module 'pselect_f' [d:/Vivado_workspace/vivado2016.4/Genesys-2-HDMI-2016.4-5/Genesys-2-HDMI/src/bd/system/ipshared/0ba0/hdl/axi_lite_ipif_v3_0_vh_rfs.vhd:1534]
INFO: [Synth 8-256] done synthesizing module 'pselect_f' (1#1) [d:/Vivado_workspace/vivado2016.4/Genesys-2-HDMI-2016.4-5/Genesys-2-HDMI/src/bd/system/ipshared/0ba0/hdl/axi_lite_ipif_v3_0_vh_rfs.vhd:1534]
INFO: [Synth 8-638] synthesizing module 'pselect_f__parameterized0' [d:/Vivado_workspace/vivado2016.4/Genesys-2-HDMI-2016.4-5/Genesys-2-HDMI/src/bd/system/ipshared/0ba0/hdl/axi_lite_ipif_v3_0_vh_rfs.vhd:1534]
INFO: [Synth 8-256] done synthesizing module 'pselect_f__parameterized0' (1#1) [d:/Vivado_workspace/vivado2016.4/Genesys-2-HDMI-2016.4-5/Genesys-2-HDMI/src/bd/system/ipshared/0ba0/hdl/axi_lite_ipif_v3_0_vh_rfs.vhd:1534]
INFO: [Synth 8-638] synthesizing module 'pselect_f__parameterized1' [d:/Vivado_workspace/vivado2016.4/Genesys-2-HDMI-2016.4-5/Genesys-2-HDMI/src/bd/system/ipshared/0ba0/hdl/axi_lite_ipif_v3_0_vh_rfs.vhd:1534]
INFO: [Synth 8-256] done synthesizing module 'pselect_f__parameterized1' (1#1) [d:/Vivado_workspace/vivado2016.4/Genesys-2-HDMI-2016.4-5/Genesys-2-HDMI/src/bd/system/ipshared/0ba0/hdl/axi_lite_ipif_v3_0_vh_rfs.vhd:1534]
INFO: [Synth 8-638] synthesizing module 'pselect_f__parameterized2' [d:/Vivado_workspace/vivado2016.4/Genesys-2-HDMI-2016.4-5/Genesys-2-HDMI/src/bd/system/ipshared/0ba0/hdl/axi_lite_ipif_v3_0_vh_rfs.vhd:1534]
INFO: [Synth 8-256] done synthesizing module 'pselect_f__parameterized2' (1#1) [d:/Vivado_workspace/vivado2016.4/Genesys-2-HDMI-2016.4-5/Genesys-2-HDMI/src/bd/system/ipshared/0ba0/hdl/axi_lite_ipif_v3_0_vh_rfs.vhd:1534]
INFO: [Synth 8-638] synthesizing module 'pselect_f__parameterized3' [d:/Vivado_workspace/vivado2016.4/Genesys-2-HDMI-2016.4-5/Genesys-2-HDMI/src/bd/system/ipshared/0ba0/hdl/axi_lite_ipif_v3_0_vh_rfs.vhd:1534]
INFO: [Synth 8-256] done synthesizing module 'pselect_f__parameterized3' (1#1) [d:/Vivado_workspace/vivado2016.4/Genesys-2-HDMI-2016.4-5/Genesys-2-HDMI/src/bd/system/ipshared/0ba0/hdl/axi_lite_ipif_v3_0_vh_rfs.vhd:1534]
INFO: [Synth 8-638] synthesizing module 'pselect_f__parameterized4' [d:/Vivado_workspace/vivado2016.4/Genesys-2-HDMI-2016.4-5/Genesys-2-HDMI/src/bd/system/ipshared/0ba0/hdl/axi_lite_ipif_v3_0_vh_rfs.vhd:1534]
INFO: [Synth 8-256] done synthesizing module 'pselect_f__parameterized4' (1#1) [d:/Vivado_workspace/vivado2016.4/Genesys-2-HDMI-2016.4-5/Genesys-2-HDMI/src/bd/system/ipshared/0ba0/hdl/axi_lite_ipif_v3_0_vh_rfs.vhd:1534]
INFO: [Synth 8-638] synthesizing module 'pselect_f__parameterized5' [d:/Vivado_workspace/vivado2016.4/Genesys-2-HDMI-2016.4-5/Genesys-2-HDMI/src/bd/system/ipshared/0ba0/hdl/axi_lite_ipif_v3_0_vh_rfs.vhd:1534]
INFO: [Synth 8-256] done synthesizing module 'pselect_f__parameterized5' (1#1) [d:/Vivado_workspace/vivado2016.4/Genesys-2-HDMI-2016.4-5/Genesys-2-HDMI/src/bd/system/ipshared/0ba0/hdl/axi_lite_ipif_v3_0_vh_rfs.vhd:1534]
INFO: [Synth 8-638] synthesizing module 'pselect_f__parameterized6' [d:/Vivado_workspace/vivado2016.4/Genesys-2-HDMI-2016.4-5/Genesys-2-HDMI/src/bd/system/ipshared/0ba0/hdl/axi_lite_ipif_v3_0_vh_rfs.vhd:1534]
INFO: [Synth 8-256] done synthesizing module 'pselect_f__parameterized6' (1#1) [d:/Vivado_workspace/vivado2016.4/Genesys-2-HDMI-2016.4-5/Genesys-2-HDMI/src/bd/system/ipshared/0ba0/hdl/axi_lite_ipif_v3_0_vh_rfs.vhd:1534]
INFO: [Synth 8-638] synthesizing module 'pselect_f__parameterized7' [d:/Vivado_workspace/vivado2016.4/Genesys-2-HDMI-2016.4-5/Genesys-2-HDMI/src/bd/system/ipshared/0ba0/hdl/axi_lite_ipif_v3_0_vh_rfs.vhd:1534]
INFO: [Synth 8-256] done synthesizing module 'pselect_f__parameterized7' (1#1) [d:/Vivado_workspace/vivado2016.4/Genesys-2-HDMI-2016.4-5/Genesys-2-HDMI/src/bd/system/ipshared/0ba0/hdl/axi_lite_ipif_v3_0_vh_rfs.vhd:1534]
INFO: [Synth 8-638] synthesizing module 'pselect_f__parameterized8' [d:/Vivado_workspace/vivado2016.4/Genesys-2-HDMI-2016.4-5/Genesys-2-HDMI/src/bd/system/ipshared/0ba0/hdl/axi_lite_ipif_v3_0_vh_rfs.vhd:1534]
INFO: [Synth 8-256] done synthesizing module 'pselect_f__parameterized8' (1#1) [d:/Vivado_workspace/vivado2016.4/Genesys-2-HDMI-2016.4-5/Genesys-2-HDMI/src/bd/system/ipshared/0ba0/hdl/axi_lite_ipif_v3_0_vh_rfs.vhd:1534]
INFO: [Synth 8-638] synthesizing module 'pselect_f__parameterized9' [d:/Vivado_workspace/vivado2016.4/Genesys-2-HDMI-2016.4-5/Genesys-2-HDMI/src/bd/system/ipshared/0ba0/hdl/axi_lite_ipif_v3_0_vh_rfs.vhd:1534]
INFO: [Synth 8-256] done synthesizing module 'pselect_f__parameterized9' (1#1) [d:/Vivado_workspace/vivado2016.4/Genesys-2-HDMI-2016.4-5/Genesys-2-HDMI/src/bd/system/ipshared/0ba0/hdl/axi_lite_ipif_v3_0_vh_rfs.vhd:1534]
INFO: [Synth 8-638] synthesizing module 'pselect_f__parameterized10' [d:/Vivado_workspace/vivado2016.4/Genesys-2-HDMI-2016.4-5/Genesys-2-HDMI/src/bd/system/ipshared/0ba0/hdl/axi_lite_ipif_v3_0_vh_rfs.vhd:1534]
INFO: [Synth 8-256] done synthesizing module 'pselect_f__parameterized10' (1#1) [d:/Vivado_workspace/vivado2016.4/Genesys-2-HDMI-2016.4-5/Genesys-2-HDMI/src/bd/system/ipshared/0ba0/hdl/axi_lite_ipif_v3_0_vh_rfs.vhd:1534]
INFO: [Synth 8-638] synthesizing module 'pselect_f__parameterized11' [d:/Vivado_workspace/vivado2016.4/Genesys-2-HDMI-2016.4-5/Genesys-2-HDMI/src/bd/system/ipshared/0ba0/hdl/axi_lite_ipif_v3_0_vh_rfs.vhd:1534]
INFO: [Synth 8-256] done synthesizing module 'pselect_f__parameterized11' (1#1) [d:/Vivado_workspace/vivado2016.4/Genesys-2-HDMI-2016.4-5/Genesys-2-HDMI/src/bd/system/ipshared/0ba0/hdl/axi_lite_ipif_v3_0_vh_rfs.vhd:1534]
INFO: [Synth 8-638] synthesizing module 'pselect_f__parameterized12' [d:/Vivado_workspace/vivado2016.4/Genesys-2-HDMI-2016.4-5/Genesys-2-HDMI/src/bd/system/ipshared/0ba0/hdl/axi_lite_ipif_v3_0_vh_rfs.vhd:1534]
INFO: [Synth 8-256] done synthesizing module 'pselect_f__parameterized12' (1#1) [d:/Vivado_workspace/vivado2016.4/Genesys-2-HDMI-2016.4-5/Genesys-2-HDMI/src/bd/system/ipshared/0ba0/hdl/axi_lite_ipif_v3_0_vh_rfs.vhd:1534]
INFO: [Synth 8-638] synthesizing module 'pselect_f__parameterized13' [d:/Vivado_workspace/vivado2016.4/Genesys-2-HDMI-2016.4-5/Genesys-2-HDMI/src/bd/system/ipshared/0ba0/hdl/axi_lite_ipif_v3_0_vh_rfs.vhd:1534]
INFO: [Synth 8-256] done synthesizing module 'pselect_f__parameterized13' (1#1) [d:/Vivado_workspace/vivado2016.4/Genesys-2-HDMI-2016.4-5/Genesys-2-HDMI/src/bd/system/ipshared/0ba0/hdl/axi_lite_ipif_v3_0_vh_rfs.vhd:1534]
INFO: [Synth 8-638] synthesizing module 'pselect_f__parameterized14' [d:/Vivado_workspace/vivado2016.4/Genesys-2-HDMI-2016.4-5/Genesys-2-HDMI/src/bd/system/ipshared/0ba0/hdl/axi_lite_ipif_v3_0_vh_rfs.vhd:1534]
INFO: [Synth 8-256] done synthesizing module 'pselect_f__parameterized14' (1#1) [d:/Vivado_workspace/vivado2016.4/Genesys-2-HDMI-2016.4-5/Genesys-2-HDMI/src/bd/system/ipshared/0ba0/hdl/axi_lite_ipif_v3_0_vh_rfs.vhd:1534]
INFO: [Synth 8-638] synthesizing module 'pselect_f__parameterized15' [d:/Vivado_workspace/vivado2016.4/Genesys-2-HDMI-2016.4-5/Genesys-2-HDMI/src/bd/system/ipshared/0ba0/hdl/axi_lite_ipif_v3_0_vh_rfs.vhd:1534]
INFO: [Synth 8-256] done synthesizing module 'pselect_f__parameterized15' (1#1) [d:/Vivado_workspace/vivado2016.4/Genesys-2-HDMI-2016.4-5/Genesys-2-HDMI/src/bd/system/ipshared/0ba0/hdl/axi_lite_ipif_v3_0_vh_rfs.vhd:1534]
INFO: [Synth 8-638] synthesizing module 'pselect_f__parameterized16' [d:/Vivado_workspace/vivado2016.4/Genesys-2-HDMI-2016.4-5/Genesys-2-HDMI/src/bd/system/ipshared/0ba0/hdl/axi_lite_ipif_v3_0_vh_rfs.vhd:1534]
INFO: [Synth 8-256] done synthesizing module 'pselect_f__parameterized16' (1#1) [d:/Vivado_workspace/vivado2016.4/Genesys-2-HDMI-2016.4-5/Genesys-2-HDMI/src/bd/system/ipshared/0ba0/hdl/axi_lite_ipif_v3_0_vh_rfs.vhd:1534]
INFO: [Synth 8-638] synthesizing module 'pselect_f__parameterized17' [d:/Vivado_workspace/vivado2016.4/Genesys-2-HDMI-2016.4-5/Genesys-2-HDMI/src/bd/system/ipshared/0ba0/hdl/axi_lite_ipif_v3_0_vh_rfs.vhd:1534]
INFO: [Synth 8-256] done synthesizing module 'pselect_f__parameterized17' (1#1) [d:/Vivado_workspace/vivado2016.4/Genesys-2-HDMI-2016.4-5/Genesys-2-HDMI/src/bd/system/ipshared/0ba0/hdl/axi_lite_ipif_v3_0_vh_rfs.vhd:1534]
INFO: [Synth 8-638] synthesizing module 'pselect_f__parameterized18' [d:/Vivado_workspace/vivado2016.4/Genesys-2-HDMI-2016.4-5/Genesys-2-HDMI/src/bd/system/ipshared/0ba0/hdl/axi_lite_ipif_v3_0_vh_rfs.vhd:1534]
INFO: [Synth 8-256] done synthesizing module 'pselect_f__parameterized18' (1#1) [d:/Vivado_workspace/vivado2016.4/Genesys-2-HDMI-2016.4-5/Genesys-2-HDMI/src/bd/system/ipshared/0ba0/hdl/axi_lite_ipif_v3_0_vh_rfs.vhd:1534]
INFO: [Synth 8-638] synthesizing module 'pselect_f__parameterized19' [d:/Vivado_workspace/vivado2016.4/Genesys-2-HDMI-2016.4-5/Genesys-2-HDMI/src/bd/system/ipshared/0ba0/hdl/axi_lite_ipif_v3_0_vh_rfs.vhd:1534]
INFO: [Synth 8-256] done synthesizing module 'pselect_f__parameterized19' (1#1) [d:/Vivado_workspace/vivado2016.4/Genesys-2-HDMI-2016.4-5/Genesys-2-HDMI/src/bd/system/ipshared/0ba0/hdl/axi_lite_ipif_v3_0_vh_rfs.vhd:1534]
INFO: [Synth 8-638] synthesizing module 'pselect_f__parameterized20' [d:/Vivado_workspace/vivado2016.4/Genesys-2-HDMI-2016.4-5/Genesys-2-HDMI/src/bd/system/ipshared/0ba0/hdl/axi_lite_ipif_v3_0_vh_rfs.vhd:1534]
INFO: [Synth 8-256] done synthesizing module 'pselect_f__parameterized20' (1#1) [d:/Vivado_workspace/vivado2016.4/Genesys-2-HDMI-2016.4-5/Genesys-2-HDMI/src/bd/system/ipshared/0ba0/hdl/axi_lite_ipif_v3_0_vh_rfs.vhd:1534]
INFO: [Synth 8-256] done synthesizing module 'address_decoder' (2#1) [d:/Vivado_workspace/vivado2016.4/Genesys-2-HDMI-2016.4-5/Genesys-2-HDMI/src/bd/system/ipshared/0ba0/hdl/axi_lite_ipif_v3_0_vh_rfs.vhd:1775]
INFO: [Synth 8-256] done synthesizing module 'slave_attachment' (3#1) [d:/Vivado_workspace/vivado2016.4/Genesys-2-HDMI-2016.4-5/Genesys-2-HDMI/src/bd/system/ipshared/0ba0/hdl/axi_lite_ipif_v3_0_vh_rfs.vhd:2341]
INFO: [Synth 8-256] done synthesizing module 'axi_lite_ipif' (4#1) [d:/Vivado_workspace/vivado2016.4/Genesys-2-HDMI-2016.4-5/Genesys-2-HDMI/src/bd/system/ipshared/0ba0/hdl/axi_lite_ipif_v3_0_vh_rfs.vhd:2948]
INFO: [Synth 8-638] synthesizing module 'interrupt_control' [d:/Vivado_workspace/vivado2016.4/Genesys-2-HDMI-2016.4-5/Genesys-2-HDMI/src/bd/system/ipshared/e956/hdl/interrupt_control_v3_1_vh_rfs.vhd:259]
INFO: [Synth 8-256] done synthesizing module 'interrupt_control' (5#1) [d:/Vivado_workspace/vivado2016.4/Genesys-2-HDMI-2016.4-5/Genesys-2-HDMI/src/bd/system/ipshared/e956/hdl/interrupt_control_v3_1_vh_rfs.vhd:259]
INFO: [Synth 8-638] synthesizing module 'GPIO_Core' [d:/Vivado_workspace/vivado2016.4/Genesys-2-HDMI-2016.4-5/Genesys-2-HDMI/src/bd/system/ipshared/4f16/hdl/axi_gpio_v2_0_vh_rfs.vhd:173]
INFO: [Synth 8-638] synthesizing module 'cdc_sync' [d:/Vivado_workspace/vivado2016.4/Genesys-2-HDMI-2016.4-5/Genesys-2-HDMI/src/bd/system/ipshared/52cb/hdl/lib_cdc_v1_0_rfs.vhd:106]
INFO: [Synth 8-256] done synthesizing module 'cdc_sync' (6#1) [d:/Vivado_workspace/vivado2016.4/Genesys-2-HDMI-2016.4-5/Genesys-2-HDMI/src/bd/system/ipshared/52cb/hdl/lib_cdc_v1_0_rfs.vhd:106]
INFO: [Synth 8-256] done synthesizing module 'GPIO_Core' (7#1) [d:/Vivado_workspace/vivado2016.4/Genesys-2-HDMI-2016.4-5/Genesys-2-HDMI/src/bd/system/ipshared/4f16/hdl/axi_gpio_v2_0_vh_rfs.vhd:173]
INFO: [Synth 8-256] done synthesizing module 'axi_gpio' (8#1) [d:/Vivado_workspace/vivado2016.4/Genesys-2-HDMI-2016.4-5/Genesys-2-HDMI/src/bd/system/ipshared/4f16/hdl/axi_gpio_v2_0_vh_rfs.vhd:1091]
INFO: [Synth 8-256] done synthesizing module 'system_axi_gpio_0_0' (9#1) [d:/Vivado_workspace/vivado2016.4/Genesys-2-HDMI-2016.4-5/Genesys-2-HDMI/src/bd/system/ip/system_axi_gpio_0_0/synth/system_axi_gpio_0_0.vhd:86]
Finished RTL Elaboration : Time (s): cpu = 00:00:10 ; elapsed = 00:00:16 . Memory (MB): peak = 377.754 ; gain = 167.598
Finished RTL Optimization Phase 1 : Time (s): cpu = 00:00:10 ; elapsed = 00:00:16 . Memory (MB): peak = 377.754 ; gain = 167.598
INFO: [Device 21-403] Loading part xc7k325tffg900-2
Constraint Validation Runtime : Time (s): cpu = 00:00:00 ; elapsed = 00:00:00.031 . Memory (MB): peak = 721.941 ; gain = 0.039
Finished Constraint Validation : Time (s): cpu = 00:00:21 ; elapsed = 00:00:28 . Memory (MB): peak = 721.941 ; gain = 511.785
Finished Loading Part and Timing Information : Time (s): cpu = 00:00:21 ; elapsed = 00:00:28 . Memory (MB): peak = 721.941 ; gain = 511.785
Finished applying 'set_property' XDC Constraints : Time (s): cpu = 00:00:21 ; elapsed = 00:00:28 . Memory (MB): peak = 721.941 ; gain = 511.785
Finished RTL Optimization Phase 2 : Time (s): cpu = 00:00:22 ; elapsed = 00:00:29 . Memory (MB): peak = 721.941 ; gain = 511.785
Finished Cross Boundary and Area Optimization : Time (s): cpu = 00:00:22 ; elapsed = 00:00:29 . Memory (MB): peak = 721.941 ; gain = 511.785
Finished Applying XDC Timing Constraints : Time (s): cpu = 00:00:32 ; elapsed = 00:00:39 . Memory (MB): peak = 721.941 ; gain = 511.785
Finished Timing Optimization : Time (s): cpu = 00:00:32 ; elapsed = 00:00:39 . Memory (MB): peak = 721.941 ; gain = 511.785
Finished Technology Mapping : Time (s): cpu = 00:00:32 ; elapsed = 00:00:39 . Memory (MB): peak = 721.941 ; gain = 511.785
Finished IO Insertion : Time (s): cpu = 00:00:32 ; elapsed = 00:00:40 . Memory (MB): peak = 721.941 ; gain = 511.785
Finished Renaming Generated Instances : Time (s): cpu = 00:00:32 ; elapsed = 00:00:40 . Memory (MB): peak = 721.941 ; gain = 511.785
Finished Rebuilding User Hierarchy : Time (s): cpu = 00:00:32 ; elapsed = 00:00:40 . Memory (MB): peak = 721.941 ; gain = 511.785
Finished Renaming Generated Ports : Time (s): cpu = 00:00:32 ; elapsed = 00:00:40 . Memory (MB): peak = 721.941 ; gain = 511.785
Finished Handling Custom Attributes : Time (s): cpu = 00:00:32 ; elapsed = 00:00:40 . Memory (MB): peak = 721.941 ; gain = 511.785
Finished Renaming Generated Nets : Time (s): cpu = 00:00:32 ; elapsed = 00:00:40 . Memory (MB): peak = 721.941 ; gain = 511.785

Report Cell Usage: 
+------+-----+------+
|      |Cell |Count |
+------+-----+------+
|1     |LUT1 |     2|
|2     |LUT2 |     5|
|3     |LUT3 |     8|
|4     |LUT4 |    13|
|5     |LUT5 |    23|
|6     |LUT6 |    34|
|7     |FDR  |     8|
|8     |FDRE |    72|
|9     |FDSE |     6|
+------+-----+------+
Finished Writing Synthesis Report : Time (s): cpu = 00:00:32 ; elapsed = 00:00:40 . Memory (MB): peak = 721.941 ; gain = 511.785
synth_design: Time (s): cpu = 00:00:30 ; elapsed = 00:00:33 . Memory (MB): peak = 721.941 ; gain = 468.070
