
*** Running vivado
    with args -log system_mdm_1_0.vds -m64 -product Vivado -mode batch -messageDb vivado.pb -notrace -source system_mdm_1_0.tcl


****** Vivado v2016.4 (64-bit)
  **** SW Build 1756540 on Mon Jan 23 19:11:23 MST 2017
  **** IP Build 1755317 on Mon Jan 23 20:30:07 MST 2017
    ** Copyright 1986-2016 Xilinx, Inc. All Rights Reserved.

source system_mdm_1_0.tcl -notrace
Starting RTL Elaboration : Time (s): cpu = 00:00:07 ; elapsed = 00:00:12 . Memory (MB): peak = 340.398 ; gain = 130.285
INFO: [Synth 8-638] synthesizing module 'system_mdm_1_0' [d:/Vivado_workspace/vivado2016.4/Genesys-2-HDMI-2016.4-5/Genesys-2-HDMI/src/bd/system/ip/system_mdm_1_0/synth/system_mdm_1_0.vhd:74]
INFO: [Synth 8-638] synthesizing module 'MDM' [d:/Vivado_workspace/vivado2016.4/Genesys-2-HDMI-2016.4-5/Genesys-2-HDMI/src/bd/system/ipshared/71de/hdl/mdm_v3_2_vh_rfs.vhd:13311]
INFO: [Synth 8-638] synthesizing module 'MB_BSCANE2' [d:/Vivado_workspace/vivado2016.4/Genesys-2-HDMI-2016.4-5/Genesys-2-HDMI/src/bd/system/ipshared/71de/hdl/mdm_v3_2_vh_rfs.vhd:277]
INFO: [Synth 8-256] done synthesizing module 'MB_BSCANE2' (1#1) [d:/Vivado_workspace/vivado2016.4/Genesys-2-HDMI-2016.4-5/Genesys-2-HDMI/src/bd/system/ipshared/71de/hdl/mdm_v3_2_vh_rfs.vhd:277]
INFO: [Synth 8-638] synthesizing module 'MB_BUFG' [d:/Vivado_workspace/vivado2016.4/Genesys-2-HDMI-2016.4-5/Genesys-2-HDMI/src/bd/system/ipshared/71de/hdl/mdm_v3_2_vh_rfs.vhd:328]
INFO: [Synth 8-256] done synthesizing module 'MB_BUFG' (2#1) [d:/Vivado_workspace/vivado2016.4/Genesys-2-HDMI-2016.4-5/Genesys-2-HDMI/src/bd/system/ipshared/71de/hdl/mdm_v3_2_vh_rfs.vhd:328]
INFO: [Synth 8-638] synthesizing module 'MDM_Core' [d:/Vivado_workspace/vivado2016.4/Genesys-2-HDMI-2016.4-5/Genesys-2-HDMI/src/bd/system/ipshared/71de/hdl/mdm_v3_2_vh_rfs.vhd:6525]
INFO: [Synth 8-638] synthesizing module 'JTAG_CONTROL' [d:/Vivado_workspace/vivado2016.4/Genesys-2-HDMI-2016.4-5/Genesys-2-HDMI/src/bd/system/ipshared/71de/hdl/mdm_v3_2_vh_rfs.vhd:3101]
INFO: [Synth 8-638] synthesizing module 'MB_FDC_1' [d:/Vivado_workspace/vivado2016.4/Genesys-2-HDMI-2016.4-5/Genesys-2-HDMI/src/bd/system/ipshared/71de/hdl/mdm_v3_2_vh_rfs.vhd:630]
INFO: [Synth 8-256] done synthesizing module 'MB_FDC_1' (3#1) [d:/Vivado_workspace/vivado2016.4/Genesys-2-HDMI-2016.4-5/Genesys-2-HDMI/src/bd/system/ipshared/71de/hdl/mdm_v3_2_vh_rfs.vhd:630]
INFO: [Synth 8-638] synthesizing module 'MB_FDRE_1' [d:/Vivado_workspace/vivado2016.4/Genesys-2-HDMI-2016.4-5/Genesys-2-HDMI/src/bd/system/ipshared/71de/hdl/mdm_v3_2_vh_rfs.vhd:690]
INFO: [Synth 8-256] done synthesizing module 'MB_FDRE_1' (4#1) [d:/Vivado_workspace/vivado2016.4/Genesys-2-HDMI-2016.4-5/Genesys-2-HDMI/src/bd/system/ipshared/71de/hdl/mdm_v3_2_vh_rfs.vhd:690]
INFO: [Synth 8-638] synthesizing module 'MB_SRL16E' [d:/Vivado_workspace/vivado2016.4/Genesys-2-HDMI-2016.4-5/Genesys-2-HDMI/src/bd/system/ipshared/71de/hdl/mdm_v3_2_vh_rfs.vhd:758]
INFO: [Synth 8-256] done synthesizing module 'MB_SRL16E' (5#1) [d:/Vivado_workspace/vivado2016.4/Genesys-2-HDMI-2016.4-5/Genesys-2-HDMI/src/bd/system/ipshared/71de/hdl/mdm_v3_2_vh_rfs.vhd:758]
INFO: [Synth 8-638] synthesizing module 'MB_SRL16E__parameterized1' [d:/Vivado_workspace/vivado2016.4/Genesys-2-HDMI-2016.4-5/Genesys-2-HDMI/src/bd/system/ipshared/71de/hdl/mdm_v3_2_vh_rfs.vhd:758]
INFO: [Synth 8-256] done synthesizing module 'MB_SRL16E__parameterized1' (5#1) [d:/Vivado_workspace/vivado2016.4/Genesys-2-HDMI-2016.4-5/Genesys-2-HDMI/src/bd/system/ipshared/71de/hdl/mdm_v3_2_vh_rfs.vhd:758]
INFO: [Synth 8-638] synthesizing module 'MB_SRL16E__parameterized3' [d:/Vivado_workspace/vivado2016.4/Genesys-2-HDMI-2016.4-5/Genesys-2-HDMI/src/bd/system/ipshared/71de/hdl/mdm_v3_2_vh_rfs.vhd:758]
INFO: [Synth 8-256] done synthesizing module 'MB_SRL16E__parameterized3' (5#1) [d:/Vivado_workspace/vivado2016.4/Genesys-2-HDMI-2016.4-5/Genesys-2-HDMI/src/bd/system/ipshared/71de/hdl/mdm_v3_2_vh_rfs.vhd:758]
INFO: [Synth 8-638] synthesizing module 'MB_SRL16E__parameterized5' [d:/Vivado_workspace/vivado2016.4/Genesys-2-HDMI-2016.4-5/Genesys-2-HDMI/src/bd/system/ipshared/71de/hdl/mdm_v3_2_vh_rfs.vhd:758]
INFO: [Synth 8-256] done synthesizing module 'MB_SRL16E__parameterized5' (5#1) [d:/Vivado_workspace/vivado2016.4/Genesys-2-HDMI-2016.4-5/Genesys-2-HDMI/src/bd/system/ipshared/71de/hdl/mdm_v3_2_vh_rfs.vhd:758]
INFO: [Synth 8-256] done synthesizing module 'JTAG_CONTROL' (6#1) [d:/Vivado_workspace/vivado2016.4/Genesys-2-HDMI-2016.4-5/Genesys-2-HDMI/src/bd/system/ipshared/71de/hdl/mdm_v3_2_vh_rfs.vhd:3101]
INFO: [Synth 8-256] done synthesizing module 'MDM_Core' (7#1) [d:/Vivado_workspace/vivado2016.4/Genesys-2-HDMI-2016.4-5/Genesys-2-HDMI/src/bd/system/ipshared/71de/hdl/mdm_v3_2_vh_rfs.vhd:6525]
INFO: [Synth 8-256] done synthesizing module 'MDM' (8#1) [d:/Vivado_workspace/vivado2016.4/Genesys-2-HDMI-2016.4-5/Genesys-2-HDMI/src/bd/system/ipshared/71de/hdl/mdm_v3_2_vh_rfs.vhd:13311]
INFO: [Synth 8-256] done synthesizing module 'system_mdm_1_0' (9#1) [d:/Vivado_workspace/vivado2016.4/Genesys-2-HDMI-2016.4-5/Genesys-2-HDMI/src/bd/system/ip/system_mdm_1_0/synth/system_mdm_1_0.vhd:74]
Finished RTL Elaboration : Time (s): cpu = 00:00:11 ; elapsed = 00:00:16 . Memory (MB): peak = 387.293 ; gain = 177.180
Finished RTL Optimization Phase 1 : Time (s): cpu = 00:00:11 ; elapsed = 00:00:16 . Memory (MB): peak = 387.293 ; gain = 177.180
INFO: [Device 21-403] Loading part xc7k325tffg900-2
Constraint Validation Runtime : Time (s): cpu = 00:00:00 ; elapsed = 00:00:00.016 . Memory (MB): peak = 732.410 ; gain = 0.000
Finished Constraint Validation : Time (s): cpu = 00:00:21 ; elapsed = 00:00:28 . Memory (MB): peak = 732.410 ; gain = 522.297
Finished Loading Part and Timing Information : Time (s): cpu = 00:00:21 ; elapsed = 00:00:28 . Memory (MB): peak = 732.410 ; gain = 522.297
Finished applying 'set_property' XDC Constraints : Time (s): cpu = 00:00:21 ; elapsed = 00:00:28 . Memory (MB): peak = 732.410 ; gain = 522.297
Finished RTL Optimization Phase 2 : Time (s): cpu = 00:00:22 ; elapsed = 00:00:29 . Memory (MB): peak = 732.410 ; gain = 522.297
Finished Cross Boundary and Area Optimization : Time (s): cpu = 00:00:23 ; elapsed = 00:00:30 . Memory (MB): peak = 732.410 ; gain = 522.297
Finished Applying XDC Timing Constraints : Time (s): cpu = 00:00:32 ; elapsed = 00:00:39 . Memory (MB): peak = 732.410 ; gain = 522.297
Finished Timing Optimization : Time (s): cpu = 00:00:33 ; elapsed = 00:00:40 . Memory (MB): peak = 732.410 ; gain = 522.297
Finished Technology Mapping : Time (s): cpu = 00:00:33 ; elapsed = 00:00:40 . Memory (MB): peak = 732.410 ; gain = 522.297
Finished IO Insertion : Time (s): cpu = 00:00:33 ; elapsed = 00:00:41 . Memory (MB): peak = 732.410 ; gain = 522.297
Finished Renaming Generated Instances : Time (s): cpu = 00:00:34 ; elapsed = 00:00:41 . Memory (MB): peak = 732.410 ; gain = 522.297
Finished Rebuilding User Hierarchy : Time (s): cpu = 00:00:34 ; elapsed = 00:00:41 . Memory (MB): peak = 732.410 ; gain = 522.297
Finished Renaming Generated Ports : Time (s): cpu = 00:00:34 ; elapsed = 00:00:41 . Memory (MB): peak = 732.410 ; gain = 522.297
Finished Handling Custom Attributes : Time (s): cpu = 00:00:34 ; elapsed = 00:00:41 . Memory (MB): peak = 732.410 ; gain = 522.297
Finished Renaming Generated Nets : Time (s): cpu = 00:00:34 ; elapsed = 00:00:41 . Memory (MB): peak = 732.410 ; gain = 522.297

Report Cell Usage: 
+------+--------+------+
|      |Cell    |Count |
+------+--------+------+
|1     |BSCANE2 |     1|
|2     |BUFG    |     1|
|3     |LUT1    |     3|
|4     |LUT2    |    14|
|5     |LUT3    |    29|
|6     |LUT4    |    13|
|7     |LUT5    |    16|
|8     |LUT6    |    34|
|9     |SRL16E  |     7|
|10    |FDCE    |   100|
|11    |FDC_1   |     1|
|12    |FDPE    |     7|
|13    |FDRE    |     3|
|14    |FDRE_1  |     1|
+------+--------+------+
Finished Writing Synthesis Report : Time (s): cpu = 00:00:34 ; elapsed = 00:00:41 . Memory (MB): peak = 732.410 ; gain = 522.297
synth_design: Time (s): cpu = 00:00:35 ; elapsed = 00:00:39 . Memory (MB): peak = 1218.586 ; gain = 956.277
